#
# There is insufficient memory for the Java Runtime Environment to continue.
# Native memory allocation (mmap) failed to map 65536 bytes for Failed to commit metaspace.
# Possible reasons:
#   The system is out of physical RAM or swap space
#   The process is running with CompressedOops enabled, and the Java Heap may be blocking the growth of the native heap
# Possible solutions:
#   Reduce memory load on the system
#   Increase physical memory or swap space
#   Check if swap backing store is full
#   Decrease Java heap size (-Xmx/-Xms)
#   Decrease number of Java threads
#   Decrease Java thread stack sizes (-Xss)
#   Set larger code cache with -XX:ReservedCodeCacheSize=
#   JVM is running with Unscaled Compressed Oops mode in which the Java heap is
#     placed in the first 4GB address space. The Java Heap base address is the
#     maximum limit for the native heap growth. Please use -XX:HeapBaseMinAddress
#     to set the Java Heap base and to place the Java Heap above 4GB virtual address.
# This output file may be truncated or incomplete.
#
#  Out of Memory Error (virtualSpaceNode.cpp:110), pid=13136, tid=13704
#
# JRE version: OpenJDK Runtime Environment Temurin-17.0.4.1+1 (17.0.4.1+1) (build 17.0.4.1+1)
# Java VM: OpenJDK 64-Bit Server VM Temurin-17.0.4.1+1 (17.0.4.1+1, mixed mode, tiered, compressed oops, compressed class ptrs, g1 gc, windows-amd64)
# No core dump will be written. Minidumps are not enabled by default on client versions of Windows
#

---------------  S U M M A R Y ------------

Command Line: -Dfile.encoding=UTF-8 --module-path=C:\Eclipse\workspace\OrdenamientoBurbuja\bin -XX:+ShowCodeDetailsInExceptionMessages -Djdk.module.main=OrdenamientoBurbuja OrdenamientoBurbuja/test.Burbuja

Host: AMD Athlon Silver 3050U with Radeon Graphics   , 2 cores, 3G,  Windows 10 , 64 bit Build 19041 (10.0.19041.2364)
Time: Tue Feb 21 14:14:56 2023 Hora est. Pacífico, Sudamérica elapsed time: 0.883370 seconds (0d 0h 0m 0s)

---------------  T H R E A D  ---------------

Current thread (0x0000022b50f9c4c0):  JavaThread "main" [_thread_in_vm, id=13704, stack(0x0000005b08300000,0x0000005b08400000)]

Stack: [0x0000005b08300000,0x0000005b08400000]
Native frames: (J=compiled Java code, j=interpreted, Vv=VM code, C=native code)
V  [jvm.dll+0x67731a]
V  [jvm.dll+0x832284]
V  [jvm.dll+0x833a2e]
V  [jvm.dll+0x834093]
V  [jvm.dll+0x245775]
V  [jvm.dll+0x82e22b]
V  [jvm.dll+0x61bdf6]
V  [jvm.dll+0x61be5a]
V  [jvm.dll+0x61e67a]
V  [jvm.dll+0x61c796]
V  [jvm.dll+0x36ba22]
V  [jvm.dll+0x1e227b]
V  [jvm.dll+0x53c939]
V  [jvm.dll+0x7ad2bd]
V  [jvm.dll+0x7ad21a]
V  [jvm.dll+0x40d374]
V  [jvm.dll+0x420c6b]
C  [java.dll+0x1657]

Java frames: (J=compiled Java code, j=interpreted, Vv=VM code)
j  java.lang.ClassLoader.defineClass0(Ljava/lang/ClassLoader;Ljava/lang/Class;Ljava/lang/String;[BIILjava/security/ProtectionDomain;ZILjava/lang/Object;)Ljava/lang/Class;+0 java.base@17.0.4.1
j  java.lang.System$2.defineClass(Ljava/lang/ClassLoader;Ljava/lang/Class;Ljava/lang/String;[BLjava/security/ProtectionDomain;ZILjava/lang/Object;)Ljava/lang/Class;+17 java.base@17.0.4.1
j  java.lang.invoke.MethodHandles$Lookup$ClassDefiner.defineClass(ZLjava/lang/Object;)Ljava/lang/Class;+54 java.base@17.0.4.1
j  java.lang.invoke.MethodHandles$Lookup$ClassDefiner.defineClassAsLookup(Z)Ljava/lang/invoke/MethodHandles$Lookup;+3 java.base@17.0.4.1
j  java.lang.invoke.MethodHandles$Lookup.defineHiddenClass([BZ[Ljava/lang/invoke/MethodHandles$Lookup$ClassOption;)Ljava/lang/invoke/MethodHandles$Lookup;+65 java.base@17.0.4.1
j  java.lang.invoke.InnerClassLambdaMetafactory.generateInnerClass()Ljava/lang/Class;+580 java.base@17.0.4.1
j  java.lang.invoke.InnerClassLambdaMetafactory.spinInnerClass()Ljava/lang/Class;+107 java.base@17.0.4.1
j  java.lang.invoke.InnerClassLambdaMetafactory.buildCallSite()Ljava/lang/invoke/CallSite;+1 java.base@17.0.4.1
j  java.lang.invoke.LambdaMetafactory.metafactory(Ljava/lang/invoke/MethodHandles$Lookup;Ljava/lang/String;Ljava/lang/invoke/MethodType;Ljava/lang/invoke/MethodType;Ljava/lang/invoke/MethodHandle;Ljava/lang/invoke/MethodType;)Ljava/lang/invoke/CallSite;+67 java.base@17.0.4.1
j  java.lang.invoke.DirectMethodHandle$Holder.invokeStatic(Ljava/lang/Object;Ljava/lang/Object;Ljava/lang/Object;Ljava/lang/Object;Ljava/lang/Object;Ljava/lang/Object;Ljava/lang/Object;)Ljava/lang/Object;+20 java.base@17.0.4.1
j  java.lang.invoke.Invokers$Holder.invokeExact_MT(Ljava/lang/Object;Ljava/lang/Object;Ljava/lang/Object;Ljava/lang/Object;Ljava/lang/Object;Ljava/lang/Object;Ljava/lang/Object;Ljava/lang/Object;)Ljava/lang/Object;+28 java.base@17.0.4.1
j  java.lang.invoke.BootstrapMethodInvoker.invoke(Ljava/lang/Class;Ljava/lang/invoke/MethodHandle;Ljava/lang/String;Ljava/lang/Object;Ljava/lang/Object;Ljava/lang/Class;)Ljava/lang/Object;+319 java.base@17.0.4.1
j  java.lang.invoke.CallSite.makeSite(Ljava/lang/invoke/MethodHandle;Ljava/lang/String;Ljava/lang/invoke/MethodType;Ljava/lang/Object;Ljava/lang/Class;)Ljava/lang/invoke/CallSite;+8 java.base@17.0.4.1
j  java.lang.invoke.MethodHandleNatives.linkCallSiteImpl(Ljava/lang/Class;Ljava/lang/invoke/MethodHandle;Ljava/lang/String;Ljava/lang/invoke/MethodType;Ljava/lang/Object;[Ljava/lang/Object;)Ljava/lang/invoke/MemberName;+6 java.base@17.0.4.1
j  java.lang.invoke.MethodHandleNatives.linkCallSite(Ljava/lang/Object;ILjava/lang/Object;Ljava/lang/Object;Ljava/lang/Object;Ljava/lang/Object;[Ljava/lang/Object;)Ljava/lang/invoke/MemberName;+46 java.base@17.0.4.1
v  ~StubRoutines::call_stub
j  javax.swing.plaf.basic.BasicLookAndFeel.initComponentDefaults(Ljavax/swing/UIDefaults;)V+319 java.desktop@17.0.4.1
j  javax.swing.plaf.metal.MetalLookAndFeel.initComponentDefaults(Ljavax/swing/UIDefaults;)V+2 java.desktop@17.0.4.1
j  javax.swing.plaf.basic.BasicLookAndFeel.getDefaults()Ljavax/swing/UIDefaults;+25 java.desktop@17.0.4.1
j  javax.swing.plaf.metal.MetalLookAndFeel.getDefaults()Ljavax/swing/UIDefaults;+9 java.desktop@17.0.4.1
j  javax.swing.UIManager.setLookAndFeel(Ljavax/swing/LookAndFeel;)V+66 java.desktop@17.0.4.1
j  javax.swing.UIManager.setLookAndFeel(Ljava/lang/String;)V+16 java.desktop@17.0.4.1
j  javax.swing.UIManager.initializeDefaultLAF(Ljava/util/Properties;)V+58 java.desktop@17.0.4.1
j  javax.swing.UIManager.initialize()V+9 java.desktop@17.0.4.1
j  javax.swing.UIManager.maybeInitialize()V+22 java.desktop@17.0.4.1
j  javax.swing.UIManager.getDefaults()Ljavax/swing/UIDefaults;+0 java.desktop@17.0.4.1
j  javax.swing.UIManager.getString(Ljava/lang/Object;Ljava/util/Locale;)Ljava/lang/String;+0 java.desktop@17.0.4.1
j  javax.swing.UIManager.getString(Ljava/lang/Object;Ljava/awt/Component;)Ljava/lang/String;+17 java.desktop@17.0.4.1
j  javax.swing.JOptionPane.showMessageDialog(Ljava/awt/Component;Ljava/lang/Object;)V+5 java.desktop@17.0.4.1
j  test.Burbuja.readArray([I)V+45 OrdenamientoBurbuja
j  test.Burbuja.main([Ljava/lang/String;)V+72 OrdenamientoBurbuja
v  ~StubRoutines::call_stub

---------------  P R O C E S S  ---------------

Threads class SMR info:
_java_thread_list=0x0000022b686cac70, length=15, elements={
0x0000022b50f9c4c0, 0x0000022b6768f650, 0x0000022b67694910, 0x0000022b676deab0,
0x0000022b676df370, 0x0000022b676dfd20, 0x0000022b676e16e0, 0x0000022b676e23c0,
0x0000022b68136320, 0x0000022b681393b0, 0x0000022b68227940, 0x0000022b6832d100,
0x0000022b6851dea0, 0x0000022b6851e370, 0x0000022b6851e840
}

Java Threads: ( => current thread )
=>0x0000022b50f9c4c0 JavaThread "main" [_thread_in_vm, id=13704, stack(0x0000005b08300000,0x0000005b08400000)]
  0x0000022b6768f650 JavaThread "Reference Handler" daemon [_thread_blocked, id=13916, stack(0x0000005b08a00000,0x0000005b08b00000)]
  0x0000022b67694910 JavaThread "Finalizer" daemon [_thread_blocked, id=7284, stack(0x0000005b08b00000,0x0000005b08c00000)]
  0x0000022b676deab0 JavaThread "Signal Dispatcher" daemon [_thread_blocked, id=1444, stack(0x0000005b08c00000,0x0000005b08d00000)]
  0x0000022b676df370 JavaThread "Attach Listener" daemon [_thread_blocked, id=9532, stack(0x0000005b08d00000,0x0000005b08e00000)]
  0x0000022b676dfd20 JavaThread "Service Thread" daemon [_thread_blocked, id=11684, stack(0x0000005b08e00000,0x0000005b08f00000)]
  0x0000022b676e16e0 JavaThread "Monitor Deflation Thread" daemon [_thread_blocked, id=13084, stack(0x0000005b08f00000,0x0000005b09000000)]
  0x0000022b676e23c0 JavaThread "C2 CompilerThread0" daemon [_thread_blocked, id=2572, stack(0x0000005b09000000,0x0000005b09100000)]
  0x0000022b68136320 JavaThread "C1 CompilerThread0" daemon [_thread_in_vm, id=2716, stack(0x0000005b09100000,0x0000005b09200000)]
  0x0000022b681393b0 JavaThread "Sweeper thread" daemon [_thread_blocked, id=704, stack(0x0000005b09200000,0x0000005b09300000)]
  0x0000022b68227940 JavaThread "Common-Cleaner" daemon [_thread_blocked, id=8304, stack(0x0000005b09300000,0x0000005b09400000)]
  0x0000022b6832d100 JavaThread "Notification Thread" daemon [_thread_blocked, id=5476, stack(0x0000005b09400000,0x0000005b09500000)]
  0x0000022b6851dea0 JavaThread "Java2D Disposer" daemon [_thread_blocked, id=7292, stack(0x0000005b09600000,0x0000005b09700000)]
  0x0000022b6851e370 JavaThread "AWT-Shutdown" [_thread_blocked, id=5728, stack(0x0000005b09700000,0x0000005b09800000)]
  0x0000022b6851e840 JavaThread "AWT-Windows" daemon [_thread_in_native, id=5680, stack(0x0000005b09800000,0x0000005b09900000)]

Other Threads:
  0x0000022b5105e790 VMThread "VM Thread" [stack: 0x0000005b08900000,0x0000005b08a00000] [id=10372]
  0x0000022b6832d5d0 WatcherThread [stack: 0x0000005b09500000,0x0000005b09600000] [id=5384]
  0x0000022b50fd4960 GCTaskThread "GC Thread#0" [stack: 0x0000005b08400000,0x0000005b08500000] [id=2276]
  0x0000022b50fdc4e0 ConcurrentGCThread "G1 Main Marker" [stack: 0x0000005b08500000,0x0000005b08600000] [id=11256]
  0x0000022b50fdcef0 ConcurrentGCThread "G1 Conc#0" [stack: 0x0000005b08600000,0x0000005b08700000] [id=12208]
  0x0000022b5100f620 ConcurrentGCThread "G1 Refine#0" [stack: 0x0000005b08700000,0x0000005b08800000] [id=13480]
  0x0000022b51010040 ConcurrentGCThread "G1 Service" [stack: 0x0000005b08800000,0x0000005b08900000] [id=4836]

Threads with active compile tasks:
C1 CompilerThread0     1023  382       3       sun.invoke.util.VerifyAccess::isClassAccessible (230 bytes)

VM state: not at safepoint (normal execution)

VM Mutex/Monitor currently owned by a thread:  ([mutex/lock_event])
[0x0000022b4ef6ad80] Metaspace_lock - owner thread: 0x0000022b50f9c4c0
[0x0000022b50f97720] MethodData_lock - owner thread: 0x0000022b68136320

Heap address: 0x00000000c9e00000, size: 866 MB, Compressed Oops mode: 32-bit

CDS archive(s) not mapped
Compressed class space mapped at: 0x0000000100000000-0x0000000140000000, reserved size: 1073741824
Narrow klass base: 0x0000000000000000, Narrow klass shift: 3, Narrow klass range: 0x140000000

GC Precious Log:
 CPUs: 2 total, 2 available
 Memory: 3460M
 Large Page Support: Disabled
 NUMA Support: Disabled
 Compressed Oops: Enabled (32-bit)
 Heap Region Size: 1M
 Heap Min Capacity: 8M
 Heap Initial Capacity: 56M
 Heap Max Capacity: 866M
 Pre-touch: Disabled
 Parallel Workers: 2
 Concurrent Workers: 1
 Concurrent Refinement Workers: 2
 Periodic GC: Disabled

Heap:
 garbage-first heap   total 57344K, used 2048K [0x00000000c9e00000, 0x0000000100000000)
  region size 1024K, 3 young (3072K), 0 survivors (0K)
 Metaspace       used 9461K, committed 9600K, reserved 1064960K
  class space    used 846K, committed 896K, reserved 1048576K

Heap Regions: E=young(eden), S=young(survivor), O=old, HS=humongous(starts), HC=humongous(continues), CS=collection set, F=free, OA=open archive, CA=closed archive, TAMS=top-at-mark-start (previous, next)
|   0|0x00000000c9e00000, 0x00000000c9e00000, 0x00000000c9f00000|  0%| F|  |TAMS 0x00000000c9e00000, 0x00000000c9e00000| Untracked 
|   1|0x00000000c9f00000, 0x00000000c9f00000, 0x00000000ca000000|  0%| F|  |TAMS 0x00000000c9f00000, 0x00000000c9f00000| Untracked 
|   2|0x00000000ca000000, 0x00000000ca000000, 0x00000000ca100000|  0%| F|  |TAMS 0x00000000ca000000, 0x00000000ca000000| Untracked 
|   3|0x00000000ca100000, 0x00000000ca100000, 0x00000000ca200000|  0%| F|  |TAMS 0x00000000ca100000, 0x00000000ca100000| Untracked 
|   4|0x00000000ca200000, 0x00000000ca200000, 0x00000000ca300000|  0%| F|  |TAMS 0x00000000ca200000, 0x00000000ca200000| Untracked 
|   5|0x00000000ca300000, 0x00000000ca300000, 0x00000000ca400000|  0%| F|  |TAMS 0x00000000ca300000, 0x00000000ca300000| Untracked 
|   6|0x00000000ca400000, 0x00000000ca400000, 0x00000000ca500000|  0%| F|  |TAMS 0x00000000ca400000, 0x00000000ca400000| Untracked 
|   7|0x00000000ca500000, 0x00000000ca500000, 0x00000000ca600000|  0%| F|  |TAMS 0x00000000ca500000, 0x00000000ca500000| Untracked 
|   8|0x00000000ca600000, 0x00000000ca600000, 0x00000000ca700000|  0%| F|  |TAMS 0x00000000ca600000, 0x00000000ca600000| Untracked 
|   9|0x00000000ca700000, 0x00000000ca700000, 0x00000000ca800000|  0%| F|  |TAMS 0x00000000ca700000, 0x00000000ca700000| Untracked 
|  10|0x00000000ca800000, 0x00000000ca800000, 0x00000000ca900000|  0%| F|  |TAMS 0x00000000ca800000, 0x00000000ca800000| Untracked 
|  11|0x00000000ca900000, 0x00000000ca900000, 0x00000000caa00000|  0%| F|  |TAMS 0x00000000ca900000, 0x00000000ca900000| Untracked 
|  12|0x00000000caa00000, 0x00000000caa00000, 0x00000000cab00000|  0%| F|  |TAMS 0x00000000caa00000, 0x00000000caa00000| Untracked 
|  13|0x00000000cab00000, 0x00000000cab00000, 0x00000000cac00000|  0%| F|  |TAMS 0x00000000cab00000, 0x00000000cab00000| Untracked 
|  14|0x00000000cac00000, 0x00000000cac00000, 0x00000000cad00000|  0%| F|  |TAMS 0x00000000cac00000, 0x00000000cac00000| Untracked 
|  15|0x00000000cad00000, 0x00000000cad00000, 0x00000000cae00000|  0%| F|  |TAMS 0x00000000cad00000, 0x00000000cad00000| Untracked 
|  16|0x00000000cae00000, 0x00000000cae00000, 0x00000000caf00000|  0%| F|  |TAMS 0x00000000cae00000, 0x00000000cae00000| Untracked 
|  17|0x00000000caf00000, 0x00000000caf00000, 0x00000000cb000000|  0%| F|  |TAMS 0x00000000caf00000, 0x00000000caf00000| Untracked 
|  18|0x00000000cb000000, 0x00000000cb000000, 0x00000000cb100000|  0%| F|  |TAMS 0x00000000cb000000, 0x00000000cb000000| Untracked 
|  19|0x00000000cb100000, 0x00000000cb100000, 0x00000000cb200000|  0%| F|  |TAMS 0x00000000cb100000, 0x00000000cb100000| Untracked 
|  20|0x00000000cb200000, 0x00000000cb200000, 0x00000000cb300000|  0%| F|  |TAMS 0x00000000cb200000, 0x00000000cb200000| Untracked 
|  21|0x00000000cb300000, 0x00000000cb300000, 0x00000000cb400000|  0%| F|  |TAMS 0x00000000cb300000, 0x00000000cb300000| Untracked 
|  22|0x00000000cb400000, 0x00000000cb400000, 0x00000000cb500000|  0%| F|  |TAMS 0x00000000cb400000, 0x00000000cb400000| Untracked 
|  23|0x00000000cb500000, 0x00000000cb500000, 0x00000000cb600000|  0%| F|  |TAMS 0x00000000cb500000, 0x00000000cb500000| Untracked 
|  24|0x00000000cb600000, 0x00000000cb600000, 0x00000000cb700000|  0%| F|  |TAMS 0x00000000cb600000, 0x00000000cb600000| Untracked 
|  25|0x00000000cb700000, 0x00000000cb700000, 0x00000000cb800000|  0%| F|  |TAMS 0x00000000cb700000, 0x00000000cb700000| Untracked 
|  26|0x00000000cb800000, 0x00000000cb800000, 0x00000000cb900000|  0%| F|  |TAMS 0x00000000cb800000, 0x00000000cb800000| Untracked 
|  27|0x00000000cb900000, 0x00000000cb900000, 0x00000000cba00000|  0%| F|  |TAMS 0x00000000cb900000, 0x00000000cb900000| Untracked 
|  28|0x00000000cba00000, 0x00000000cba00000, 0x00000000cbb00000|  0%| F|  |TAMS 0x00000000cba00000, 0x00000000cba00000| Untracked 
|  29|0x00000000cbb00000, 0x00000000cbb00000, 0x00000000cbc00000|  0%| F|  |TAMS 0x00000000cbb00000, 0x00000000cbb00000| Untracked 
|  30|0x00000000cbc00000, 0x00000000cbc00000, 0x00000000cbd00000|  0%| F|  |TAMS 0x00000000cbc00000, 0x00000000cbc00000| Untracked 
|  31|0x00000000cbd00000, 0x00000000cbd00000, 0x00000000cbe00000|  0%| F|  |TAMS 0x00000000cbd00000, 0x00000000cbd00000| Untracked 
|  32|0x00000000cbe00000, 0x00000000cbe00000, 0x00000000cbf00000|  0%| F|  |TAMS 0x00000000cbe00000, 0x00000000cbe00000| Untracked 
|  33|0x00000000cbf00000, 0x00000000cbf00000, 0x00000000cc000000|  0%| F|  |TAMS 0x00000000cbf00000, 0x00000000cbf00000| Untracked 
|  34|0x00000000cc000000, 0x00000000cc000000, 0x00000000cc100000|  0%| F|  |TAMS 0x00000000cc000000, 0x00000000cc000000| Untracked 
|  35|0x00000000cc100000, 0x00000000cc100000, 0x00000000cc200000|  0%| F|  |TAMS 0x00000000cc100000, 0x00000000cc100000| Untracked 
|  36|0x00000000cc200000, 0x00000000cc200000, 0x00000000cc300000|  0%| F|  |TAMS 0x00000000cc200000, 0x00000000cc200000| Untracked 
|  37|0x00000000cc300000, 0x00000000cc300000, 0x00000000cc400000|  0%| F|  |TAMS 0x00000000cc300000, 0x00000000cc300000| Untracked 
|  38|0x00000000cc400000, 0x00000000cc400000, 0x00000000cc500000|  0%| F|  |TAMS 0x00000000cc400000, 0x00000000cc400000| Untracked 
|  39|0x00000000cc500000, 0x00000000cc500000, 0x00000000cc600000|  0%| F|  |TAMS 0x00000000cc500000, 0x00000000cc500000| Untracked 
|  40|0x00000000cc600000, 0x00000000cc600000, 0x00000000cc700000|  0%| F|  |TAMS 0x00000000cc600000, 0x00000000cc600000| Untracked 
|  41|0x00000000cc700000, 0x00000000cc700000, 0x00000000cc800000|  0%| F|  |TAMS 0x00000000cc700000, 0x00000000cc700000| Untracked 
|  42|0x00000000cc800000, 0x00000000cc800000, 0x00000000cc900000|  0%| F|  |TAMS 0x00000000cc800000, 0x00000000cc800000| Untracked 
|  43|0x00000000cc900000, 0x00000000cc900000, 0x00000000cca00000|  0%| F|  |TAMS 0x00000000cc900000, 0x00000000cc900000| Untracked 
|  44|0x00000000cca00000, 0x00000000cca00000, 0x00000000ccb00000|  0%| F|  |TAMS 0x00000000cca00000, 0x00000000cca00000| Untracked 
|  45|0x00000000ccb00000, 0x00000000ccb00000, 0x00000000ccc00000|  0%| F|  |TAMS 0x00000000ccb00000, 0x00000000ccb00000| Untracked 
|  46|0x00000000ccc00000, 0x00000000ccc00000, 0x00000000ccd00000|  0%| F|  |TAMS 0x00000000ccc00000, 0x00000000ccc00000| Untracked 
|  47|0x00000000ccd00000, 0x00000000ccd00000, 0x00000000cce00000|  0%| F|  |TAMS 0x00000000ccd00000, 0x00000000ccd00000| Untracked 
|  48|0x00000000cce00000, 0x00000000cce00000, 0x00000000ccf00000|  0%| F|  |TAMS 0x00000000cce00000, 0x00000000cce00000| Untracked 
|  49|0x00000000ccf00000, 0x00000000ccf00000, 0x00000000cd000000|  0%| F|  |TAMS 0x00000000ccf00000, 0x00000000ccf00000| Untracked 
|  50|0x00000000cd000000, 0x00000000cd000000, 0x00000000cd100000|  0%| F|  |TAMS 0x00000000cd000000, 0x00000000cd000000| Untracked 
|  51|0x00000000cd100000, 0x00000000cd100000, 0x00000000cd200000|  0%| F|  |TAMS 0x00000000cd100000, 0x00000000cd100000| Untracked 
|  52|0x00000000cd200000, 0x00000000cd200000, 0x00000000cd300000|  0%| F|  |TAMS 0x00000000cd200000, 0x00000000cd200000| Untracked 
|  53|0x00000000cd300000, 0x00000000cd3d8138, 0x00000000cd400000| 84%| E|  |TAMS 0x00000000cd300000, 0x00000000cd300000| Complete 
|  54|0x00000000cd400000, 0x00000000cd500000, 0x00000000cd500000|100%| E|CS|TAMS 0x00000000cd400000, 0x00000000cd400000| Complete 
|  55|0x00000000cd500000, 0x00000000cd600000, 0x00000000cd600000|100%| E|CS|TAMS 0x00000000cd500000, 0x00000000cd500000| Complete 

Card table byte_map: [0x0000022b50d20000,0x0000022b50ee0000] _byte_map_base: 0x0000022b506d1000

Marking Bits (Prev, Next): (CMBitMap*) 0x0000022b50fd4f70, (CMBitMap*) 0x0000022b50fd4fb0
 Prev Bits: [0x0000022b63810000, 0x0000022b64598000)
 Next Bits: [0x0000022b645a0000, 0x0000022b65328000)

Polling page: 0x0000022b4ee60000

Metaspace:

Usage:
  Non-class:      8.41 MB used.
      Class:    846.55 KB used.
       Both:      9.24 MB used.

Virtual space:
  Non-class space:       16.00 MB reserved,       8.50 MB ( 53%) committed,  2 nodes.
      Class space:        1.00 GB reserved,     896.00 KB ( <1%) committed,  1 nodes.
             Both:        1.02 GB reserved,       9.38 MB ( <1%) committed. 

Chunk freelists:
   Non-Class:  3.00 MB
       Class:  3.09 MB
        Both:  6.09 MB

MaxMetaspaceSize: unlimited
CompressedClassSpaceSize: 1.00 GB
Initial GC threshold: 21.00 MB
Current GC threshold: 21.00 MB
CDS: off
MetaspaceReclaimPolicy: balanced
 - commit_granule_bytes: 65536.
 - commit_granule_words: 8192.
 - virtual_space_node_default_size: 1048576.
 - enlarge_chunks_in_place: 1.
 - new_chunks_are_fully_committed: 0.
 - uncommit_free_chunks: 1.
 - use_allocation_guard: 0.
 - handle_deallocations: 1.


Internal statistics:

num_allocs_failed_limit: 0.
num_arena_births: 78.
num_arena_deaths: 0.
num_vsnodes_births: 3.
num_vsnodes_deaths: 0.
num_space_committed: 150.
num_space_uncommitted: 0.
num_chunks_returned_to_freelist: 0.
num_chunks_taken_from_freelist: 120.
num_chunk_merges: 0.
num_chunk_splits: 63.
num_chunks_enlarged: 22.
num_purges: 0.
num_inconsistent_stats: 0.

CodeHeap 'non-profiled nmethods': size=120064Kb used=114Kb max_used=114Kb free=119949Kb
 bounds [0x0000022b5c110000, 0x0000022b5c380000, 0x0000022b63650000]
CodeHeap 'profiled nmethods': size=120000Kb used=522Kb max_used=522Kb free=119477Kb
 bounds [0x0000022b54be0000, 0x0000022b54e50000, 0x0000022b5c110000]
CodeHeap 'non-nmethods': size=5696Kb used=1174Kb max_used=1183Kb free=4521Kb
 bounds [0x0000022b54650000, 0x0000022b548c0000, 0x0000022b54be0000]
 total_blobs=855 nmethods=381 adapters=387
 compilation: enabled
              stopped_count=0, restarted_count=0
 full_count=0

Compilation events (20 events):
Event: 0.804 Thread 0x0000022b68136320 nmethod 373 0x0000022b54c60310 code [0x0000022b54c604c0, 0x0000022b54c60718]
Event: 0.804 Thread 0x0000022b68136320  372       1       java.util.concurrent.atomic.AtomicInteger::get (5 bytes)
Event: 0.804 Thread 0x0000022b68136320 nmethod 372 0x0000022b5c12c190 code [0x0000022b5c12c320, 0x0000022b5c12c3f8]
Event: 0.821 Thread 0x0000022b68136320  374       3       jdk.internal.org.objectweb.asm.ByteVector::putInt (74 bytes)
Event: 0.821 Thread 0x0000022b68136320 nmethod 374 0x0000022b54c60810 code [0x0000022b54c609c0, 0x0000022b54c60c28]
Event: 0.822 Thread 0x0000022b68136320  375       3       java.lang.invoke.MethodHandles$Lookup::lookupClassOrNull (17 bytes)
Event: 0.822 Thread 0x0000022b68136320 nmethod 375 0x0000022b54c60d90 code [0x0000022b54c60f20, 0x0000022b54c610b8]
Event: 0.822 Thread 0x0000022b68136320  376       3       java.lang.StringConcatHelper::prepend (37 bytes)
Event: 0.822 Thread 0x0000022b68136320 nmethod 376 0x0000022b54c61190 code [0x0000022b54c61360, 0x0000022b54c61638]
Event: 0.877 Thread 0x0000022b68136320  377       3       java.lang.ref.WeakReference::<init> (7 bytes)
Event: 0.877 Thread 0x0000022b68136320 nmethod 377 0x0000022b54c61790 code [0x0000022b54c61940, 0x0000022b54c61c18]
Event: 0.878 Thread 0x0000022b68136320  378       1       java.lang.invoke.DirectMethodHandle::internalMemberName (5 bytes)
Event: 0.878 Thread 0x0000022b68136320 nmethod 378 0x0000022b5c12c490 code [0x0000022b5c12c620, 0x0000022b5c12c6f8]
Event: 0.878 Thread 0x0000022b68136320  379       1       java.lang.invoke.MethodHandles$Lookup::previousLookupClass (5 bytes)
Event: 0.878 Thread 0x0000022b68136320 nmethod 379 0x0000022b5c12c790 code [0x0000022b5c12c920, 0x0000022b5c12c9f8]
Event: 0.878 Thread 0x0000022b68136320  380       3       jdk.internal.org.objectweb.asm.ByteVector::enlarge (51 bytes)
Event: 0.878 Thread 0x0000022b68136320 nmethod 380 0x0000022b54c61d10 code [0x0000022b54c61ec0, 0x0000022b54c621c8]
Event: 0.878 Thread 0x0000022b68136320  381       3       java.lang.StringLatin1::lastIndexOf (40 bytes)
Event: 0.879 Thread 0x0000022b68136320 nmethod 381 0x0000022b54c62310 code [0x0000022b54c624e0, 0x0000022b54c628d8]
Event: 0.879 Thread 0x0000022b68136320  382       3       sun.invoke.util.VerifyAccess::isClassAccessible (230 bytes)

GC Heap History (0 events):
No events

Deoptimization events (8 events):
Event: 0.301 Thread 0x0000022b50f9c4c0 Uncommon trap: trap_request=0xffffff45 fr.pc=0x0000022b5c11825c relative=0x000000000000005c
Event: 0.301 Thread 0x0000022b50f9c4c0 Uncommon trap: reason=unstable_if action=reinterpret pc=0x0000022b5c11825c method=java.lang.String.isLatin1()Z @ 10 c2
Event: 0.301 Thread 0x0000022b50f9c4c0 DEOPT PACKING pc=0x0000022b5c11825c sp=0x0000005b083fe2a0
Event: 0.301 Thread 0x0000022b50f9c4c0 DEOPT UNPACKING pc=0x0000022b546a23a3 sp=0x0000005b083fe230 mode 2
Event: 0.302 Thread 0x0000022b50f9c4c0 Uncommon trap: trap_request=0xffffff45 fr.pc=0x0000022b5c117ef4 relative=0x0000000000000074
Event: 0.302 Thread 0x0000022b50f9c4c0 Uncommon trap: reason=unstable_if action=reinterpret pc=0x0000022b5c117ef4 method=java.lang.String.isLatin1()Z @ 10 c2
Event: 0.302 Thread 0x0000022b50f9c4c0 DEOPT PACKING pc=0x0000022b5c117ef4 sp=0x0000005b083feca0
Event: 0.302 Thread 0x0000022b50f9c4c0 DEOPT UNPACKING pc=0x0000022b546a23a3 sp=0x0000005b083febe0 mode 2

Classes unloaded (0 events):
No events

Classes redefined (0 events):
No events

Internal exceptions (7 events):
Event: 0.245 Thread 0x0000022b50f9c4c0 Exception <a 'java/lang/NoSuchMethodError'{0x00000000cd5e9b68}: 'void java.lang.invoke.DirectMethodHandle$Holder.invokeVirtual(java.lang.Object, java.lang.Object)'> (0x00000000cd5e9b68) 
thrown [s\src\hotspot\share\interpreter\linkResolver.cpp, line 759]
Event: 0.386 Thread 0x0000022b50f9c4c0 Exception <a 'sun/nio/fs/WindowsException'{0x00000000cd498e78}> (0x00000000cd498e78) 
thrown [s\src\hotspot\share\prims\jni.cpp, line 516]
Event: 0.411 Thread 0x0000022b50f9c4c0 Exception <a 'java/lang/ClassNotFoundException'{0x00000000cd49f3f0}: sun/awt/resources/spi/awtProvider> (0x00000000cd49f3f0) 
thrown [s\src\hotspot\share\classfile\systemDictionary.cpp, line 256]
Event: 0.549 Thread 0x0000022b50f9c4c0 Exception <a 'java/io/FileNotFoundException'{0x00000000cd4f3da0}> (0x00000000cd4f3da0) 
thrown [s\src\hotspot\share\prims\jni.cpp, line 516]
Event: 0.559 Thread 0x0000022b50f9c4c0 Exception <a 'java/io/FileNotFoundException'{0x00000000cd321a50}> (0x00000000cd321a50) 
thrown [s\src\hotspot\share\prims\jni.cpp, line 516]
Event: 0.710 Thread 0x0000022b50f9c4c0 Exception <a 'java/lang/NoSuchMethodError'{0x00000000cd36b638}: 'java.lang.Object java.lang.invoke.DirectMethodHandle$Holder.invokeStaticInit(java.lang.Object)'> (0x00000000cd36b638) 
thrown [s\src\hotspot\share\interpreter\linkResolver.cpp, line 759]
Event: 0.821 Thread 0x0000022b50f9c4c0 Exception <a 'java/lang/NoSuchMethodError'{0x00000000cd3b7068}: 'void java.lang.invoke.DirectMethodHandle$Holder.invokeSpecial(java.lang.Object, java.lang.Object, java.lang.Object)'> (0x00000000cd3b7068) 
thrown [s\src\hotspot\share\interpreter\linkResolver.cpp, line 759]

VM Operations (2 events):
Event: 0.264 Executing VM operation: HandshakeAllThreads
Event: 0.264 Executing VM operation: HandshakeAllThreads done

Events (20 events):
Event: 0.873 loading class javax/swing/plaf/metal/MetalTheme
Event: 0.875 loading class javax/swing/plaf/metal/MetalTheme done
Event: 0.875 loading class javax/swing/plaf/metal/DefaultMetalTheme done
Event: 0.875 loading class javax/swing/plaf/metal/OceanTheme done
Event: 0.875 loading class javax/swing/plaf/ColorUIResource
Event: 0.876 loading class javax/swing/plaf/UIResource
Event: 0.876 loading class javax/swing/plaf/UIResource done
Event: 0.876 loading class javax/swing/plaf/ColorUIResource done
Event: 0.876 loading class sun/swing/PrintColorUIResource
Event: 0.876 loading class sun/swing/PrintColorUIResource done
Event: 0.876 loading class javax/swing/plaf/metal/DefaultMetalTheme$FontDelegate
Event: 0.876 loading class javax/swing/plaf/metal/DefaultMetalTheme$FontDelegate done
Event: 0.876 loading class javax/swing/plaf/FontUIResource
Event: 0.876 loading class javax/swing/plaf/FontUIResource done
Event: 0.877 loading class javax/swing/UIDefaults$LazyValue
Event: 0.877 loading class javax/swing/UIDefaults$LazyValue done
Event: 0.879 loading class javax/swing/UIDefaults$ActiveValue
Event: 0.879 loading class javax/swing/UIDefaults$ActiveValue done
Event: 0.879 loading class javax/swing/plaf/InsetsUIResource
Event: 0.879 loading class javax/swing/plaf/InsetsUIResource done


Dynamic libraries:
0x00007ff7e72b0000 - 0x00007ff7e72be000 	C:\Eclipse\eclipse escritorio\plugins\org.eclipse.justj.openjdk.hotspot.jre.full.win32.x86_64_17.0.4.v20220903-1038\jre\bin\javaw.exe
0x00007ffcf8010000 - 0x00007ffcf8208000 	C:\WINDOWS\SYSTEM32\ntdll.dll
0x00007ffcf6900000 - 0x00007ffcf69bf000 	C:\WINDOWS\System32\KERNEL32.DLL
0x00007ffcf59d0000 - 0x00007ffcf5ca2000 	C:\WINDOWS\System32\KERNELBASE.dll
0x00007ffcf5790000 - 0x00007ffcf5890000 	C:\WINDOWS\System32\ucrtbase.dll
0x00007ffcea9e0000 - 0x00007ffcea9f8000 	C:\Eclipse\eclipse escritorio\plugins\org.eclipse.justj.openjdk.hotspot.jre.full.win32.x86_64_17.0.4.v20220903-1038\jre\bin\jli.dll
0x00007ffcf77c0000 - 0x00007ffcf7961000 	C:\WINDOWS\System32\USER32.dll
0x00007ffcf59a0000 - 0x00007ffcf59c2000 	C:\WINDOWS\System32\win32u.dll
0x00007ffcf6590000 - 0x00007ffcf65bb000 	C:\WINDOWS\System32\GDI32.dll
0x00007ffcf5890000 - 0x00007ffcf599f000 	C:\WINDOWS\System32\gdi32full.dll
0x00007ffcf5cb0000 - 0x00007ffcf5d4d000 	C:\WINDOWS\System32\msvcp_win.dll
0x00007ffcea9c0000 - 0x00007ffcea9d9000 	C:\Eclipse\eclipse escritorio\plugins\org.eclipse.justj.openjdk.hotspot.jre.full.win32.x86_64_17.0.4.v20220903-1038\jre\bin\VCRUNTIME140.dll
0x00007ffcde180000 - 0x00007ffcde41a000 	C:\WINDOWS\WinSxS\amd64_microsoft.windows.common-controls_6595b64144ccf1df_6.0.19041.1110_none_60b5254171f9507e\COMCTL32.dll
0x00007ffcf6c00000 - 0x00007ffcf6c9e000 	C:\WINDOWS\System32\msvcrt.dll
0x00007ffcf66f0000 - 0x00007ffcf6722000 	C:\WINDOWS\System32\IMM32.DLL
0x000000005d460000 - 0x000000005d46c000 	C:\Program Files (x86)\360\Total Security\safemon\SafeWrapper.dll
0x00007ffcf7640000 - 0x00007ffcf76ee000 	C:\WINDOWS\System32\ADVAPI32.dll
0x00007ffcf6860000 - 0x00007ffcf68fc000 	C:\WINDOWS\System32\sechost.dll
0x00007ffcf65c0000 - 0x00007ffcf66e5000 	C:\WINDOWS\System32\RPCRT4.dll
0x00007ffce7270000 - 0x00007ffce7302000 	C:\Program Files (x86)\360\Total Security\safemon\libzdtp64.dll
0x00007ffcf6ef0000 - 0x00007ffcf7634000 	C:\WINDOWS\System32\SHELL32.dll
0x00007ffcf6410000 - 0x00007ffcf6465000 	C:\WINDOWS\System32\SHLWAPI.dll
0x00007ffcf5370000 - 0x00007ffcf537a000 	C:\WINDOWS\SYSTEM32\VERSION.dll
0x00007ffceee60000 - 0x00007ffceee6c000 	C:\Eclipse\eclipse escritorio\plugins\org.eclipse.justj.openjdk.hotspot.jre.full.win32.x86_64_17.0.4.v20220903-1038\jre\bin\vcruntime140_1.dll
0x00007ffce6750000 - 0x00007ffce67e1000 	C:\Eclipse\eclipse escritorio\plugins\org.eclipse.justj.openjdk.hotspot.jre.full.win32.x86_64_17.0.4.v20220903-1038\jre\bin\msvcp140.dll
0x00007ffcc76d0000 - 0x00007ffcc8316000 	C:\Eclipse\eclipse escritorio\plugins\org.eclipse.justj.openjdk.hotspot.jre.full.win32.x86_64_17.0.4.v20220903-1038\jre\bin\server\jvm.dll
0x00007ffcf7fc0000 - 0x00007ffcf7fc8000 	C:\WINDOWS\System32\PSAPI.DLL
0x00007ffcef100000 - 0x00007ffcef109000 	C:\WINDOWS\SYSTEM32\WSOCK32.dll
0x00007ffcf69c0000 - 0x00007ffcf6a2b000 	C:\WINDOWS\System32\WS2_32.dll
0x00007ffced1f0000 - 0x00007ffced217000 	C:\WINDOWS\SYSTEM32\WINMM.dll
0x00007ffcf3ee0000 - 0x00007ffcf3ef2000 	C:\WINDOWS\SYSTEM32\kernel.appcore.dll
0x00007ffceeb90000 - 0x00007ffceeb9a000 	C:\Eclipse\eclipse escritorio\plugins\org.eclipse.justj.openjdk.hotspot.jre.full.win32.x86_64_17.0.4.v20220903-1038\jre\bin\jimage.dll
0x00007ffcf3cd0000 - 0x00007ffcf3eb4000 	C:\WINDOWS\SYSTEM32\DBGHELP.DLL
0x00007ffced170000 - 0x00007ffced1a5000 	C:\WINDOWS\SYSTEM32\dbgcore.DLL
0x00007ffcf5700000 - 0x00007ffcf5782000 	C:\WINDOWS\System32\bcryptPrimitives.dll
0x00007ffce8220000 - 0x00007ffce8245000 	C:\Eclipse\eclipse escritorio\plugins\org.eclipse.justj.openjdk.hotspot.jre.full.win32.x86_64_17.0.4.v20220903-1038\jre\bin\java.dll
0x00007ffcea4d0000 - 0x00007ffcea4e8000 	C:\Eclipse\eclipse escritorio\plugins\org.eclipse.justj.openjdk.hotspot.jre.full.win32.x86_64_17.0.4.v20220903-1038\jre\bin\zip.dll
0x00007ffcf3520000 - 0x00007ffcf3cb2000 	C:\WINDOWS\SYSTEM32\windows.storage.dll
0x00007ffcf60b0000 - 0x00007ffcf6405000 	C:\WINDOWS\System32\combase.dll
0x00007ffcf5010000 - 0x00007ffcf5040000 	C:\WINDOWS\SYSTEM32\Wldp.dll
0x00007ffcf6e40000 - 0x00007ffcf6eed000 	C:\WINDOWS\System32\SHCORE.dll
0x00007ffcf5640000 - 0x00007ffcf565f000 	C:\WINDOWS\SYSTEM32\profapi.dll
0x00007ffcea4a0000 - 0x00007ffcea4b9000 	C:\Eclipse\eclipse escritorio\plugins\org.eclipse.justj.openjdk.hotspot.jre.full.win32.x86_64_17.0.4.v20220903-1038\jre\bin\net.dll
0x00007ffce9ca0000 - 0x00007ffce9dac000 	C:\WINDOWS\SYSTEM32\WINHTTP.dll
0x00007ffcf4d70000 - 0x00007ffcf4dda000 	C:\WINDOWS\system32\mswsock.dll
0x00007ffce8200000 - 0x00007ffce8215000 	C:\Eclipse\eclipse escritorio\plugins\org.eclipse.justj.openjdk.hotspot.jre.full.win32.x86_64_17.0.4.v20220903-1038\jre\bin\nio.dll
0x00007ffcd0f50000 - 0x00007ffcd10de000 	C:\Eclipse\eclipse escritorio\plugins\org.eclipse.justj.openjdk.hotspot.jre.full.win32.x86_64_17.0.4.v20220903-1038\jre\bin\awt.dll
0x00007ffcf76f0000 - 0x00007ffcf77bd000 	C:\WINDOWS\System32\OLEAUT32.dll
0x00007ffcf2c30000 - 0x00007ffcf2cc1000 	C:\WINDOWS\SYSTEM32\apphelp.dll
0x00007ffcf2d40000 - 0x00007ffcf2dde000 	C:\WINDOWS\system32\uxtheme.dll
0x00007ffcf6470000 - 0x00007ffcf6585000 	C:\WINDOWS\System32\MSCTF.dll
0x00007ffcf6730000 - 0x00007ffcf685a000 	C:\WINDOWS\System32\ole32.dll

dbghelp: loaded successfully - version: 4.0.5 - missing functions: none
symbol engine: initialized successfully - sym options: 0x614 - pdb path: .;C:\Eclipse\eclipse escritorio\plugins\org.eclipse.justj.openjdk.hotspot.jre.full.win32.x86_64_17.0.4.v20220903-1038\jre\bin;C:\WINDOWS\SYSTEM32;C:\WINDOWS\WinSxS\amd64_microsoft.windows.common-controls_6595b64144ccf1df_6.0.19041.1110_none_60b5254171f9507e;C:\Program Files (x86)\360\Total Security\safemon;C:\Eclipse\eclipse escritorio\plugins\org.eclipse.justj.openjdk.hotspot.jre.full.win32.x86_64_17.0.4.v20220903-1038\jre\bin\server

VM Arguments:
jvm_args: -Dfile.encoding=UTF-8 --module-path=C:\Eclipse\workspace\OrdenamientoBurbuja\bin -XX:+ShowCodeDetailsInExceptionMessages -Djdk.module.main=OrdenamientoBurbuja 
java_command: OrdenamientoBurbuja/test.Burbuja
java_class_path (initial): <not set>
Launcher Type: SUN_STANDARD

[Global flags]
     intx CICompilerCount                          = 2                                         {product} {ergonomic}
     uint ConcGCThreads                            = 1                                         {product} {ergonomic}
     uint G1ConcRefinementThreads                  = 2                                         {product} {ergonomic}
   size_t G1HeapRegionSize                         = 1048576                                   {product} {ergonomic}
    uintx GCDrainStackTargetSize                   = 64                                        {product} {ergonomic}
   size_t InitialHeapSize                          = 58720256                                  {product} {ergonomic}
   size_t MarkStackSize                            = 4194304                                   {product} {ergonomic}
   size_t MaxHeapSize                              = 908066816                                 {product} {ergonomic}
   size_t MaxNewSize                               = 544210944                                 {product} {ergonomic}
   size_t MinHeapDeltaBytes                        = 1048576                                   {product} {ergonomic}
   size_t MinHeapSize                              = 8388608                                   {product} {ergonomic}
    uintx NonNMethodCodeHeapSize                   = 5826188                                {pd product} {ergonomic}
    uintx NonProfiledCodeHeapSize                  = 122916026                              {pd product} {ergonomic}
    uintx ProfiledCodeHeapSize                     = 122916026                              {pd product} {ergonomic}
    uintx ReservedCodeCacheSize                    = 251658240                              {pd product} {ergonomic}
     bool SegmentedCodeCache                       = true                                      {product} {ergonomic}
     bool ShowCodeDetailsInExceptionMessages       = true                                   {manageable} {command line}
   size_t SoftMaxHeapSize                          = 908066816                              {manageable} {ergonomic}
     bool UseCompressedClassPointers               = true                           {product lp64_product} {ergonomic}
     bool UseCompressedOops                        = true                           {product lp64_product} {ergonomic}
     bool UseG1GC                                  = true                                      {product} {ergonomic}
     bool UseLargePagesIndividualAllocation        = false                                  {pd product} {ergonomic}

Logging:
Log output configuration:
 #0: stdout all=warning uptime,level,tags
 #1: stderr all=off uptime,level,tags

Environment Variables:
JAVA_HOME=C:\Program Files\Java\jdk-19
PATH=C:/Eclipse/eclipse escritorio//plugins/org.eclipse.justj.openjdk.hotspot.jre.full.win32.x86_64_17.0.4.v20220903-1038/jre/bin/server;C:/Eclipse/eclipse escritorio//plugins/org.eclipse.justj.openjdk.hotspot.jre.full.win32.x86_64_17.0.4.v20220903-1038/jre/bin;C:\Program Files\Common Files\Oracle\Java\javapath;C:\Program Files (x86)\Common Files\Oracle\Java\javapath;C:\WINDOWS\system32;C:\WINDOWS;C:\WINDOWS\System32\Wbem;C:\WINDOWS\System32\WindowsPowerShell\v1.0\;C:\WINDOWS\System32\OpenSSH\;C:\Users\Lenovo\OneDrive\Documentos\Programacion\java19s1\jdk-19\bin;C:\Users\Lenovo\AppData\Local\Microsoft\WindowsApps;C:\Program Files\Java\jdk-19\bin;C:\Users\Lenovo\AppData\Local\Programs\Microsoft VS Code\bin;;C:\Eclipse\eclipse escritorio;
USERNAME=Lenovo
OS=Windows_NT
PROCESSOR_IDENTIFIER=AMD64 Family 23 Model 24 Stepping 1, AuthenticAMD
TMP=C:\Users\Lenovo\AppData\Local\Temp
TEMP=C:\Users\Lenovo\AppData\Local\Temp



---------------  S Y S T E M  ---------------

OS:
 Windows 10 , 64 bit Build 19041 (10.0.19041.2364)
OS uptime: 2 days 20:28 hours

CPU: total 2 (initial active 2) (2 cores per cpu, 1 threads per core) family 23 model 24 stepping 1 microcode 0x0, cx8, cmov, fxsr, mmx, 3dnowpref, sse, sse2, sse3, ssse3, sse4a, sse4.1, sse4.2, popcnt, lzcnt, tsc, tscinvbit, avx, avx2, aes, clmul, bmi1, bmi2, adx, sha, fma, vzeroupper, clflush, clflushopt

Memory: 4k page, system-wide physical 3460M (245M free)
TotalPageFile size 6148M (AvailPageFile size 1M)
current process WorkingSet (physical memory assigned to process): 44M, peak: 44M
current process commit charge ("private bytes"): 123M, peak: 123M

vm_info: OpenJDK 64-Bit Server VM (17.0.4.1+1) for windows-amd64 JRE (17.0.4.1+1), built on Aug 17 2022 07:42:43 by "temurin" with MS VC++ 16.7 (VS2019)

END.
