#
# There is insufficient memory for the Java Runtime Environment to continue.
# Native memory allocation (mmap) failed to map 65536 bytes for Failed to commit metaspace.
# Possible reasons:
#   The system is out of physical RAM or swap space
#   The process is running with CompressedOops enabled, and the Java Heap may be blocking the growth of the native heap
# Possible solutions:
#   Reduce memory load on the system
#   Increase physical memory or swap space
#   Check if swap backing store is full
#   Decrease Java heap size (-Xmx/-Xms)
#   Decrease number of Java threads
#   Decrease Java thread stack sizes (-Xss)
#   Set larger code cache with -XX:ReservedCodeCacheSize=
#   JVM is running with Unscaled Compressed Oops mode in which the Java heap is
#     placed in the first 4GB address space. The Java Heap base address is the
#     maximum limit for the native heap growth. Please use -XX:HeapBaseMinAddress
#     to set the Java Heap base and to place the Java Heap above 4GB virtual address.
# This output file may be truncated or incomplete.
#
#  Out of Memory Error (virtualSpaceNode.cpp:110), pid=6092, tid=14812
#
# JRE version: OpenJDK Runtime Environment Temurin-17.0.4.1+1 (17.0.4.1+1) (build 17.0.4.1+1)
# Java VM: OpenJDK 64-Bit Server VM Temurin-17.0.4.1+1 (17.0.4.1+1, mixed mode, tiered, compressed oops, compressed class ptrs, g1 gc, windows-amd64)
# No core dump will be written. Minidumps are not enabled by default on client versions of Windows
#

---------------  S U M M A R Y ------------

Command Line: -Dfile.encoding=UTF-8 --module-path=C:\Eclipse\workspace\OrdenamientoBurbuja\bin -XX:+ShowCodeDetailsInExceptionMessages -Djdk.module.main=OrdenamientoBurbuja OrdenamientoBurbuja/test.Burbuja

Host: AMD Athlon Silver 3050U with Radeon Graphics   , 2 cores, 3G,  Windows 10 , 64 bit Build 19041 (10.0.19041.2364)
Time: Tue Feb 21 14:14:36 2023 Hora est. Pacífico, Sudamérica elapsed time: 0.219539 seconds (0d 0h 0m 0s)

---------------  T H R E A D  ---------------

Current thread (0x000001360cbbbb30):  JavaThread "main" [_thread_in_vm, id=14812, stack(0x0000002d1e000000,0x0000002d1e100000)]

Stack: [0x0000002d1e000000,0x0000002d1e100000]
Native frames: (J=compiled Java code, j=interpreted, Vv=VM code, C=native code)
V  [jvm.dll+0x67731a]
V  [jvm.dll+0x832284]
V  [jvm.dll+0x833a2e]
V  [jvm.dll+0x834093]
V  [jvm.dll+0x245775]
V  [jvm.dll+0x82e22b]
V  [jvm.dll+0x61bdf6]
V  [jvm.dll+0x61be5a]
V  [jvm.dll+0x61e67a]
V  [jvm.dll+0x61c796]
V  [jvm.dll+0x2431cc]
V  [jvm.dll+0x6cd7ed]
V  [jvm.dll+0x6ce21f]
V  [jvm.dll+0x370333]
V  [jvm.dll+0x36f512]
V  [jvm.dll+0x36f4b8]
V  [jvm.dll+0x55df35]
V  [jvm.dll+0x55ce54]
V  [jvm.dll+0x383307]
V  [jvm.dll+0x38295f]
C  0x000001361028a582

Java frames: (J=compiled Java code, j=interpreted, Vv=VM code)
j  java.nio.file.spi.FileSystemProvider.newInputStream(Ljava/nio/file/Path;[Ljava/nio/file/OpenOption;)Ljava/io/InputStream;+103 java.base@17.0.4.1
j  java.nio.file.Files.newInputStream(Ljava/nio/file/Path;[Ljava/nio/file/OpenOption;)Ljava/io/InputStream;+6 java.base@17.0.4.1
j  jdk.internal.module.ModulePath.readExplodedModule(Ljava/nio/file/Path;)Ljava/lang/module/ModuleReference;+14 java.base@17.0.4.1
j  jdk.internal.module.ModulePath.readModule(Ljava/nio/file/Path;Ljava/nio/file/attribute/BasicFileAttributes;)Ljava/lang/module/ModuleReference;+11 java.base@17.0.4.1
j  jdk.internal.module.ModulePath.scan(Ljava/nio/file/Path;)Ljava/util/Map;+67 java.base@17.0.4.1
j  jdk.internal.module.ModulePath.scanNextEntry()V+23 java.base@17.0.4.1
j  jdk.internal.module.ModulePath.find(Ljava/lang/String;)Ljava/util/Optional;+36 java.base@17.0.4.1
j  java.lang.module.ModuleFinder$2.lambda$find$0(Ljava/lang/String;Ljava/lang/module/ModuleFinder;)Ljava/util/Optional;+2 java.base@17.0.4.1
j  java.lang.module.ModuleFinder$2$$Lambda$1+0x0000000100035208.apply(Ljava/lang/Object;)Ljava/lang/Object;+8 java.base@17.0.4.1
j  java.util.stream.ReferencePipeline$3$1.accept(Ljava/lang/Object;)V+12 java.base@17.0.4.1
j  java.util.AbstractList$RandomAccessSpliterator.tryAdvance(Ljava/util/function/Consumer;)Z+43 java.base@17.0.4.1
j  java.util.stream.ReferencePipeline.forEachWithCancel(Ljava/util/Spliterator;Ljava/util/stream/Sink;)Z+13 java.base@17.0.4.1
j  java.util.stream.AbstractPipeline.copyIntoWithCancel(Ljava/util/stream/Sink;Ljava/util/Spliterator;)Z+32 java.base@17.0.4.1
j  java.util.stream.AbstractPipeline.copyInto(Ljava/util/stream/Sink;Ljava/util/Spliterator;)V+49 java.base@17.0.4.1
j  java.util.stream.AbstractPipeline.wrapAndCopyInto(Ljava/util/stream/Sink;Ljava/util/Spliterator;)Ljava/util/stream/Sink;+13 java.base@17.0.4.1
j  java.util.stream.FindOps$FindOp.evaluateSequential(Ljava/util/stream/PipelineHelper;Ljava/util/Spliterator;)Ljava/lang/Object;+14 java.base@17.0.4.1
j  java.util.stream.AbstractPipeline.evaluate(Ljava/util/stream/TerminalOp;)Ljava/lang/Object;+88 java.base@17.0.4.1
j  java.util.stream.ReferencePipeline.findFirst()Ljava/util/Optional;+5 java.base@17.0.4.1
j  java.lang.module.ModuleFinder$2.find(Ljava/lang/String;)Ljava/util/Optional;+53 java.base@17.0.4.1
j  java.lang.module.Resolver.findWithBeforeFinder(Ljava/lang/String;)Ljava/lang/module/ModuleReference;+5 java.base@17.0.4.1
j  java.lang.module.Resolver.resolve(Ljava/util/Collection;)Ljava/lang/module/Resolver;+38 java.base@17.0.4.1
j  java.lang.module.Configuration.resolveAndBind(Ljava/lang/module/ModuleFinder;Ljava/util/Collection;Ljava/io/PrintStream;)Ljava/lang/module/Configuration;+29 java.base@17.0.4.1
j  java.lang.module.ModuleDescriptor$1.resolveAndBind(Ljava/lang/module/ModuleFinder;Ljava/util/Collection;Ljava/io/PrintStream;)Ljava/lang/module/Configuration;+3 java.base@17.0.4.1
j  jdk.internal.module.Modules.newBootLayerConfiguration(Ljava/lang/module/ModuleFinder;Ljava/util/Collection;Ljava/io/PrintStream;)Ljava/lang/module/Configuration;+6 java.base@17.0.4.1
j  jdk.internal.module.ModuleBootstrap.boot2()Ljava/lang/ModuleLayer;+896 java.base@17.0.4.1
j  jdk.internal.module.ModuleBootstrap.boot()Ljava/lang/ModuleLayer;+64 java.base@17.0.4.1
j  java.lang.System.initPhase2(ZZ)I+0 java.base@17.0.4.1
v  ~StubRoutines::call_stub

---------------  P R O C E S S  ---------------

Threads class SMR info:
_java_thread_list=0x0000013623e42d70, length=11, elements={
0x000001360cbbbb30, 0x000001362330d760, 0x000001362330e450, 0x0000013623368010,
0x00000136233688d0, 0x0000013623369190, 0x000001362336aa60, 0x000001362336ec40,
0x000001362336fe20, 0x0000013623370420, 0x0000013623e037a0
}

Java Threads: ( => current thread )
=>0x000001360cbbbb30 JavaThread "main" [_thread_in_vm, id=14812, stack(0x0000002d1e000000,0x0000002d1e100000)]
  0x000001362330d760 JavaThread "Reference Handler" daemon [_thread_blocked, id=1420, stack(0x0000002d1e700000,0x0000002d1e800000)]
  0x000001362330e450 JavaThread "Finalizer" daemon [_thread_blocked, id=256, stack(0x0000002d1e800000,0x0000002d1e900000)]
  0x0000013623368010 JavaThread "Signal Dispatcher" daemon [_thread_blocked, id=7888, stack(0x0000002d1e900000,0x0000002d1ea00000)]
  0x00000136233688d0 JavaThread "Attach Listener" daemon [_thread_blocked, id=6312, stack(0x0000002d1ea00000,0x0000002d1eb00000)]
  0x0000013623369190 JavaThread "Service Thread" daemon [_thread_blocked, id=9896, stack(0x0000002d1eb00000,0x0000002d1ec00000)]
  0x000001362336aa60 JavaThread "Monitor Deflation Thread" daemon [_thread_blocked, id=9756, stack(0x0000002d1ec00000,0x0000002d1ed00000)]
  0x000001362336ec40 JavaThread "C2 CompilerThread0" daemon [_thread_blocked, id=4684, stack(0x0000002d1ed00000,0x0000002d1ee00000)]
  0x000001362336fe20 JavaThread "C1 CompilerThread0" daemon [_thread_blocked, id=12332, stack(0x0000002d1ee00000,0x0000002d1ef00000)]
  0x0000013623370420 JavaThread "Sweeper thread" daemon [_thread_blocked, id=1320, stack(0x0000002d1ef00000,0x0000002d1f000000)]
  0x0000013623e037a0 JavaThread "Common-Cleaner" daemon [_thread_blocked, id=7512, stack(0x0000002d1f000000,0x0000002d1f100000)]

Other Threads:
  0x00000136232c1ac0 VMThread "VM Thread" [stack: 0x0000002d1e600000,0x0000002d1e700000] [id=10508]
  0x000001360cbf6790 GCTaskThread "GC Thread#0" [stack: 0x0000002d1e100000,0x0000002d1e200000] [id=13496]
  0x000001360cbfe9f0 ConcurrentGCThread "G1 Main Marker" [stack: 0x0000002d1e200000,0x0000002d1e300000] [id=11892]
  0x000001360cbff670 ConcurrentGCThread "G1 Conc#0" [stack: 0x0000002d1e300000,0x0000002d1e400000] [id=10608]
  0x000001360cc70b80 ConcurrentGCThread "G1 Refine#0" [stack: 0x0000002d1e400000,0x0000002d1e500000] [id=10640]
  0x000001360cc71440 ConcurrentGCThread "G1 Service" [stack: 0x0000002d1e500000,0x0000002d1e600000] [id=4260]

Threads with active compile tasks:

VM state: not at safepoint (normal execution)

VM Mutex/Monitor currently owned by a thread:  ([mutex/lock_event])
[0x000001360a8fd0f0] Metaspace_lock - owner thread: 0x000001360cbbbb30

Heap address: 0x00000000c9e00000, size: 866 MB, Compressed Oops mode: 32-bit

CDS archive(s) not mapped
Compressed class space mapped at: 0x0000000100000000-0x0000000140000000, reserved size: 1073741824
Narrow klass base: 0x0000000000000000, Narrow klass shift: 3, Narrow klass range: 0x140000000

GC Precious Log:
 CPUs: 2 total, 2 available
 Memory: 3460M
 Large Page Support: Disabled
 NUMA Support: Disabled
 Compressed Oops: Enabled (32-bit)
 Heap Region Size: 1M
 Heap Min Capacity: 8M
 Heap Initial Capacity: 56M
 Heap Max Capacity: 866M
 Pre-touch: Disabled
 Parallel Workers: 2
 Concurrent Workers: 1
 Concurrent Refinement Workers: 2
 Periodic GC: Disabled

Heap:
 garbage-first heap   total 57344K, used 0K [0x00000000c9e00000, 0x0000000100000000)
  region size 1024K, 1 young (1024K), 0 survivors (0K)
 Metaspace       used 5307K, committed 5440K, reserved 1056768K
  class space    used 442K, committed 512K, reserved 1048576K

Heap Regions: E=young(eden), S=young(survivor), O=old, HS=humongous(starts), HC=humongous(continues), CS=collection set, F=free, OA=open archive, CA=closed archive, TAMS=top-at-mark-start (previous, next)
|   0|0x00000000c9e00000, 0x00000000c9e00000, 0x00000000c9f00000|  0%| F|  |TAMS 0x00000000c9e00000, 0x00000000c9e00000| Untracked 
|   1|0x00000000c9f00000, 0x00000000c9f00000, 0x00000000ca000000|  0%| F|  |TAMS 0x00000000c9f00000, 0x00000000c9f00000| Untracked 
|   2|0x00000000ca000000, 0x00000000ca000000, 0x00000000ca100000|  0%| F|  |TAMS 0x00000000ca000000, 0x00000000ca000000| Untracked 
|   3|0x00000000ca100000, 0x00000000ca100000, 0x00000000ca200000|  0%| F|  |TAMS 0x00000000ca100000, 0x00000000ca100000| Untracked 
|   4|0x00000000ca200000, 0x00000000ca200000, 0x00000000ca300000|  0%| F|  |TAMS 0x00000000ca200000, 0x00000000ca200000| Untracked 
|   5|0x00000000ca300000, 0x00000000ca300000, 0x00000000ca400000|  0%| F|  |TAMS 0x00000000ca300000, 0x00000000ca300000| Untracked 
|   6|0x00000000ca400000, 0x00000000ca400000, 0x00000000ca500000|  0%| F|  |TAMS 0x00000000ca400000, 0x00000000ca400000| Untracked 
|   7|0x00000000ca500000, 0x00000000ca500000, 0x00000000ca600000|  0%| F|  |TAMS 0x00000000ca500000, 0x00000000ca500000| Untracked 
|   8|0x00000000ca600000, 0x00000000ca600000, 0x00000000ca700000|  0%| F|  |TAMS 0x00000000ca600000, 0x00000000ca600000| Untracked 
|   9|0x00000000ca700000, 0x00000000ca700000, 0x00000000ca800000|  0%| F|  |TAMS 0x00000000ca700000, 0x00000000ca700000| Untracked 
|  10|0x00000000ca800000, 0x00000000ca800000, 0x00000000ca900000|  0%| F|  |TAMS 0x00000000ca800000, 0x00000000ca800000| Untracked 
|  11|0x00000000ca900000, 0x00000000ca900000, 0x00000000caa00000|  0%| F|  |TAMS 0x00000000ca900000, 0x00000000ca900000| Untracked 
|  12|0x00000000caa00000, 0x00000000caa00000, 0x00000000cab00000|  0%| F|  |TAMS 0x00000000caa00000, 0x00000000caa00000| Untracked 
|  13|0x00000000cab00000, 0x00000000cab00000, 0x00000000cac00000|  0%| F|  |TAMS 0x00000000cab00000, 0x00000000cab00000| Untracked 
|  14|0x00000000cac00000, 0x00000000cac00000, 0x00000000cad00000|  0%| F|  |TAMS 0x00000000cac00000, 0x00000000cac00000| Untracked 
|  15|0x00000000cad00000, 0x00000000cad00000, 0x00000000cae00000|  0%| F|  |TAMS 0x00000000cad00000, 0x00000000cad00000| Untracked 
|  16|0x00000000cae00000, 0x00000000cae00000, 0x00000000caf00000|  0%| F|  |TAMS 0x00000000cae00000, 0x00000000cae00000| Untracked 
|  17|0x00000000caf00000, 0x00000000caf00000, 0x00000000cb000000|  0%| F|  |TAMS 0x00000000caf00000, 0x00000000caf00000| Untracked 
|  18|0x00000000cb000000, 0x00000000cb000000, 0x00000000cb100000|  0%| F|  |TAMS 0x00000000cb000000, 0x00000000cb000000| Untracked 
|  19|0x00000000cb100000, 0x00000000cb100000, 0x00000000cb200000|  0%| F|  |TAMS 0x00000000cb100000, 0x00000000cb100000| Untracked 
|  20|0x00000000cb200000, 0x00000000cb200000, 0x00000000cb300000|  0%| F|  |TAMS 0x00000000cb200000, 0x00000000cb200000| Untracked 
|  21|0x00000000cb300000, 0x00000000cb300000, 0x00000000cb400000|  0%| F|  |TAMS 0x00000000cb300000, 0x00000000cb300000| Untracked 
|  22|0x00000000cb400000, 0x00000000cb400000, 0x00000000cb500000|  0%| F|  |TAMS 0x00000000cb400000, 0x00000000cb400000| Untracked 
|  23|0x00000000cb500000, 0x00000000cb500000, 0x00000000cb600000|  0%| F|  |TAMS 0x00000000cb500000, 0x00000000cb500000| Untracked 
|  24|0x00000000cb600000, 0x00000000cb600000, 0x00000000cb700000|  0%| F|  |TAMS 0x00000000cb600000, 0x00000000cb600000| Untracked 
|  25|0x00000000cb700000, 0x00000000cb700000, 0x00000000cb800000|  0%| F|  |TAMS 0x00000000cb700000, 0x00000000cb700000| Untracked 
|  26|0x00000000cb800000, 0x00000000cb800000, 0x00000000cb900000|  0%| F|  |TAMS 0x00000000cb800000, 0x00000000cb800000| Untracked 
|  27|0x00000000cb900000, 0x00000000cb900000, 0x00000000cba00000|  0%| F|  |TAMS 0x00000000cb900000, 0x00000000cb900000| Untracked 
|  28|0x00000000cba00000, 0x00000000cba00000, 0x00000000cbb00000|  0%| F|  |TAMS 0x00000000cba00000, 0x00000000cba00000| Untracked 
|  29|0x00000000cbb00000, 0x00000000cbb00000, 0x00000000cbc00000|  0%| F|  |TAMS 0x00000000cbb00000, 0x00000000cbb00000| Untracked 
|  30|0x00000000cbc00000, 0x00000000cbc00000, 0x00000000cbd00000|  0%| F|  |TAMS 0x00000000cbc00000, 0x00000000cbc00000| Untracked 
|  31|0x00000000cbd00000, 0x00000000cbd00000, 0x00000000cbe00000|  0%| F|  |TAMS 0x00000000cbd00000, 0x00000000cbd00000| Untracked 
|  32|0x00000000cbe00000, 0x00000000cbe00000, 0x00000000cbf00000|  0%| F|  |TAMS 0x00000000cbe00000, 0x00000000cbe00000| Untracked 
|  33|0x00000000cbf00000, 0x00000000cbf00000, 0x00000000cc000000|  0%| F|  |TAMS 0x00000000cbf00000, 0x00000000cbf00000| Untracked 
|  34|0x00000000cc000000, 0x00000000cc000000, 0x00000000cc100000|  0%| F|  |TAMS 0x00000000cc000000, 0x00000000cc000000| Untracked 
|  35|0x00000000cc100000, 0x00000000cc100000, 0x00000000cc200000|  0%| F|  |TAMS 0x00000000cc100000, 0x00000000cc100000| Untracked 
|  36|0x00000000cc200000, 0x00000000cc200000, 0x00000000cc300000|  0%| F|  |TAMS 0x00000000cc200000, 0x00000000cc200000| Untracked 
|  37|0x00000000cc300000, 0x00000000cc300000, 0x00000000cc400000|  0%| F|  |TAMS 0x00000000cc300000, 0x00000000cc300000| Untracked 
|  38|0x00000000cc400000, 0x00000000cc400000, 0x00000000cc500000|  0%| F|  |TAMS 0x00000000cc400000, 0x00000000cc400000| Untracked 
|  39|0x00000000cc500000, 0x00000000cc500000, 0x00000000cc600000|  0%| F|  |TAMS 0x00000000cc500000, 0x00000000cc500000| Untracked 
|  40|0x00000000cc600000, 0x00000000cc600000, 0x00000000cc700000|  0%| F|  |TAMS 0x00000000cc600000, 0x00000000cc600000| Untracked 
|  41|0x00000000cc700000, 0x00000000cc700000, 0x00000000cc800000|  0%| F|  |TAMS 0x00000000cc700000, 0x00000000cc700000| Untracked 
|  42|0x00000000cc800000, 0x00000000cc800000, 0x00000000cc900000|  0%| F|  |TAMS 0x00000000cc800000, 0x00000000cc800000| Untracked 
|  43|0x00000000cc900000, 0x00000000cc900000, 0x00000000cca00000|  0%| F|  |TAMS 0x00000000cc900000, 0x00000000cc900000| Untracked 
|  44|0x00000000cca00000, 0x00000000cca00000, 0x00000000ccb00000|  0%| F|  |TAMS 0x00000000cca00000, 0x00000000cca00000| Untracked 
|  45|0x00000000ccb00000, 0x00000000ccb00000, 0x00000000ccc00000|  0%| F|  |TAMS 0x00000000ccb00000, 0x00000000ccb00000| Untracked 
|  46|0x00000000ccc00000, 0x00000000ccc00000, 0x00000000ccd00000|  0%| F|  |TAMS 0x00000000ccc00000, 0x00000000ccc00000| Untracked 
|  47|0x00000000ccd00000, 0x00000000ccd00000, 0x00000000cce00000|  0%| F|  |TAMS 0x00000000ccd00000, 0x00000000ccd00000| Untracked 
|  48|0x00000000cce00000, 0x00000000cce00000, 0x00000000ccf00000|  0%| F|  |TAMS 0x00000000cce00000, 0x00000000cce00000| Untracked 
|  49|0x00000000ccf00000, 0x00000000ccf00000, 0x00000000cd000000|  0%| F|  |TAMS 0x00000000ccf00000, 0x00000000ccf00000| Untracked 
|  50|0x00000000cd000000, 0x00000000cd000000, 0x00000000cd100000|  0%| F|  |TAMS 0x00000000cd000000, 0x00000000cd000000| Untracked 
|  51|0x00000000cd100000, 0x00000000cd100000, 0x00000000cd200000|  0%| F|  |TAMS 0x00000000cd100000, 0x00000000cd100000| Untracked 
|  52|0x00000000cd200000, 0x00000000cd200000, 0x00000000cd300000|  0%| F|  |TAMS 0x00000000cd200000, 0x00000000cd200000| Untracked 
|  53|0x00000000cd300000, 0x00000000cd300000, 0x00000000cd400000|  0%| F|  |TAMS 0x00000000cd300000, 0x00000000cd300000| Untracked 
|  54|0x00000000cd400000, 0x00000000cd400000, 0x00000000cd500000|  0%| F|  |TAMS 0x00000000cd400000, 0x00000000cd400000| Untracked 
|  55|0x00000000cd500000, 0x00000000cd5de2f0, 0x00000000cd600000| 86%| E|  |TAMS 0x00000000cd500000, 0x00000000cd500000| Complete 

Card table byte_map: [0x000001360c940000,0x000001360cb00000] _byte_map_base: 0x000001360c2f1000

Marking Bits (Prev, Next): (CMBitMap*) 0x000001360cbf6c40, (CMBitMap*) 0x000001360cbf6c80
 Prev Bits: [0x000001361f430000, 0x00000136201b8000)
 Next Bits: [0x00000136201c0000, 0x0000013620f48000)

Polling page: 0x000001360ab10000

Metaspace:

Usage:
  Non-class:      4.75 MB used.
      Class:    442.98 KB used.
       Both:      5.18 MB used.

Virtual space:
  Non-class space:        8.00 MB reserved,       4.81 MB ( 60%) committed,  1 nodes.
      Class space:        1.00 GB reserved,     512.00 KB ( <1%) committed,  1 nodes.
             Both:        1.01 GB reserved,       5.31 MB ( <1%) committed. 

Chunk freelists:
   Non-Class:  3.00 MB
       Class:  3.56 MB
        Both:  6.56 MB

MaxMetaspaceSize: unlimited
CompressedClassSpaceSize: 1.00 GB
Initial GC threshold: 21.00 MB
Current GC threshold: 21.00 MB
CDS: off
MetaspaceReclaimPolicy: balanced
 - commit_granule_bytes: 65536.
 - commit_granule_words: 8192.
 - virtual_space_node_default_size: 1048576.
 - enlarge_chunks_in_place: 1.
 - new_chunks_are_fully_committed: 0.
 - uncommit_free_chunks: 1.
 - use_allocation_guard: 0.
 - handle_deallocations: 1.


Internal statistics:

num_allocs_failed_limit: 0.
num_arena_births: 4.
num_arena_deaths: 0.
num_vsnodes_births: 2.
num_vsnodes_deaths: 0.
num_space_committed: 85.
num_space_uncommitted: 0.
num_chunks_returned_to_freelist: 0.
num_chunks_taken_from_freelist: 8.
num_chunk_merges: 0.
num_chunk_splits: 3.
num_chunks_enlarged: 1.
num_purges: 0.
num_inconsistent_stats: 0.

CodeHeap 'non-profiled nmethods': size=120064Kb used=20Kb max_used=20Kb free=120043Kb
 bounds [0x0000013617d30000, 0x0000013617fa0000, 0x000001361f270000]
CodeHeap 'profiled nmethods': size=120000Kb used=72Kb max_used=72Kb free=119927Kb
 bounds [0x0000013610800000, 0x0000013610a70000, 0x0000013617d30000]
CodeHeap 'non-nmethods': size=5696Kb used=1091Kb max_used=1091Kb free=4604Kb
 bounds [0x0000013610270000, 0x00000136104e0000, 0x0000013610800000]
 total_blobs=432 nmethods=68 adapters=277
 compilation: enabled
              stopped_count=0, restarted_count=0
 full_count=0

Compilation events (20 events):
Event: 0.121 Thread 0x000001362336fe20 nmethod 56 0x000001361080d810 code [0x000001361080d9a0, 0x000001361080db18]
Event: 0.121 Thread 0x000001362336fe20   57       3       java.lang.invoke.MethodTypeForm::canonicalize (74 bytes)
Event: 0.122 Thread 0x000001362336fe20 nmethod 57 0x000001361080db90 code [0x000001361080ddc0, 0x000001361080e4b8]
Event: 0.122 Thread 0x000001362336fe20   59   !   3       java.lang.ref.ReferenceQueue::poll (28 bytes)
Event: 0.122 Thread 0x000001362336fe20 nmethod 59 0x000001361080e710 code [0x000001361080e8c0, 0x000001361080eb48]
Event: 0.122 Thread 0x000001362336fe20   61       3       java.lang.invoke.MethodType::hashCode (53 bytes)
Event: 0.122 Thread 0x000001362336fe20 nmethod 61 0x000001361080ec90 code [0x000001361080ee40, 0x000001361080f1b8]
Event: 0.123 Thread 0x000001362336fe20   62       3       java.lang.invoke.MethodType$ConcurrentWeakInternSet::expungeStaleElements (27 bytes)
Event: 0.123 Thread 0x000001362336fe20 nmethod 62 0x000001361080f390 code [0x000001361080f580, 0x000001361080fa78]
Event: 0.123 Thread 0x000001362336fe20   64       3       java.lang.String::<init> (15 bytes)
Event: 0.123 Thread 0x000001362336fe20 nmethod 64 0x000001361080fc90 code [0x000001361080fe20, 0x000001361080ffd8]
Event: 0.123 Thread 0x000001362336fe20   63       1       java.lang.invoke.MemberName::getDeclaringClass (5 bytes)
Event: 0.123 Thread 0x000001362336fe20 nmethod 63 0x0000013617d34f10 code [0x0000013617d350a0, 0x0000013617d35178]
Event: 0.129 Thread 0x000001362336fe20   65       3       java.lang.StringLatin1::indexOfChar (33 bytes)
Event: 0.129 Thread 0x000001362336fe20 nmethod 65 0x0000013610810090 code [0x0000013610810240, 0x0000013610810478]
Event: 0.203 Thread 0x000001362336fe20   66       3       java.util.concurrent.ConcurrentHashMap::get (162 bytes)
Event: 0.204 Thread 0x000001362336fe20 nmethod 66 0x0000013610810590 code [0x00000136108107e0, 0x00000136108112a8]
Event: 0.204 Thread 0x000001362336fe20   67       3       java.lang.String::indexOf (29 bytes)
Event: 0.204 Thread 0x000001362336fe20 nmethod 67 0x0000013610811590 code [0x0000013610811760, 0x00000136108119f8]
Event: 0.204 Thread 0x000001362336fe20   68       3       java.lang.StringLatin1::indexOf (36 bytes)

GC Heap History (0 events):
No events

Deoptimization events (0 events):
No events

Classes unloaded (0 events):
No events

Classes redefined (0 events):
No events

Internal exceptions (0 events):
No events

VM Operations (0 events):
No events

Events (20 events):
Event: 0.201 loading class java/nio/channels/FileChannel done
Event: 0.201 loading class sun/nio/ch/FileChannelImpl done
Event: 0.201 loading class java/nio/file/attribute/FileAttribute
Event: 0.201 loading class java/nio/file/attribute/FileAttribute done
Event: 0.201 loading class sun/nio/ch/IOUtil
Event: 0.201 loading class sun/nio/ch/IOUtil done
Event: 0.203 loading class sun/nio/ch/NativeThreadSet
Event: 0.203 loading class sun/nio/ch/NativeThreadSet done
Event: 0.203 loading class sun/nio/ch/FileDispatcherImpl
Event: 0.203 loading class sun/nio/ch/FileDispatcher
Event: 0.203 loading class sun/nio/ch/NativeDispatcher
Event: 0.203 loading class sun/nio/ch/NativeDispatcher done
Event: 0.203 loading class sun/nio/ch/FileDispatcher done
Event: 0.203 loading class sun/nio/ch/FileDispatcherImpl done
Event: 0.203 loading class sun/nio/ch/FileChannelImpl$Closer
Event: 0.203 loading class sun/nio/ch/FileChannelImpl$Closer done
Event: 0.204 loading class sun/nio/fs/WindowsSecurityDescriptor
Event: 0.204 loading class sun/nio/fs/WindowsSecurityDescriptor done
Event: 0.204 loading class java/nio/channels/Channels
Event: 0.204 loading class java/nio/channels/Channels done


Dynamic libraries:
0x00007ff7e72b0000 - 0x00007ff7e72be000 	C:\Eclipse\eclipse escritorio\plugins\org.eclipse.justj.openjdk.hotspot.jre.full.win32.x86_64_17.0.4.v20220903-1038\jre\bin\javaw.exe
0x00007ffcf8010000 - 0x00007ffcf8208000 	C:\WINDOWS\SYSTEM32\ntdll.dll
0x00007ffcf6900000 - 0x00007ffcf69bf000 	C:\WINDOWS\System32\KERNEL32.DLL
0x00007ffcf59d0000 - 0x00007ffcf5ca2000 	C:\WINDOWS\System32\KERNELBASE.dll
0x00007ffcf5790000 - 0x00007ffcf5890000 	C:\WINDOWS\System32\ucrtbase.dll
0x00007ffce99b0000 - 0x00007ffce99c9000 	C:\Eclipse\eclipse escritorio\plugins\org.eclipse.justj.openjdk.hotspot.jre.full.win32.x86_64_17.0.4.v20220903-1038\jre\bin\VCRUNTIME140.dll
0x00007ffce9990000 - 0x00007ffce99a8000 	C:\Eclipse\eclipse escritorio\plugins\org.eclipse.justj.openjdk.hotspot.jre.full.win32.x86_64_17.0.4.v20220903-1038\jre\bin\jli.dll
0x00007ffcf77c0000 - 0x00007ffcf7961000 	C:\WINDOWS\System32\USER32.dll
0x00007ffcf59a0000 - 0x00007ffcf59c2000 	C:\WINDOWS\System32\win32u.dll
0x00007ffcf6590000 - 0x00007ffcf65bb000 	C:\WINDOWS\System32\GDI32.dll
0x00007ffcf5890000 - 0x00007ffcf599f000 	C:\WINDOWS\System32\gdi32full.dll
0x00007ffcf5cb0000 - 0x00007ffcf5d4d000 	C:\WINDOWS\System32\msvcp_win.dll
0x00007ffcde180000 - 0x00007ffcde41a000 	C:\WINDOWS\WinSxS\amd64_microsoft.windows.common-controls_6595b64144ccf1df_6.0.19041.1110_none_60b5254171f9507e\COMCTL32.dll
0x00007ffcf6c00000 - 0x00007ffcf6c9e000 	C:\WINDOWS\System32\msvcrt.dll
0x00007ffcf66f0000 - 0x00007ffcf6722000 	C:\WINDOWS\System32\IMM32.DLL
0x000000005d460000 - 0x000000005d46c000 	C:\Program Files (x86)\360\Total Security\safemon\SafeWrapper.dll
0x00007ffcf7640000 - 0x00007ffcf76ee000 	C:\WINDOWS\System32\ADVAPI32.dll
0x00007ffcf6860000 - 0x00007ffcf68fc000 	C:\WINDOWS\System32\sechost.dll
0x00007ffcf65c0000 - 0x00007ffcf66e5000 	C:\WINDOWS\System32\RPCRT4.dll
0x00007ffce84d0000 - 0x00007ffce8562000 	C:\Program Files (x86)\360\Total Security\safemon\libzdtp64.dll
0x00007ffcf6ef0000 - 0x00007ffcf7634000 	C:\WINDOWS\System32\SHELL32.dll
0x00007ffcf6410000 - 0x00007ffcf6465000 	C:\WINDOWS\System32\SHLWAPI.dll
0x00007ffcf5370000 - 0x00007ffcf537a000 	C:\WINDOWS\SYSTEM32\VERSION.dll
0x00007ffceee60000 - 0x00007ffceee6c000 	C:\Eclipse\eclipse escritorio\plugins\org.eclipse.justj.openjdk.hotspot.jre.full.win32.x86_64_17.0.4.v20220903-1038\jre\bin\vcruntime140_1.dll
0x00007ffce8430000 - 0x00007ffce84c1000 	C:\Eclipse\eclipse escritorio\plugins\org.eclipse.justj.openjdk.hotspot.jre.full.win32.x86_64_17.0.4.v20220903-1038\jre\bin\msvcp140.dll
0x00007ffcc76d0000 - 0x00007ffcc8316000 	C:\Eclipse\eclipse escritorio\plugins\org.eclipse.justj.openjdk.hotspot.jre.full.win32.x86_64_17.0.4.v20220903-1038\jre\bin\server\jvm.dll
0x00007ffcf7fc0000 - 0x00007ffcf7fc8000 	C:\WINDOWS\System32\PSAPI.DLL
0x00007ffcef100000 - 0x00007ffcef109000 	C:\WINDOWS\SYSTEM32\WSOCK32.dll
0x00007ffcf69c0000 - 0x00007ffcf6a2b000 	C:\WINDOWS\System32\WS2_32.dll
0x00007ffced1f0000 - 0x00007ffced217000 	C:\WINDOWS\SYSTEM32\WINMM.dll
0x00007ffcf3ee0000 - 0x00007ffcf3ef2000 	C:\WINDOWS\SYSTEM32\kernel.appcore.dll
0x00007ffceeb90000 - 0x00007ffceeb9a000 	C:\Eclipse\eclipse escritorio\plugins\org.eclipse.justj.openjdk.hotspot.jre.full.win32.x86_64_17.0.4.v20220903-1038\jre\bin\jimage.dll
0x00007ffcf3cd0000 - 0x00007ffcf3eb4000 	C:\WINDOWS\SYSTEM32\DBGHELP.DLL
0x00007ffced170000 - 0x00007ffced1a5000 	C:\WINDOWS\SYSTEM32\dbgcore.DLL
0x00007ffcf5700000 - 0x00007ffcf5782000 	C:\WINDOWS\System32\bcryptPrimitives.dll
0x00007ffce8220000 - 0x00007ffce8245000 	C:\Eclipse\eclipse escritorio\plugins\org.eclipse.justj.openjdk.hotspot.jre.full.win32.x86_64_17.0.4.v20220903-1038\jre\bin\java.dll
0x00007ffcea4d0000 - 0x00007ffcea4e8000 	C:\Eclipse\eclipse escritorio\plugins\org.eclipse.justj.openjdk.hotspot.jre.full.win32.x86_64_17.0.4.v20220903-1038\jre\bin\zip.dll
0x00007ffcf3520000 - 0x00007ffcf3cb2000 	C:\WINDOWS\SYSTEM32\windows.storage.dll
0x00007ffcf60b0000 - 0x00007ffcf6405000 	C:\WINDOWS\System32\combase.dll
0x00007ffcf5010000 - 0x00007ffcf5040000 	C:\WINDOWS\SYSTEM32\Wldp.dll
0x00007ffcf6e40000 - 0x00007ffcf6eed000 	C:\WINDOWS\System32\SHCORE.dll
0x00007ffcf5640000 - 0x00007ffcf565f000 	C:\WINDOWS\SYSTEM32\profapi.dll
0x00007ffcea4a0000 - 0x00007ffcea4b9000 	C:\Eclipse\eclipse escritorio\plugins\org.eclipse.justj.openjdk.hotspot.jre.full.win32.x86_64_17.0.4.v20220903-1038\jre\bin\net.dll
0x00007ffce9ca0000 - 0x00007ffce9dac000 	C:\WINDOWS\SYSTEM32\WINHTTP.dll
0x00007ffce8200000 - 0x00007ffce8215000 	C:\Eclipse\eclipse escritorio\plugins\org.eclipse.justj.openjdk.hotspot.jre.full.win32.x86_64_17.0.4.v20220903-1038\jre\bin\nio.dll
0x00007ffcf4d70000 - 0x00007ffcf4dda000 	C:\WINDOWS\SYSTEM32\MSWSOCK.dll

dbghelp: loaded successfully - version: 4.0.5 - missing functions: none
symbol engine: initialized successfully - sym options: 0x614 - pdb path: .;C:\Eclipse\eclipse escritorio\plugins\org.eclipse.justj.openjdk.hotspot.jre.full.win32.x86_64_17.0.4.v20220903-1038\jre\bin;C:\WINDOWS\SYSTEM32;C:\WINDOWS\WinSxS\amd64_microsoft.windows.common-controls_6595b64144ccf1df_6.0.19041.1110_none_60b5254171f9507e;C:\Program Files (x86)\360\Total Security\safemon;C:\Eclipse\eclipse escritorio\plugins\org.eclipse.justj.openjdk.hotspot.jre.full.win32.x86_64_17.0.4.v20220903-1038\jre\bin\server

VM Arguments:
jvm_args: -Dfile.encoding=UTF-8 --module-path=C:\Eclipse\workspace\OrdenamientoBurbuja\bin -XX:+ShowCodeDetailsInExceptionMessages -Djdk.module.main=OrdenamientoBurbuja 
java_command: OrdenamientoBurbuja/test.Burbuja
java_class_path (initial): <not set>
Launcher Type: SUN_STANDARD

[Global flags]
     intx CICompilerCount                          = 2                                         {product} {ergonomic}
     uint ConcGCThreads                            = 1                                         {product} {ergonomic}
     uint G1ConcRefinementThreads                  = 2                                         {product} {ergonomic}
   size_t G1HeapRegionSize                         = 1048576                                   {product} {ergonomic}
    uintx GCDrainStackTargetSize                   = 64                                        {product} {ergonomic}
   size_t InitialHeapSize                          = 58720256                                  {product} {ergonomic}
   size_t MarkStackSize                            = 4194304                                   {product} {ergonomic}
   size_t MaxHeapSize                              = 908066816                                 {product} {ergonomic}
   size_t MaxNewSize                               = 544210944                                 {product} {ergonomic}
   size_t MinHeapDeltaBytes                        = 1048576                                   {product} {ergonomic}
   size_t MinHeapSize                              = 8388608                                   {product} {ergonomic}
    uintx NonNMethodCodeHeapSize                   = 5826188                                {pd product} {ergonomic}
    uintx NonProfiledCodeHeapSize                  = 122916026                              {pd product} {ergonomic}
    uintx ProfiledCodeHeapSize                     = 122916026                              {pd product} {ergonomic}
    uintx ReservedCodeCacheSize                    = 251658240                              {pd product} {ergonomic}
     bool SegmentedCodeCache                       = true                                      {product} {ergonomic}
     bool ShowCodeDetailsInExceptionMessages       = true                                   {manageable} {command line}
   size_t SoftMaxHeapSize                          = 908066816                              {manageable} {ergonomic}
     bool UseCompressedClassPointers               = true                           {product lp64_product} {ergonomic}
     bool UseCompressedOops                        = true                           {product lp64_product} {ergonomic}
     bool UseG1GC                                  = true                                      {product} {ergonomic}
     bool UseLargePagesIndividualAllocation        = false                                  {pd product} {ergonomic}

Logging:
Log output configuration:
 #0: stdout all=warning uptime,level,tags
 #1: stderr all=off uptime,level,tags

Environment Variables:
JAVA_HOME=C:\Program Files\Java\jdk-19
PATH=C:/Eclipse/eclipse escritorio//plugins/org.eclipse.justj.openjdk.hotspot.jre.full.win32.x86_64_17.0.4.v20220903-1038/jre/bin/server;C:/Eclipse/eclipse escritorio//plugins/org.eclipse.justj.openjdk.hotspot.jre.full.win32.x86_64_17.0.4.v20220903-1038/jre/bin;C:\Program Files\Common Files\Oracle\Java\javapath;C:\Program Files (x86)\Common Files\Oracle\Java\javapath;C:\WINDOWS\system32;C:\WINDOWS;C:\WINDOWS\System32\Wbem;C:\WINDOWS\System32\WindowsPowerShell\v1.0\;C:\WINDOWS\System32\OpenSSH\;C:\Users\Lenovo\OneDrive\Documentos\Programacion\java19s1\jdk-19\bin;C:\Users\Lenovo\AppData\Local\Microsoft\WindowsApps;C:\Program Files\Java\jdk-19\bin;C:\Users\Lenovo\AppData\Local\Programs\Microsoft VS Code\bin;;C:\Eclipse\eclipse escritorio;
USERNAME=Lenovo
OS=Windows_NT
PROCESSOR_IDENTIFIER=AMD64 Family 23 Model 24 Stepping 1, AuthenticAMD
TMP=C:\Users\Lenovo\AppData\Local\Temp
TEMP=C:\Users\Lenovo\AppData\Local\Temp



---------------  S Y S T E M  ---------------

OS:
 Windows 10 , 64 bit Build 19041 (10.0.19041.2364)
OS uptime: 2 days 20:27 hours

CPU: total 2 (initial active 2) (2 cores per cpu, 1 threads per core) family 23 model 24 stepping 1 microcode 0x0, cx8, cmov, fxsr, mmx, 3dnowpref, sse, sse2, sse3, ssse3, sse4a, sse4.1, sse4.2, popcnt, lzcnt, tsc, tscinvbit, avx, avx2, aes, clmul, bmi1, bmi2, adx, sha, fma, vzeroupper, clflush, clflushopt

Memory: 4k page, system-wide physical 3460M (255M free)
TotalPageFile size 6148M (AvailPageFile size 3M)
current process WorkingSet (physical memory assigned to process): 30M, peak: 30M
current process commit charge ("private bytes"): 116M, peak: 116M

vm_info: OpenJDK 64-Bit Server VM (17.0.4.1+1) for windows-amd64 JRE (17.0.4.1+1), built on Aug 17 2022 07:42:43 by "temurin" with MS VC++ 16.7 (VS2019)

END.
