#
# There is insufficient memory for the Java Runtime Environment to continue.
# Native memory allocation (mmap) failed to map 65536 bytes for Failed to commit metaspace.
# Possible reasons:
#   The system is out of physical RAM or swap space
#   The process is running with CompressedOops enabled, and the Java Heap may be blocking the growth of the native heap
# Possible solutions:
#   Reduce memory load on the system
#   Increase physical memory or swap space
#   Check if swap backing store is full
#   Decrease Java heap size (-Xmx/-Xms)
#   Decrease number of Java threads
#   Decrease Java thread stack sizes (-Xss)
#   Set larger code cache with -XX:ReservedCodeCacheSize=
#   JVM is running with Unscaled Compressed Oops mode in which the Java heap is
#     placed in the first 4GB address space. The Java Heap base address is the
#     maximum limit for the native heap growth. Please use -XX:HeapBaseMinAddress
#     to set the Java Heap base and to place the Java Heap above 4GB virtual address.
# This output file may be truncated or incomplete.
#
#  Out of Memory Error (virtualSpaceNode.cpp:110), pid=17824, tid=3388
#
# JRE version: OpenJDK Runtime Environment Temurin-17.0.4.1+1 (17.0.4.1+1) (build 17.0.4.1+1)
# Java VM: OpenJDK 64-Bit Server VM Temurin-17.0.4.1+1 (17.0.4.1+1, mixed mode, tiered, compressed oops, compressed class ptrs, g1 gc, windows-amd64)
# No core dump will be written. Minidumps are not enabled by default on client versions of Windows
#

---------------  S U M M A R Y ------------

Command Line: -Dfile.encoding=UTF-8 -XX:+ShowCodeDetailsInExceptionMessages co.edu.uptc.presenter.Presenter

Host: AMD Athlon Silver 3050U with Radeon Graphics   , 2 cores, 3G,  Windows 10 , 64 bit Build 19041 (10.0.19041.2788)
Time: Wed May 17 21:07:02 2023 Hora est. Pacífico, Sudamérica elapsed time: 4.701304 seconds (0d 0h 0m 4s)

---------------  T H R E A D  ---------------

Current thread (0x000001c00c44b7e0):  JavaThread "main" [_thread_in_vm, id=3388, stack(0x000000b691f00000,0x000000b692000000)]

Stack: [0x000000b691f00000,0x000000b692000000]
Native frames: (J=compiled Java code, j=interpreted, Vv=VM code, C=native code)
V  [jvm.dll+0x67731a]
V  [jvm.dll+0x832284]
V  [jvm.dll+0x833a2e]
V  [jvm.dll+0x834093]
V  [jvm.dll+0x245775]
V  [jvm.dll+0x82e22b]
V  [jvm.dll+0x61bdf6]
V  [jvm.dll+0x61be5a]
V  [jvm.dll+0x61e67a]
V  [jvm.dll+0x61c796]
V  [jvm.dll+0x6265e7]
V  [jvm.dll+0x1ea5db]
V  [jvm.dll+0x1eab15]
V  [jvm.dll+0x1eb54f]
V  [jvm.dll+0x1e09f1]
V  [jvm.dll+0x53c910]
V  [jvm.dll+0x1f11e7]
V  [jvm.dll+0x7ac56b]
V  [jvm.dll+0x7ad912]
V  [jvm.dll+0x7adc48]
V  [jvm.dll+0x23db7e]
V  [jvm.dll+0x37f29e]
C  0x000001c00fb1b6ce

Java frames: (J=compiled Java code, j=interpreted, Vv=VM code)
j  sun.font.FontScaler.getScaler(Lsun/font/Font2D;IZI)Lsun/font/FontScaler;+3 java.desktop@17.0.4.1
j  sun.font.TrueTypeFont.getScaler()Lsun/font/FontScaler;+21 java.desktop@17.0.4.1
j  sun.font.FileFontStrike.<init>(Lsun/font/FileFont;Lsun/font/FontStrikeDesc;)V+177 java.desktop@17.0.4.1
j  sun.font.FileFont.createStrike(Lsun/font/FontStrikeDesc;)Lsun/font/FontStrike;+6 java.desktop@17.0.4.1
j  sun.font.Font2D.getStrike(Lsun/font/FontStrikeDesc;Z)Lsun/font/FontStrike;+85 java.desktop@17.0.4.1
j  sun.font.Font2D.getStrike(Lsun/font/FontStrikeDesc;)Lsun/font/FontStrike;+3 java.desktop@17.0.4.1
j  sun.font.CompositeStrike.getStrikeForSlot(I)Lsun/font/PhysicalStrike;+34 java.desktop@17.0.4.1
j  sun.font.CompositeStrike.getFontMetrics()Lsun/font/StrikeMetrics;+31 java.desktop@17.0.4.1
j  sun.font.FontDesignMetrics.initMatrixAndMetrics()V+28 java.desktop@17.0.4.1
j  sun.font.FontDesignMetrics.<init>(Ljava/awt/Font;Ljava/awt/font/FontRenderContext;)V+62 java.desktop@17.0.4.1
j  sun.font.FontDesignMetrics.getMetrics(Ljava/awt/Font;Ljava/awt/font/FontRenderContext;)Lsun/font/FontDesignMetrics;+128 java.desktop@17.0.4.1
j  sun.swing.SwingUtilities2.getFontMetrics(Ljavax/swing/JComponent;Ljava/awt/Font;)Ljava/awt/FontMetrics;+15 java.desktop@17.0.4.1
j  javax.swing.JComponent.getFontMetrics(Ljava/awt/Font;)Ljava/awt/FontMetrics;+2 java.desktop@17.0.4.1
j  javax.swing.plaf.basic.BasicGraphicsUtils.getPreferredButtonSize(Ljavax/swing/AbstractButton;I)Ljava/awt/Dimension;+28 java.desktop@17.0.4.1
j  javax.swing.plaf.basic.BasicButtonUI.getPreferredSize(Ljavax/swing/JComponent;)Ljava/awt/Dimension;+10 java.desktop@17.0.4.1
j  javax.swing.plaf.basic.BasicButtonUI.getMinimumSize(Ljavax/swing/JComponent;)Ljava/awt/Dimension;+2 java.desktop@17.0.4.1
j  javax.swing.JComponent.getMinimumSize()Ljava/awt/Dimension;+26 java.desktop@17.0.4.1
j  javax.swing.plaf.basic.BasicOptionPaneUI.addButtonComponents(Ljava/awt/Container;[Ljava/lang/Object;I)V+244 java.desktop@17.0.4.1
j  javax.swing.plaf.basic.BasicOptionPaneUI.createButtonArea()Ljava/awt/Container;+109 java.desktop@17.0.4.1
j  javax.swing.plaf.basic.BasicOptionPaneUI.installComponents()V+35 java.desktop@17.0.4.1
j  javax.swing.plaf.basic.BasicOptionPaneUI.installUI(Ljavax/swing/JComponent;)V+24 java.desktop@17.0.4.1
j  javax.swing.JComponent.setUI(Ljavax/swing/plaf/ComponentUI;)V+52 java.desktop@17.0.4.1
j  javax.swing.JOptionPane.setUI(Ljavax/swing/plaf/OptionPaneUI;)V+10 java.desktop@17.0.4.1
j  javax.swing.JOptionPane.updateUI()V+8 java.desktop@17.0.4.1
j  javax.swing.JOptionPane.<init>(Ljava/lang/Object;IILjavax/swing/Icon;[Ljava/lang/Object;Ljava/lang/Object;)V+67 java.desktop@17.0.4.1
j  javax.swing.JOptionPane.showInputDialog(Ljava/awt/Component;Ljava/lang/Object;Ljava/lang/String;ILjavax/swing/Icon;[Ljava/lang/Object;Ljava/lang/Object;)Ljava/lang/Object;+11 java.desktop@17.0.4.1
j  javax.swing.JOptionPane.showInputDialog(Ljava/awt/Component;Ljava/lang/Object;Ljava/lang/String;I)Ljava/lang/String;+7 java.desktop@17.0.4.1
j  javax.swing.JOptionPane.showInputDialog(Ljava/awt/Component;Ljava/lang/Object;)Ljava/lang/String;+9 java.desktop@17.0.4.1
j  javax.swing.JOptionPane.showInputDialog(Ljava/lang/Object;)Ljava/lang/String;+2 java.desktop@17.0.4.1
j  co.edu.uptc.view.View.readInt(Ljava/lang/String;)I+1
j  co.edu.uptc.presenter.Presenter.main([Ljava/lang/String;)V+14
v  ~StubRoutines::call_stub

---------------  P R O C E S S  ---------------

Threads class SMR info:
_java_thread_list=0x000001c023b1a830, length=16, elements={
0x000001c00c44b7e0, 0x000001c022b45fc0, 0x000001c022b46910, 0x000001c022b61ed0,
0x000001c022b62890, 0x000001c022b63150, 0x000001c022b64a20, 0x000001c022b95740,
0x000001c022b968d0, 0x000001c022b96de0, 0x000001c02363a2d0, 0x000001c023654420,
0x000001c02391b990, 0x000001c02391ce70, 0x000001c02391d340, 0x000001c023af2b90
}

Java Threads: ( => current thread )
=>0x000001c00c44b7e0 JavaThread "main" [_thread_in_vm, id=3388, stack(0x000000b691f00000,0x000000b692000000)]
  0x000001c022b45fc0 JavaThread "Reference Handler" daemon [_thread_blocked, id=16192, stack(0x000000b692600000,0x000000b692700000)]
  0x000001c022b46910 JavaThread "Finalizer" daemon [_thread_blocked, id=15956, stack(0x000000b692700000,0x000000b692800000)]
  0x000001c022b61ed0 JavaThread "Signal Dispatcher" daemon [_thread_blocked, id=12184, stack(0x000000b692800000,0x000000b692900000)]
  0x000001c022b62890 JavaThread "Attach Listener" daemon [_thread_blocked, id=8052, stack(0x000000b692900000,0x000000b692a00000)]
  0x000001c022b63150 JavaThread "Service Thread" daemon [_thread_blocked, id=16320, stack(0x000000b692a00000,0x000000b692b00000)]
  0x000001c022b64a20 JavaThread "Monitor Deflation Thread" daemon [_thread_blocked, id=18148, stack(0x000000b692b00000,0x000000b692c00000)]
  0x000001c022b95740 JavaThread "C2 CompilerThread0" daemon [_thread_blocked, id=9940, stack(0x000000b692c00000,0x000000b692d00000)]
  0x000001c022b968d0 JavaThread "C1 CompilerThread0" daemon [_thread_blocked, id=5084, stack(0x000000b692d00000,0x000000b692e00000)]
  0x000001c022b96de0 JavaThread "Sweeper thread" daemon [_thread_blocked, id=4716, stack(0x000000b692e00000,0x000000b692f00000)]
  0x000001c02363a2d0 JavaThread "Notification Thread" daemon [_thread_blocked, id=9024, stack(0x000000b692f00000,0x000000b693000000)]
  0x000001c023654420 JavaThread "Common-Cleaner" daemon [_thread_blocked, id=10136, stack(0x000000b693100000,0x000000b693200000)]
  0x000001c02391b990 JavaThread "Java2D Disposer" daemon [_thread_blocked, id=10932, stack(0x000000b693200000,0x000000b693300000)]
  0x000001c02391ce70 JavaThread "AWT-Shutdown" [_thread_in_vm, id=6372, stack(0x000000b693300000,0x000000b693400000)]
  0x000001c02391d340 JavaThread "AWT-Windows" daemon [_thread_in_native, id=1468, stack(0x000000b693400000,0x000000b693500000)]
  0x000001c023af2b90 JavaThread "Image Fetcher 0" daemon [_thread_in_vm, id=2428, stack(0x000000b693500000,0x000000b693600000)]

Other Threads:
  0x000001c00c4f4290 VMThread "VM Thread" [stack: 0x000000b692500000,0x000000b692600000] [id=13760]
  0x000001c02363e7b0 WatcherThread [stack: 0x000000b693000000,0x000000b693100000] [id=14832]
  0x000001c00c484090 GCTaskThread "GC Thread#0" [stack: 0x000000b692000000,0x000000b692100000] [id=9864]
  0x000001c00c48d370 ConcurrentGCThread "G1 Main Marker" [stack: 0x000000b692100000,0x000000b692200000] [id=14432]
  0x000001c00c48e060 ConcurrentGCThread "G1 Conc#0" [stack: 0x000000b692200000,0x000000b692300000] [id=10692]
  0x000001c00c4c2fd0 ConcurrentGCThread "G1 Refine#0" [stack: 0x000000b692300000,0x000000b692400000] [id=13072]
  0x000001c00c4c3900 ConcurrentGCThread "G1 Service" [stack: 0x000000b692400000,0x000000b692500000] [id=17552]

Threads with active compile tasks:

VM state: not at safepoint (normal execution)

VM Mutex/Monitor currently owned by a thread:  ([mutex/lock_event])
[0x000001c00a3d90d0] Metaspace_lock - owner thread: 0x000001c00c44b7e0

Heap address: 0x00000000c9e00000, size: 866 MB, Compressed Oops mode: 32-bit

CDS archive(s) not mapped
Compressed class space mapped at: 0x0000000100000000-0x0000000140000000, reserved size: 1073741824
Narrow klass base: 0x0000000000000000, Narrow klass shift: 3, Narrow klass range: 0x140000000

GC Precious Log:
 CPUs: 2 total, 2 available
 Memory: 3460M
 Large Page Support: Disabled
 NUMA Support: Disabled
 Compressed Oops: Enabled (32-bit)
 Heap Region Size: 1M
 Heap Min Capacity: 8M
 Heap Initial Capacity: 56M
 Heap Max Capacity: 866M
 Pre-touch: Disabled
 Parallel Workers: 2
 Concurrent Workers: 1
 Concurrent Refinement Workers: 2
 Periodic GC: Disabled

Heap:
 garbage-first heap   total 57344K, used 3072K [0x00000000c9e00000, 0x0000000100000000)
  region size 1024K, 4 young (4096K), 0 survivors (0K)
 Metaspace       used 11083K, committed 11200K, reserved 1064960K
  class space    used 1052K, committed 1088K, reserved 1048576K

Heap Regions: E=young(eden), S=young(survivor), O=old, HS=humongous(starts), HC=humongous(continues), CS=collection set, F=free, OA=open archive, CA=closed archive, TAMS=top-at-mark-start (previous, next)
|   0|0x00000000c9e00000, 0x00000000c9e00000, 0x00000000c9f00000|  0%| F|  |TAMS 0x00000000c9e00000, 0x00000000c9e00000| Untracked 
|   1|0x00000000c9f00000, 0x00000000c9f00000, 0x00000000ca000000|  0%| F|  |TAMS 0x00000000c9f00000, 0x00000000c9f00000| Untracked 
|   2|0x00000000ca000000, 0x00000000ca000000, 0x00000000ca100000|  0%| F|  |TAMS 0x00000000ca000000, 0x00000000ca000000| Untracked 
|   3|0x00000000ca100000, 0x00000000ca100000, 0x00000000ca200000|  0%| F|  |TAMS 0x00000000ca100000, 0x00000000ca100000| Untracked 
|   4|0x00000000ca200000, 0x00000000ca200000, 0x00000000ca300000|  0%| F|  |TAMS 0x00000000ca200000, 0x00000000ca200000| Untracked 
|   5|0x00000000ca300000, 0x00000000ca300000, 0x00000000ca400000|  0%| F|  |TAMS 0x00000000ca300000, 0x00000000ca300000| Untracked 
|   6|0x00000000ca400000, 0x00000000ca400000, 0x00000000ca500000|  0%| F|  |TAMS 0x00000000ca400000, 0x00000000ca400000| Untracked 
|   7|0x00000000ca500000, 0x00000000ca500000, 0x00000000ca600000|  0%| F|  |TAMS 0x00000000ca500000, 0x00000000ca500000| Untracked 
|   8|0x00000000ca600000, 0x00000000ca600000, 0x00000000ca700000|  0%| F|  |TAMS 0x00000000ca600000, 0x00000000ca600000| Untracked 
|   9|0x00000000ca700000, 0x00000000ca700000, 0x00000000ca800000|  0%| F|  |TAMS 0x00000000ca700000, 0x00000000ca700000| Untracked 
|  10|0x00000000ca800000, 0x00000000ca800000, 0x00000000ca900000|  0%| F|  |TAMS 0x00000000ca800000, 0x00000000ca800000| Untracked 
|  11|0x00000000ca900000, 0x00000000ca900000, 0x00000000caa00000|  0%| F|  |TAMS 0x00000000ca900000, 0x00000000ca900000| Untracked 
|  12|0x00000000caa00000, 0x00000000caa00000, 0x00000000cab00000|  0%| F|  |TAMS 0x00000000caa00000, 0x00000000caa00000| Untracked 
|  13|0x00000000cab00000, 0x00000000cab00000, 0x00000000cac00000|  0%| F|  |TAMS 0x00000000cab00000, 0x00000000cab00000| Untracked 
|  14|0x00000000cac00000, 0x00000000cac00000, 0x00000000cad00000|  0%| F|  |TAMS 0x00000000cac00000, 0x00000000cac00000| Untracked 
|  15|0x00000000cad00000, 0x00000000cad00000, 0x00000000cae00000|  0%| F|  |TAMS 0x00000000cad00000, 0x00000000cad00000| Untracked 
|  16|0x00000000cae00000, 0x00000000cae00000, 0x00000000caf00000|  0%| F|  |TAMS 0x00000000cae00000, 0x00000000cae00000| Untracked 
|  17|0x00000000caf00000, 0x00000000caf00000, 0x00000000cb000000|  0%| F|  |TAMS 0x00000000caf00000, 0x00000000caf00000| Untracked 
|  18|0x00000000cb000000, 0x00000000cb000000, 0x00000000cb100000|  0%| F|  |TAMS 0x00000000cb000000, 0x00000000cb000000| Untracked 
|  19|0x00000000cb100000, 0x00000000cb100000, 0x00000000cb200000|  0%| F|  |TAMS 0x00000000cb100000, 0x00000000cb100000| Untracked 
|  20|0x00000000cb200000, 0x00000000cb200000, 0x00000000cb300000|  0%| F|  |TAMS 0x00000000cb200000, 0x00000000cb200000| Untracked 
|  21|0x00000000cb300000, 0x00000000cb300000, 0x00000000cb400000|  0%| F|  |TAMS 0x00000000cb300000, 0x00000000cb300000| Untracked 
|  22|0x00000000cb400000, 0x00000000cb400000, 0x00000000cb500000|  0%| F|  |TAMS 0x00000000cb400000, 0x00000000cb400000| Untracked 
|  23|0x00000000cb500000, 0x00000000cb500000, 0x00000000cb600000|  0%| F|  |TAMS 0x00000000cb500000, 0x00000000cb500000| Untracked 
|  24|0x00000000cb600000, 0x00000000cb600000, 0x00000000cb700000|  0%| F|  |TAMS 0x00000000cb600000, 0x00000000cb600000| Untracked 
|  25|0x00000000cb700000, 0x00000000cb700000, 0x00000000cb800000|  0%| F|  |TAMS 0x00000000cb700000, 0x00000000cb700000| Untracked 
|  26|0x00000000cb800000, 0x00000000cb800000, 0x00000000cb900000|  0%| F|  |TAMS 0x00000000cb800000, 0x00000000cb800000| Untracked 
|  27|0x00000000cb900000, 0x00000000cb900000, 0x00000000cba00000|  0%| F|  |TAMS 0x00000000cb900000, 0x00000000cb900000| Untracked 
|  28|0x00000000cba00000, 0x00000000cba00000, 0x00000000cbb00000|  0%| F|  |TAMS 0x00000000cba00000, 0x00000000cba00000| Untracked 
|  29|0x00000000cbb00000, 0x00000000cbb00000, 0x00000000cbc00000|  0%| F|  |TAMS 0x00000000cbb00000, 0x00000000cbb00000| Untracked 
|  30|0x00000000cbc00000, 0x00000000cbc00000, 0x00000000cbd00000|  0%| F|  |TAMS 0x00000000cbc00000, 0x00000000cbc00000| Untracked 
|  31|0x00000000cbd00000, 0x00000000cbd00000, 0x00000000cbe00000|  0%| F|  |TAMS 0x00000000cbd00000, 0x00000000cbd00000| Untracked 
|  32|0x00000000cbe00000, 0x00000000cbe00000, 0x00000000cbf00000|  0%| F|  |TAMS 0x00000000cbe00000, 0x00000000cbe00000| Untracked 
|  33|0x00000000cbf00000, 0x00000000cbf00000, 0x00000000cc000000|  0%| F|  |TAMS 0x00000000cbf00000, 0x00000000cbf00000| Untracked 
|  34|0x00000000cc000000, 0x00000000cc000000, 0x00000000cc100000|  0%| F|  |TAMS 0x00000000cc000000, 0x00000000cc000000| Untracked 
|  35|0x00000000cc100000, 0x00000000cc100000, 0x00000000cc200000|  0%| F|  |TAMS 0x00000000cc100000, 0x00000000cc100000| Untracked 
|  36|0x00000000cc200000, 0x00000000cc200000, 0x00000000cc300000|  0%| F|  |TAMS 0x00000000cc200000, 0x00000000cc200000| Untracked 
|  37|0x00000000cc300000, 0x00000000cc300000, 0x00000000cc400000|  0%| F|  |TAMS 0x00000000cc300000, 0x00000000cc300000| Untracked 
|  38|0x00000000cc400000, 0x00000000cc400000, 0x00000000cc500000|  0%| F|  |TAMS 0x00000000cc400000, 0x00000000cc400000| Untracked 
|  39|0x00000000cc500000, 0x00000000cc500000, 0x00000000cc600000|  0%| F|  |TAMS 0x00000000cc500000, 0x00000000cc500000| Untracked 
|  40|0x00000000cc600000, 0x00000000cc600000, 0x00000000cc700000|  0%| F|  |TAMS 0x00000000cc600000, 0x00000000cc600000| Untracked 
|  41|0x00000000cc700000, 0x00000000cc700000, 0x00000000cc800000|  0%| F|  |TAMS 0x00000000cc700000, 0x00000000cc700000| Untracked 
|  42|0x00000000cc800000, 0x00000000cc800000, 0x00000000cc900000|  0%| F|  |TAMS 0x00000000cc800000, 0x00000000cc800000| Untracked 
|  43|0x00000000cc900000, 0x00000000cc900000, 0x00000000cca00000|  0%| F|  |TAMS 0x00000000cc900000, 0x00000000cc900000| Untracked 
|  44|0x00000000cca00000, 0x00000000cca00000, 0x00000000ccb00000|  0%| F|  |TAMS 0x00000000cca00000, 0x00000000cca00000| Untracked 
|  45|0x00000000ccb00000, 0x00000000ccb00000, 0x00000000ccc00000|  0%| F|  |TAMS 0x00000000ccb00000, 0x00000000ccb00000| Untracked 
|  46|0x00000000ccc00000, 0x00000000ccc00000, 0x00000000ccd00000|  0%| F|  |TAMS 0x00000000ccc00000, 0x00000000ccc00000| Untracked 
|  47|0x00000000ccd00000, 0x00000000ccd00000, 0x00000000cce00000|  0%| F|  |TAMS 0x00000000ccd00000, 0x00000000ccd00000| Untracked 
|  48|0x00000000cce00000, 0x00000000cce00000, 0x00000000ccf00000|  0%| F|  |TAMS 0x00000000cce00000, 0x00000000cce00000| Untracked 
|  49|0x00000000ccf00000, 0x00000000ccf00000, 0x00000000cd000000|  0%| F|  |TAMS 0x00000000ccf00000, 0x00000000ccf00000| Untracked 
|  50|0x00000000cd000000, 0x00000000cd000000, 0x00000000cd100000|  0%| F|  |TAMS 0x00000000cd000000, 0x00000000cd000000| Untracked 
|  51|0x00000000cd100000, 0x00000000cd100000, 0x00000000cd200000|  0%| F|  |TAMS 0x00000000cd100000, 0x00000000cd100000| Untracked 
|  52|0x00000000cd200000, 0x00000000cd2b8e30, 0x00000000cd300000| 72%| E|  |TAMS 0x00000000cd200000, 0x00000000cd200000| Complete 
|  53|0x00000000cd300000, 0x00000000cd400000, 0x00000000cd400000|100%| E|CS|TAMS 0x00000000cd300000, 0x00000000cd300000| Complete 
|  54|0x00000000cd400000, 0x00000000cd500000, 0x00000000cd500000|100%| E|CS|TAMS 0x00000000cd400000, 0x00000000cd400000| Complete 
|  55|0x00000000cd500000, 0x00000000cd600000, 0x00000000cd600000|100%| E|CS|TAMS 0x00000000cd500000, 0x00000000cd500000| Complete 

Card table byte_map: [0x000001c00c1f0000,0x000001c00c3b0000] _byte_map_base: 0x000001c00bba1000

Marking Bits (Prev, Next): (CMBitMap*) 0x000001c00c4855c0, (CMBitMap*) 0x000001c00c485600
 Prev Bits: [0x000001c01ecc0000, 0x000001c01fa48000)
 Next Bits: [0x000001c01fa50000, 0x000001c0207d8000)

Polling page: 0x000001c00a440000

Metaspace:

Usage:
  Non-class:      9.80 MB used.
      Class:      1.03 MB used.
       Both:     10.82 MB used.

Virtual space:
  Non-class space:       16.00 MB reserved,       9.88 MB ( 62%) committed,  2 nodes.
      Class space:        1.00 GB reserved,       1.06 MB ( <1%) committed,  1 nodes.
             Both:        1.02 GB reserved,      10.94 MB (  1%) committed. 

Chunk freelists:
   Non-Class:  2.12 MB
       Class:  2.75 MB
        Both:  4.87 MB

MaxMetaspaceSize: unlimited
CompressedClassSpaceSize: 1.00 GB
Initial GC threshold: 21.00 MB
Current GC threshold: 21.00 MB
CDS: off
MetaspaceReclaimPolicy: balanced
 - commit_granule_bytes: 65536.
 - commit_granule_words: 8192.
 - virtual_space_node_default_size: 1048576.
 - enlarge_chunks_in_place: 1.
 - new_chunks_are_fully_committed: 0.
 - uncommit_free_chunks: 1.
 - use_allocation_guard: 0.
 - handle_deallocations: 1.


Internal statistics:

num_allocs_failed_limit: 0.
num_arena_births: 96.
num_arena_deaths: 0.
num_vsnodes_births: 3.
num_vsnodes_deaths: 0.
num_space_committed: 175.
num_space_uncommitted: 0.
num_chunks_returned_to_freelist: 0.
num_chunks_taken_from_freelist: 154.
num_chunk_merges: 0.
num_chunk_splits: 75.
num_chunks_enlarged: 25.
num_purges: 0.
num_inconsistent_stats: 0.

CodeHeap 'non-profiled nmethods': size=120064Kb used=137Kb max_used=137Kb free=119926Kb
 bounds [0x000001c0175c0000, 0x000001c017830000, 0x000001c01eb00000]
CodeHeap 'profiled nmethods': size=120000Kb used=789Kb max_used=789Kb free=119210Kb
 bounds [0x000001c010090000, 0x000001c010300000, 0x000001c0175c0000]
CodeHeap 'non-nmethods': size=5696Kb used=1210Kb max_used=1213Kb free=4486Kb
 bounds [0x000001c00fb00000, 0x000001c00fd70000, 0x000001c010090000]
 total_blobs=1050 nmethods=531 adapters=432
 compilation: enabled
              stopped_count=0, restarted_count=0
 full_count=0

Compilation events (20 events):
Event: 1.957 Thread 0x000001c022b968d0  523       3       java.lang.Character::toUpperCase (9 bytes)
Event: 1.957 Thread 0x000001c022b968d0 nmethod 523 0x000001c010150a90 code [0x000001c010150c40, 0x000001c010150e38]
Event: 1.957 Thread 0x000001c022b968d0  521       3       java.lang.CharacterDataLatin1::toUpperCase (53 bytes)
Event: 1.957 Thread 0x000001c022b968d0 nmethod 521 0x000001c010150f10 code [0x000001c0101510c0, 0x000001c010151358]
Event: 1.958 Thread 0x000001c022b968d0  522       3       java.lang.Character::toUpperCase (6 bytes)
Event: 1.958 Thread 0x000001c022b968d0 nmethod 522 0x000001c010151490 code [0x000001c010151640, 0x000001c010151898]
Event: 4.577 Thread 0x000001c022b968d0  524       3       java.util.concurrent.ConcurrentHashMap$Traverser::advance (188 bytes)
Event: 4.578 Thread 0x000001c022b968d0 nmethod 524 0x000001c010151990 code [0x000001c010151be0, 0x000001c010152788]
Event: 4.604 Thread 0x000001c022b968d0  525       3       java.nio.Buffer::nextGetIndex (30 bytes)
Event: 4.605 Thread 0x000001c022b968d0 nmethod 525 0x000001c010152a10 code [0x000001c010152bc0, 0x000001c010152d88]
Event: 4.606 Thread 0x000001c022b968d0  526   !   3       jdk.internal.misc.ScopedMemoryAccess::getShortUnaligned (22 bytes)
Event: 4.606 Thread 0x000001c022b968d0 nmethod 526 0x000001c010152e90 code [0x000001c010153080, 0x000001c0101535a8]
Event: 4.606 Thread 0x000001c022b968d0  527       3       jdk.internal.misc.Unsafe::getShortUnaligned (33 bytes)
Event: 4.607 Thread 0x000001c022b968d0 nmethod 527 0x000001c010153810 code [0x000001c0101539e0, 0x000001c010153d98]
Event: 4.607 Thread 0x000001c022b968d0  529       3       jdk.internal.misc.Unsafe::convEndian (16 bytes)
Event: 4.607 Thread 0x000001c022b968d0 nmethod 529 0x000001c010153f10 code [0x000001c0101540a0, 0x000001c010154258]
Event: 4.607 Thread 0x000001c022b968d0  530       3       java.nio.ByteBufferAsShortBufferB::get (30 bytes)
Event: 4.608 Thread 0x000001c022b968d0 nmethod 530 0x000001c010154310 code [0x000001c010154560, 0x000001c010154e28]
Event: 4.608 Thread 0x000001c022b968d0  531       3       jdk.internal.misc.Unsafe::getShortUnaligned (12 bytes)
Event: 4.609 Thread 0x000001c022b968d0 nmethod 531 0x000001c010155210 code [0x000001c0101553c0, 0x000001c0101555f8]

GC Heap History (0 events):
No events

Deoptimization events (2 events):
Event: 1.956 Thread 0x000001c00c44b7e0 DEOPT PACKING pc=0x000001c0100a8fe7 sp=0x000000b691ffce90
Event: 1.956 Thread 0x000001c00c44b7e0 DEOPT UNPACKING pc=0x000001c00fb52b43 sp=0x000000b691ffc2b0 mode 0

Classes unloaded (0 events):
No events

Classes redefined (0 events):
No events

Internal exceptions (11 events):
Event: 1.173 Thread 0x000001c00c44b7e0 Exception <a 'java/lang/ClassNotFoundException'{0x00000000cd5f6de0}: sun/awt/resources/spi/awtProvider> (0x00000000cd5f6de0) 
thrown [s\src\hotspot\share\classfile\systemDictionary.cpp, line 256]
Event: 1.370 Thread 0x000001c00c44b7e0 Exception <a 'java/io/FileNotFoundException'{0x00000000cd452238}> (0x00000000cd452238) 
thrown [s\src\hotspot\share\prims\jni.cpp, line 516]
Event: 1.382 Thread 0x000001c00c44b7e0 Exception <a 'java/io/FileNotFoundException'{0x00000000cd47f748}> (0x00000000cd47f748) 
thrown [s\src\hotspot\share\prims\jni.cpp, line 516]
Event: 1.427 Thread 0x000001c00c44b7e0 Exception <a 'java/lang/NoSuchMethodError'{0x00000000cd4cd0b0}: 'java.lang.Object java.lang.invoke.DirectMethodHandle$Holder.invokeStaticInit(java.lang.Object)'> (0x00000000cd4cd0b0) 
thrown [s\src\hotspot\share\interpreter\linkResolver.cpp, line 759]
Event: 1.694 Thread 0x000001c00c44b7e0 Exception <a 'java/lang/NoSuchMethodError'{0x00000000cd302fc8}: 'void java.lang.invoke.DirectMethodHandle$Holder.invokeSpecial(java.lang.Object, java.lang.Object, java.lang.Object)'> (0x00000000cd302fc8) 
thrown [s\src\hotspot\share\interpreter\linkResolver.cpp, line 759]
Event: 1.718 Thread 0x000001c00c44b7e0 Exception <a 'java/lang/NoSuchMethodError'{0x00000000cd32d298}: 'java.lang.Object java.lang.invoke.DirectMethodHandle$Holder.newInvokeSpecial(java.lang.Object, java.lang.Object, java.lang.Object, java.lang.Object, java.lang.Object)'> (0x00000000cd32d298) 
thrown [s\src\hotspot\share\interpreter\linkResolver.cpp, line 759]
Event: 1.724 Thread 0x000001c00c44b7e0 Exception <a 'java/lang/NoSuchMethodError'{0x00000000cd338c60}: 'java.lang.Object java.lang.invoke.DirectMethodHandle$Holder.invokeStatic(java.lang.Object, int, java.lang.Object, java.lang.Object, java.lang.Object, java.lang.Object)'> (0x00000000cd338c60) 
thrown [s\src\hotspot\share\interpreter\linkResolver.cpp, line 759]
Event: 1.733 Thread 0x000001c00c44b7e0 Exception <a 'java/lang/NoSuchMethodError'{0x00000000cd35eaa0}: 'java.lang.Object java.lang.invoke.DirectMethodHandle$Holder.invokeStatic(java.lang.Object, int, java.lang.Object)'> (0x00000000cd35eaa0) 
thrown [s\src\hotspot\share\interpreter\linkResolver.cpp, line 759]
Event: 1.763 Thread 0x000001c00c44b7e0 Exception <a 'java/lang/ClassNotFoundException'{0x00000000cd21a000}: com/sun/swing/internal/plaf/metal/resources/spi/metalProvider> (0x00000000cd21a000) 
thrown [s\src\hotspot\share\classfile\systemDictionary.cpp, line 256]
Event: 1.764 Thread 0x000001c00c44b7e0 Exception <a 'java/lang/ClassNotFoundException'{0x00000000cd21e810}: com/sun/swing/internal/plaf/basic/resources/spi/basicProvider> (0x00000000cd21e810) 
thrown [s\src\hotspot\share\classfile\systemDictionary.cpp, line 256]
Event: 1.893 Thread 0x000001c023af2b90 Exception <a 'java/lang/NoSuchMethodError'{0x00000000cd269380}: 'java.lang.Object java.lang.invoke.DirectMethodHandle$Holder.newInvokeSpecial(java.lang.Object, java.lang.Object, java.lang.Object, int, int, int, int, int)'> (0x00000000cd269380) 
thrown [s\src\hotspot\share\interpreter\linkResolver.cpp, line 759]

VM Operations (10 events):
Event: 1.472 Executing VM operation: Cleanup
Event: 1.472 Executing VM operation: Cleanup done
Event: 1.762 Executing VM operation: HandshakeAllThreads
Event: 1.762 Executing VM operation: HandshakeAllThreads done
Event: 1.918 Executing VM operation: HandshakeAllThreads
Event: 1.918 Executing VM operation: HandshakeAllThreads done
Event: 1.956 Executing VM operation: HandshakeAllThreads
Event: 1.956 Executing VM operation: HandshakeAllThreads done
Event: 2.968 Executing VM operation: Cleanup
Event: 2.968 Executing VM operation: Cleanup done

Events (20 events):
Event: 4.601 loading class java/nio/ShortBuffer
Event: 4.602 loading class java/nio/ShortBuffer done
Event: 4.602 loading class java/nio/ByteBufferAsShortBufferB done
Event: 4.603 loading class sun/nio/cs/UTF_16$Decoder
Event: 4.603 loading class sun/nio/cs/UnicodeDecoder
Event: 4.603 loading class sun/nio/cs/UnicodeDecoder done
Event: 4.603 loading class sun/nio/cs/UTF_16$Decoder done
Event: 4.603 loading class java/nio/CharBuffer
Event: 4.603 loading class java/lang/Readable
Event: 4.603 loading class java/lang/Readable done
Event: 4.604 loading class java/nio/CharBuffer done
Event: 4.604 loading class java/nio/HeapCharBuffer
Event: 4.604 loading class java/nio/HeapCharBuffer done
Event: 4.605 loading class java/nio/charset/CoderResult
Event: 4.605 loading class java/nio/charset/CoderResult done
Event: 4.609 loading class sun/font/FileFontStrike
Event: 4.610 loading class sun/font/FileFontStrike done
Event: 4.610 loading class sun/font/FontScaler
Event: 4.610 loading class sun/font/FontScaler done
Event: 4.610 loading class sun/font/FreetypeFontScaler


Dynamic libraries:
0x00007ff64fff0000 - 0x00007ff64fffe000 	C:\Eclipse\eclipse escritorio\plugins\org.eclipse.justj.openjdk.hotspot.jre.full.win32.x86_64_17.0.4.v20220903-1038\jre\bin\javaw.exe
0x00007ff983ed0000 - 0x00007ff9840c8000 	C:\WINDOWS\SYSTEM32\ntdll.dll
0x00007ff983220000 - 0x00007ff9832df000 	C:\WINDOWS\System32\KERNEL32.DLL
0x00007ff981c50000 - 0x00007ff981f2a000 	C:\WINDOWS\System32\KERNELBASE.dll
0x00007ff9819d0000 - 0x00007ff981ad0000 	C:\WINDOWS\System32\ucrtbase.dll
0x00007ff95fe70000 - 0x00007ff95fe88000 	C:\Eclipse\eclipse escritorio\plugins\org.eclipse.justj.openjdk.hotspot.jre.full.win32.x86_64_17.0.4.v20220903-1038\jre\bin\jli.dll
0x00007ff982d10000 - 0x00007ff982ead000 	C:\WINDOWS\System32\USER32.dll
0x00007ff9815e0000 - 0x00007ff981602000 	C:\WINDOWS\System32\win32u.dll
0x00007ff9831f0000 - 0x00007ff98321b000 	C:\WINDOWS\System32\GDI32.dll
0x00007ff981870000 - 0x00007ff981980000 	C:\WINDOWS\System32\gdi32full.dll
0x00007ff981bb0000 - 0x00007ff981c4d000 	C:\WINDOWS\System32\msvcp_win.dll
0x00007ff95d3f0000 - 0x00007ff95d409000 	C:\Eclipse\eclipse escritorio\plugins\org.eclipse.justj.openjdk.hotspot.jre.full.win32.x86_64_17.0.4.v20220903-1038\jre\bin\VCRUNTIME140.dll
0x00007ff977b40000 - 0x00007ff977dda000 	C:\WINDOWS\WinSxS\amd64_microsoft.windows.common-controls_6595b64144ccf1df_6.0.19041.1110_none_60b5254171f9507e\COMCTL32.dll
0x00007ff983430000 - 0x00007ff9834ce000 	C:\WINDOWS\System32\msvcrt.dll
0x00007ff981f30000 - 0x00007ff981f60000 	C:\WINDOWS\System32\IMM32.DLL
0x000000006c6e0000 - 0x000000006c6ec000 	C:\Program Files (x86)\360\Total Security\safemon\SafeWrapper.dll
0x00007ff982eb0000 - 0x00007ff982f5e000 	C:\WINDOWS\System32\ADVAPI32.dll
0x00007ff982010000 - 0x00007ff9820ac000 	C:\WINDOWS\System32\sechost.dll
0x00007ff9820b0000 - 0x00007ff9821d6000 	C:\WINDOWS\System32\RPCRT4.dll
0x00007ff9577c0000 - 0x00007ff957852000 	C:\Program Files (x86)\360\Total Security\safemon\libzdtp64.dll
0x00007ff982260000 - 0x00007ff9829a4000 	C:\WINDOWS\System32\SHELL32.dll
0x00007ff982cb0000 - 0x00007ff982d05000 	C:\WINDOWS\System32\SHLWAPI.dll
0x00007ff981120000 - 0x00007ff98112a000 	C:\WINDOWS\SYSTEM32\VERSION.dll
0x00007ff97c8d0000 - 0x00007ff97c8dc000 	C:\Eclipse\eclipse escritorio\plugins\org.eclipse.justj.openjdk.hotspot.jre.full.win32.x86_64_17.0.4.v20220903-1038\jre\bin\vcruntime140_1.dll
0x00007ff957720000 - 0x00007ff9577b1000 	C:\Eclipse\eclipse escritorio\plugins\org.eclipse.justj.openjdk.hotspot.jre.full.win32.x86_64_17.0.4.v20220903-1038\jre\bin\msvcp140.dll
0x00007ff93ee90000 - 0x00007ff93fad6000 	C:\Eclipse\eclipse escritorio\plugins\org.eclipse.justj.openjdk.hotspot.jre.full.win32.x86_64_17.0.4.v20220903-1038\jre\bin\server\jvm.dll
0x00007ff982f60000 - 0x00007ff982f68000 	C:\WINDOWS\System32\PSAPI.DLL
0x00007ff974a70000 - 0x00007ff974a97000 	C:\WINDOWS\SYSTEM32\WINMM.dll
0x00007ff96cd60000 - 0x00007ff96cd69000 	C:\WINDOWS\SYSTEM32\WSOCK32.dll
0x00007ff982f70000 - 0x00007ff982fdb000 	C:\WINDOWS\System32\WS2_32.dll
0x00007ff97fe10000 - 0x00007ff97fe22000 	C:\WINDOWS\SYSTEM32\kernel.appcore.dll
0x00007ff96bb60000 - 0x00007ff96bb6a000 	C:\Eclipse\eclipse escritorio\plugins\org.eclipse.justj.openjdk.hotspot.jre.full.win32.x86_64_17.0.4.v20220903-1038\jre\bin\jimage.dll
0x00007ff97fbb0000 - 0x00007ff97fd94000 	C:\WINDOWS\SYSTEM32\DBGHELP.DLL
0x00007ff979720000 - 0x00007ff979754000 	C:\WINDOWS\SYSTEM32\dbgcore.DLL
0x00007ff981610000 - 0x00007ff981692000 	C:\WINDOWS\System32\bcryptPrimitives.dll
0x00007ff955640000 - 0x00007ff955665000 	C:\Eclipse\eclipse escritorio\plugins\org.eclipse.justj.openjdk.hotspot.jre.full.win32.x86_64_17.0.4.v20220903-1038\jre\bin\java.dll
0x00007ff95d500000 - 0x00007ff95d518000 	C:\Eclipse\eclipse escritorio\plugins\org.eclipse.justj.openjdk.hotspot.jre.full.win32.x86_64_17.0.4.v20220903-1038\jre\bin\zip.dll
0x00007ff97f2d0000 - 0x00007ff97fa63000 	C:\WINDOWS\SYSTEM32\windows.storage.dll
0x00007ff983b30000 - 0x00007ff983e84000 	C:\WINDOWS\System32\combase.dll
0x00007ff980f60000 - 0x00007ff980f8e000 	C:\WINDOWS\SYSTEM32\Wldp.dll
0x00007ff981f60000 - 0x00007ff98200d000 	C:\WINDOWS\System32\SHCORE.dll
0x00007ff981520000 - 0x00007ff98153f000 	C:\WINDOWS\SYSTEM32\profapi.dll
0x00007ff949320000 - 0x00007ff9494ae000 	C:\Eclipse\eclipse escritorio\plugins\org.eclipse.justj.openjdk.hotspot.jre.full.win32.x86_64_17.0.4.v20220903-1038\jre\bin\awt.dll
0x00007ff982b20000 - 0x00007ff982bed000 	C:\WINDOWS\System32\OLEAUT32.dll
0x00007ff97eb50000 - 0x00007ff97ebe0000 	C:\WINDOWS\SYSTEM32\apphelp.dll
0x00007ff97ec20000 - 0x00007ff97ecbe000 	C:\WINDOWS\system32\uxtheme.dll
0x00007ff9832e0000 - 0x00007ff9833f4000 	C:\WINDOWS\System32\MSCTF.dll
0x00007ff9834e0000 - 0x00007ff98360a000 	C:\WINDOWS\System32\ole32.dll
0x00007ff97f030000 - 0x00007ff97f05f000 	C:\WINDOWS\system32\DWMAPI.DLL
0x00007ff9523f0000 - 0x00007ff952476000 	C:\Eclipse\eclipse escritorio\plugins\org.eclipse.justj.openjdk.hotspot.jre.full.win32.x86_64_17.0.4.v20220903-1038\jre\bin\freetype.dll
0x00007ff951a60000 - 0x00007ff951b08000 	C:\Eclipse\eclipse escritorio\plugins\org.eclipse.justj.openjdk.hotspot.jre.full.win32.x86_64_17.0.4.v20220903-1038\jre\bin\fontmanager.dll
0x00007ff950d20000 - 0x00007ff950e45000 	C:\WINDOWS\system32\opengl32.dll
0x00007ff957420000 - 0x00007ff95744c000 	C:\WINDOWS\SYSTEM32\GLU32.dll
0x00007ff951880000 - 0x00007ff951a4d000 	C:\WINDOWS\system32\d3d9.dll
0x00007ff974aa0000 - 0x00007ff974c5b000 	C:\WINDOWS\System32\DriverStore\FileRepository\u0385914.inf_amd64_728327554da2f068\B382773\aticfx64.dll
0x00007ff9524e0000 - 0x00007ff952514000 	C:\WINDOWS\System32\DriverStore\FileRepository\u0385914.inf_amd64_728327554da2f068\B382773\atiu9p64.dll
0x00007ff93be80000 - 0x00007ff93cbd5000 	C:\WINDOWS\System32\DriverStore\FileRepository\u0385914.inf_amd64_728327554da2f068\B382773\atiumd64.dll
0x000000006b670000 - 0x000000006c597000 	C:\WINDOWS\System32\DriverStore\FileRepository\u0385914.inf_amd64_728327554da2f068\B382773\atiumd6a.dll
0x00007ff9836c0000 - 0x00007ff983b28000 	C:\WINDOWS\System32\SETUPAPI.dll
0x00007ff981980000 - 0x00007ff9819ce000 	C:\WINDOWS\System32\cfgmgr32.dll
0x00007ff981ad0000 - 0x00007ff981af7000 	C:\WINDOWS\System32\bcrypt.dll
0x00007ff981350000 - 0x00007ff98139b000 	C:\WINDOWS\SYSTEM32\POWRPROF.dll
0x00007ff981330000 - 0x00007ff981342000 	C:\WINDOWS\SYSTEM32\UMPDC.dll
0x00007ff972ac0000 - 0x00007ff972af5000 	C:\WINDOWS\SYSTEM32\amdihk64.dll
0x00007ff972a80000 - 0x00007ff972abb000 	C:\WINDOWS\SYSTEM32\dxcore.dll
0x00007ff95cb60000 - 0x00007ff95cb79000 	C:\Eclipse\eclipse escritorio\plugins\org.eclipse.justj.openjdk.hotspot.jre.full.win32.x86_64_17.0.4.v20220903-1038\jre\bin\net.dll
0x00007ff97d380000 - 0x00007ff97d48a000 	C:\WINDOWS\SYSTEM32\WINHTTP.dll
0x00007ff980c50000 - 0x00007ff980cba000 	C:\WINDOWS\system32\mswsock.dll
0x00007ff957e80000 - 0x00007ff957e95000 	C:\Eclipse\eclipse escritorio\plugins\org.eclipse.justj.openjdk.hotspot.jre.full.win32.x86_64_17.0.4.v20220903-1038\jre\bin\nio.dll

dbghelp: loaded successfully - version: 4.0.5 - missing functions: none
symbol engine: initialized successfully - sym options: 0x614 - pdb path: .;C:\Eclipse\eclipse escritorio\plugins\org.eclipse.justj.openjdk.hotspot.jre.full.win32.x86_64_17.0.4.v20220903-1038\jre\bin;C:\WINDOWS\SYSTEM32;C:\WINDOWS\WinSxS\amd64_microsoft.windows.common-controls_6595b64144ccf1df_6.0.19041.1110_none_60b5254171f9507e;C:\Program Files (x86)\360\Total Security\safemon;C:\Eclipse\eclipse escritorio\plugins\org.eclipse.justj.openjdk.hotspot.jre.full.win32.x86_64_17.0.4.v20220903-1038\jre\bin\server;C:\WINDOWS\System32\DriverStore\FileRepository\u0385914.inf_amd64_728327554da2f068\B382773

VM Arguments:
jvm_args: -Dfile.encoding=UTF-8 -XX:+ShowCodeDetailsInExceptionMessages 
java_command: co.edu.uptc.presenter.Presenter
java_class_path (initial): C:\Eclipse\workspace\ArreglosBidimensionales\bin
Launcher Type: SUN_STANDARD

[Global flags]
     intx CICompilerCount                          = 2                                         {product} {ergonomic}
     uint ConcGCThreads                            = 1                                         {product} {ergonomic}
     uint G1ConcRefinementThreads                  = 2                                         {product} {ergonomic}
   size_t G1HeapRegionSize                         = 1048576                                   {product} {ergonomic}
    uintx GCDrainStackTargetSize                   = 64                                        {product} {ergonomic}
   size_t InitialHeapSize                          = 58720256                                  {product} {ergonomic}
   size_t MarkStackSize                            = 4194304                                   {product} {ergonomic}
   size_t MaxHeapSize                              = 908066816                                 {product} {ergonomic}
   size_t MaxNewSize                               = 544210944                                 {product} {ergonomic}
   size_t MinHeapDeltaBytes                        = 1048576                                   {product} {ergonomic}
   size_t MinHeapSize                              = 8388608                                   {product} {ergonomic}
    uintx NonNMethodCodeHeapSize                   = 5826188                                {pd product} {ergonomic}
    uintx NonProfiledCodeHeapSize                  = 122916026                              {pd product} {ergonomic}
    uintx ProfiledCodeHeapSize                     = 122916026                              {pd product} {ergonomic}
    uintx ReservedCodeCacheSize                    = 251658240                              {pd product} {ergonomic}
     bool SegmentedCodeCache                       = true                                      {product} {ergonomic}
     bool ShowCodeDetailsInExceptionMessages       = true                                   {manageable} {command line}
   size_t SoftMaxHeapSize                          = 908066816                              {manageable} {ergonomic}
     bool UseCompressedClassPointers               = true                           {product lp64_product} {ergonomic}
     bool UseCompressedOops                        = true                           {product lp64_product} {ergonomic}
     bool UseG1GC                                  = true                                      {product} {ergonomic}
     bool UseLargePagesIndividualAllocation        = false                                  {pd product} {ergonomic}

Logging:
Log output configuration:
 #0: stdout all=warning uptime,level,tags
 #1: stderr all=off uptime,level,tags

Environment Variables:
JAVA_HOME=C:\Program Files\Java\jdk-19
PATH=C:/Eclipse/eclipse escritorio//plugins/org.eclipse.justj.openjdk.hotspot.jre.full.win32.x86_64_17.0.4.v20220903-1038/jre/bin/server;C:/Eclipse/eclipse escritorio//plugins/org.eclipse.justj.openjdk.hotspot.jre.full.win32.x86_64_17.0.4.v20220903-1038/jre/bin;C:\Program Files\Common Files\Oracle\Java\javapath;C:\Program Files (x86)\Common Files\Oracle\Java\javapath;C:\WINDOWS\system32;C:\WINDOWS;C:\WINDOWS\System32\Wbem;C:\WINDOWS\System32\WindowsPowerShell\v1.0\;C:\WINDOWS\System32\OpenSSH\;C:\Users\Lenovo\OneDrive\Documentos\Programacion\java19s1\jdk-19\bin;C:\Program Files\Git\cmd;C:\Users\Lenovo\AppData\Local\Programs\Python\Python311\Scripts\;C:\Users\Lenovo\AppData\Local\Programs\Python\Python311\;C:\Users\Lenovo\AppData\Local\Microsoft\WindowsApps;C:\Program Files\Java\jdk-19\bin;C:\Users\Lenovo\AppData\Local\Programs\Microsoft VS Code\bin;;C:\Eclipse\eclipse escritorio;
USERNAME=Lenovo
OS=Windows_NT
PROCESSOR_IDENTIFIER=AMD64 Family 23 Model 24 Stepping 1, AuthenticAMD
TMP=C:\Users\Lenovo\AppData\Local\Temp
TEMP=C:\Users\Lenovo\AppData\Local\Temp



---------------  S Y S T E M  ---------------

OS:
 Windows 10 , 64 bit Build 19041 (10.0.19041.2788)
OS uptime: 7 days 23:50 hours

CPU: total 2 (initial active 2) (2 cores per cpu, 1 threads per core) family 23 model 24 stepping 1 microcode 0x0, cx8, cmov, fxsr, mmx, 3dnowpref, sse, sse2, sse3, ssse3, sse4a, sse4.1, sse4.2, popcnt, lzcnt, tsc, tscinvbit, avx, avx2, aes, clmul, bmi1, bmi2, adx, sha, fma, vzeroupper, clflush, clflushopt

Memory: 4k page, system-wide physical 3460M (113M free)
TotalPageFile size 6148M (AvailPageFile size 3M)
current process WorkingSet (physical memory assigned to process): 58M, peak: 58M
current process commit charge ("private bytes"): 140M, peak: 140M

vm_info: OpenJDK 64-Bit Server VM (17.0.4.1+1) for windows-amd64 JRE (17.0.4.1+1), built on Aug 17 2022 07:42:43 by "temurin" with MS VC++ 16.7 (VS2019)

END.
