#
# There is insufficient memory for the Java Runtime Environment to continue.
# Native memory allocation (mmap) failed to map 65536 bytes for Failed to commit metaspace.
# Possible reasons:
#   The system is out of physical RAM or swap space
#   The process is running with CompressedOops enabled, and the Java Heap may be blocking the growth of the native heap
# Possible solutions:
#   Reduce memory load on the system
#   Increase physical memory or swap space
#   Check if swap backing store is full
#   Decrease Java heap size (-Xmx/-Xms)
#   Decrease number of Java threads
#   Decrease Java thread stack sizes (-Xss)
#   Set larger code cache with -XX:ReservedCodeCacheSize=
#   JVM is running with Unscaled Compressed Oops mode in which the Java heap is
#     placed in the first 4GB address space. The Java Heap base address is the
#     maximum limit for the native heap growth. Please use -XX:HeapBaseMinAddress
#     to set the Java Heap base and to place the Java Heap above 4GB virtual address.
# This output file may be truncated or incomplete.
#
#  Out of Memory Error (virtualSpaceNode.cpp:110), pid=25240, tid=25484
#
# JRE version: OpenJDK Runtime Environment Temurin-17.0.4.1+1 (17.0.4.1+1) (build 17.0.4.1+1)
# Java VM: OpenJDK 64-Bit Server VM Temurin-17.0.4.1+1 (17.0.4.1+1, mixed mode, tiered, compressed oops, compressed class ptrs, g1 gc, windows-amd64)
# No core dump will be written. Minidumps are not enabled by default on client versions of Windows
#

---------------  S U M M A R Y ------------

Command Line: -Dfile.encoding=UTF-8 --module-path=C:\Eclipse\workspace\TaxCalculatorCollection\bin -XX:+ShowCodeDetailsInExceptionMessages -Djdk.module.main=TaxCalculatorV_ArrayList TaxCalculatorV_ArrayList/co.edu.uptc.presenter.Presenter

Host: AMD Athlon Silver 3050U with Radeon Graphics   , 2 cores, 3G,  Windows 10 , 64 bit Build 19041 (10.0.19041.2788)
Time: Fri May  5 14:52:55 2023 Hora est. Pacífico, Sudamérica elapsed time: 1.468782 seconds (0d 0h 0m 1s)

---------------  T H R E A D  ---------------

Current thread (0x0000028d6c857cd0):  JavaThread "C1 CompilerThread0" daemon [_thread_in_vm, id=25484, stack(0x000000bd84000000,0x000000bd84100000)]


Current CompileTask:
C1:   1468  641       3       sun.awt.SunToolkit::isInstanceOf (71 bytes)

Stack: [0x000000bd84000000,0x000000bd84100000]
Native frames: (J=compiled Java code, j=interpreted, Vv=VM code, C=native code)
V  [jvm.dll+0x67731a]
V  [jvm.dll+0x832284]
V  [jvm.dll+0x833a2e]
V  [jvm.dll+0x834093]
V  [jvm.dll+0x245775]
V  [jvm.dll+0x82e22b]
V  [jvm.dll+0x61bdf6]
V  [jvm.dll+0x61be5a]
V  [jvm.dll+0x61e67a]
V  [jvm.dll+0x61c796]
V  [jvm.dll+0x62d9da]
V  [jvm.dll+0x62680a]
V  [jvm.dll+0x1cc970]
V  [jvm.dll+0x1ccb5f]
V  [jvm.dll+0x13414e]
V  [jvm.dll+0x134476]
V  [jvm.dll+0x13390a]
V  [jvm.dll+0x1355d1]
V  [jvm.dll+0x227498]
V  [jvm.dll+0x2255e5]
V  [jvm.dll+0x7e7e9b]
V  [jvm.dll+0x7e240a]
V  [jvm.dll+0x6761a5]
C  [ucrtbase.dll+0x21bb2]
C  [KERNEL32.DLL+0x17604]
C  [ntdll.dll+0x526a1]


---------------  P R O C E S S  ---------------

Threads class SMR info:
_java_thread_list=0x0000028d6d97a160, length=17, elements={
0x0000028d560cd060, 0x0000028d5618e7c0, 0x0000028d6c7ca510, 0x0000028d6c7e1b80,
0x0000028d6c7e2540, 0x0000028d6c811610, 0x0000028d6c812ee0, 0x0000028d6c816fd0,
0x0000028d6c857cd0, 0x0000028d6c86a9e0, 0x0000028d6d4be610, 0x0000028d6d64d020,
0x0000028d6d82c990, 0x0000028d6d82ce60, 0x0000028d6d88f060, 0x0000028d6d8d3fe0,
0x0000028d6d9c4a20
}

Java Threads: ( => current thread )
  0x0000028d560cd060 JavaThread "main" [_thread_in_vm, id=9932, stack(0x000000bd83200000,0x000000bd83300000)]
  0x0000028d5618e7c0 JavaThread "Reference Handler" daemon [_thread_blocked, id=3956, stack(0x000000bd83900000,0x000000bd83a00000)]
  0x0000028d6c7ca510 JavaThread "Finalizer" daemon [_thread_blocked, id=5252, stack(0x000000bd83a00000,0x000000bd83b00000)]
  0x0000028d6c7e1b80 JavaThread "Signal Dispatcher" daemon [_thread_blocked, id=14628, stack(0x000000bd83b00000,0x000000bd83c00000)]
  0x0000028d6c7e2540 JavaThread "Attach Listener" daemon [_thread_blocked, id=22212, stack(0x000000bd83c00000,0x000000bd83d00000)]
  0x0000028d6c811610 JavaThread "Service Thread" daemon [_thread_blocked, id=12832, stack(0x000000bd83d00000,0x000000bd83e00000)]
  0x0000028d6c812ee0 JavaThread "Monitor Deflation Thread" daemon [_thread_blocked, id=12808, stack(0x000000bd83e00000,0x000000bd83f00000)]
  0x0000028d6c816fd0 JavaThread "C2 CompilerThread0" daemon [_thread_blocked, id=25032, stack(0x000000bd83f00000,0x000000bd84000000)]
=>0x0000028d6c857cd0 JavaThread "C1 CompilerThread0" daemon [_thread_in_vm, id=25484, stack(0x000000bd84000000,0x000000bd84100000)]
  0x0000028d6c86a9e0 JavaThread "Sweeper thread" daemon [_thread_blocked, id=25108, stack(0x000000bd84100000,0x000000bd84200000)]
  0x0000028d6d4be610 JavaThread "Common-Cleaner" daemon [_thread_blocked, id=21912, stack(0x000000bd84200000,0x000000bd84300000)]
  0x0000028d6d64d020 JavaThread "Notification Thread" daemon [_thread_blocked, id=20040, stack(0x000000bd84300000,0x000000bd84400000)]
  0x0000028d6d82c990 JavaThread "Java2D Disposer" daemon [_thread_blocked, id=25456, stack(0x000000bd84500000,0x000000bd84600000)]
  0x0000028d6d82ce60 JavaThread "AWT-Shutdown" [_thread_blocked, id=24412, stack(0x000000bd84600000,0x000000bd84700000)]
  0x0000028d6d88f060 JavaThread "AWT-Windows" daemon [_thread_in_native, id=20448, stack(0x000000bd84700000,0x000000bd84800000)]
  0x0000028d6d8d3fe0 JavaThread "Image Fetcher 0" daemon [_thread_blocked, id=25160, stack(0x000000bd84800000,0x000000bd84900000)]
  0x0000028d6d9c4a20 JavaThread "AWT-EventQueue-0" [_thread_blocked, id=16544, stack(0x000000bd84900000,0x000000bd84a00000)]

Other Threads:
  0x0000028d56174650 VMThread "VM Thread" [stack: 0x000000bd83800000,0x000000bd83900000] [id=25124]
  0x0000028d6d64d4f0 WatcherThread [stack: 0x000000bd84400000,0x000000bd84500000] [id=23240]
  0x0000028d56104540 GCTaskThread "GC Thread#0" [stack: 0x000000bd83300000,0x000000bd83400000] [id=3692]
  0x0000028d5610cfe0 ConcurrentGCThread "G1 Main Marker" [stack: 0x000000bd83400000,0x000000bd83500000] [id=24280]
  0x0000028d5610e510 ConcurrentGCThread "G1 Conc#0" [stack: 0x000000bd83500000,0x000000bd83600000] [id=17972]
  0x0000028d56145680 ConcurrentGCThread "G1 Refine#0" [stack: 0x000000bd83600000,0x000000bd83700000] [id=20460]
  0x0000028d56145fb0 ConcurrentGCThread "G1 Service" [stack: 0x000000bd83700000,0x000000bd83800000] [id=23384]

Threads with active compile tasks:
C1 CompilerThread0     1741  641       3       sun.awt.SunToolkit::isInstanceOf (71 bytes)

VM state: not at safepoint (normal execution)

VM Mutex/Monitor currently owned by a thread:  ([mutex/lock_event])
[0x0000028d540ea7f0] Metaspace_lock - owner thread: 0x0000028d6c857cd0
[0x0000028d560c77a0] MethodData_lock - owner thread: 0x0000028d6c857cd0

Heap address: 0x00000000c9e00000, size: 866 MB, Compressed Oops mode: 32-bit

CDS archive(s) not mapped
Compressed class space mapped at: 0x0000000100000000-0x0000000140000000, reserved size: 1073741824
Narrow klass base: 0x0000000000000000, Narrow klass shift: 3, Narrow klass range: 0x140000000

GC Precious Log:
 CPUs: 2 total, 2 available
 Memory: 3460M
 Large Page Support: Disabled
 NUMA Support: Disabled
 Compressed Oops: Enabled (32-bit)
 Heap Region Size: 1M
 Heap Min Capacity: 8M
 Heap Initial Capacity: 56M
 Heap Max Capacity: 866M
 Pre-touch: Disabled
 Parallel Workers: 2
 Concurrent Workers: 1
 Concurrent Refinement Workers: 2
 Periodic GC: Disabled

Heap:
 garbage-first heap   total 57344K, used 4096K [0x00000000c9e00000, 0x0000000100000000)
  region size 1024K, 5 young (5120K), 0 survivors (0K)
 Metaspace       used 13289K, committed 13504K, reserved 1064960K
  class space    used 1350K, committed 1472K, reserved 1048576K

Heap Regions: E=young(eden), S=young(survivor), O=old, HS=humongous(starts), HC=humongous(continues), CS=collection set, F=free, OA=open archive, CA=closed archive, TAMS=top-at-mark-start (previous, next)
|   0|0x00000000c9e00000, 0x00000000c9e00000, 0x00000000c9f00000|  0%| F|  |TAMS 0x00000000c9e00000, 0x00000000c9e00000| Untracked 
|   1|0x00000000c9f00000, 0x00000000c9f00000, 0x00000000ca000000|  0%| F|  |TAMS 0x00000000c9f00000, 0x00000000c9f00000| Untracked 
|   2|0x00000000ca000000, 0x00000000ca000000, 0x00000000ca100000|  0%| F|  |TAMS 0x00000000ca000000, 0x00000000ca000000| Untracked 
|   3|0x00000000ca100000, 0x00000000ca100000, 0x00000000ca200000|  0%| F|  |TAMS 0x00000000ca100000, 0x00000000ca100000| Untracked 
|   4|0x00000000ca200000, 0x00000000ca200000, 0x00000000ca300000|  0%| F|  |TAMS 0x00000000ca200000, 0x00000000ca200000| Untracked 
|   5|0x00000000ca300000, 0x00000000ca300000, 0x00000000ca400000|  0%| F|  |TAMS 0x00000000ca300000, 0x00000000ca300000| Untracked 
|   6|0x00000000ca400000, 0x00000000ca400000, 0x00000000ca500000|  0%| F|  |TAMS 0x00000000ca400000, 0x00000000ca400000| Untracked 
|   7|0x00000000ca500000, 0x00000000ca500000, 0x00000000ca600000|  0%| F|  |TAMS 0x00000000ca500000, 0x00000000ca500000| Untracked 
|   8|0x00000000ca600000, 0x00000000ca600000, 0x00000000ca700000|  0%| F|  |TAMS 0x00000000ca600000, 0x00000000ca600000| Untracked 
|   9|0x00000000ca700000, 0x00000000ca700000, 0x00000000ca800000|  0%| F|  |TAMS 0x00000000ca700000, 0x00000000ca700000| Untracked 
|  10|0x00000000ca800000, 0x00000000ca800000, 0x00000000ca900000|  0%| F|  |TAMS 0x00000000ca800000, 0x00000000ca800000| Untracked 
|  11|0x00000000ca900000, 0x00000000ca900000, 0x00000000caa00000|  0%| F|  |TAMS 0x00000000ca900000, 0x00000000ca900000| Untracked 
|  12|0x00000000caa00000, 0x00000000caa00000, 0x00000000cab00000|  0%| F|  |TAMS 0x00000000caa00000, 0x00000000caa00000| Untracked 
|  13|0x00000000cab00000, 0x00000000cab00000, 0x00000000cac00000|  0%| F|  |TAMS 0x00000000cab00000, 0x00000000cab00000| Untracked 
|  14|0x00000000cac00000, 0x00000000cac00000, 0x00000000cad00000|  0%| F|  |TAMS 0x00000000cac00000, 0x00000000cac00000| Untracked 
|  15|0x00000000cad00000, 0x00000000cad00000, 0x00000000cae00000|  0%| F|  |TAMS 0x00000000cad00000, 0x00000000cad00000| Untracked 
|  16|0x00000000cae00000, 0x00000000cae00000, 0x00000000caf00000|  0%| F|  |TAMS 0x00000000cae00000, 0x00000000cae00000| Untracked 
|  17|0x00000000caf00000, 0x00000000caf00000, 0x00000000cb000000|  0%| F|  |TAMS 0x00000000caf00000, 0x00000000caf00000| Untracked 
|  18|0x00000000cb000000, 0x00000000cb000000, 0x00000000cb100000|  0%| F|  |TAMS 0x00000000cb000000, 0x00000000cb000000| Untracked 
|  19|0x00000000cb100000, 0x00000000cb100000, 0x00000000cb200000|  0%| F|  |TAMS 0x00000000cb100000, 0x00000000cb100000| Untracked 
|  20|0x00000000cb200000, 0x00000000cb200000, 0x00000000cb300000|  0%| F|  |TAMS 0x00000000cb200000, 0x00000000cb200000| Untracked 
|  21|0x00000000cb300000, 0x00000000cb300000, 0x00000000cb400000|  0%| F|  |TAMS 0x00000000cb300000, 0x00000000cb300000| Untracked 
|  22|0x00000000cb400000, 0x00000000cb400000, 0x00000000cb500000|  0%| F|  |TAMS 0x00000000cb400000, 0x00000000cb400000| Untracked 
|  23|0x00000000cb500000, 0x00000000cb500000, 0x00000000cb600000|  0%| F|  |TAMS 0x00000000cb500000, 0x00000000cb500000| Untracked 
|  24|0x00000000cb600000, 0x00000000cb600000, 0x00000000cb700000|  0%| F|  |TAMS 0x00000000cb600000, 0x00000000cb600000| Untracked 
|  25|0x00000000cb700000, 0x00000000cb700000, 0x00000000cb800000|  0%| F|  |TAMS 0x00000000cb700000, 0x00000000cb700000| Untracked 
|  26|0x00000000cb800000, 0x00000000cb800000, 0x00000000cb900000|  0%| F|  |TAMS 0x00000000cb800000, 0x00000000cb800000| Untracked 
|  27|0x00000000cb900000, 0x00000000cb900000, 0x00000000cba00000|  0%| F|  |TAMS 0x00000000cb900000, 0x00000000cb900000| Untracked 
|  28|0x00000000cba00000, 0x00000000cba00000, 0x00000000cbb00000|  0%| F|  |TAMS 0x00000000cba00000, 0x00000000cba00000| Untracked 
|  29|0x00000000cbb00000, 0x00000000cbb00000, 0x00000000cbc00000|  0%| F|  |TAMS 0x00000000cbb00000, 0x00000000cbb00000| Untracked 
|  30|0x00000000cbc00000, 0x00000000cbc00000, 0x00000000cbd00000|  0%| F|  |TAMS 0x00000000cbc00000, 0x00000000cbc00000| Untracked 
|  31|0x00000000cbd00000, 0x00000000cbd00000, 0x00000000cbe00000|  0%| F|  |TAMS 0x00000000cbd00000, 0x00000000cbd00000| Untracked 
|  32|0x00000000cbe00000, 0x00000000cbe00000, 0x00000000cbf00000|  0%| F|  |TAMS 0x00000000cbe00000, 0x00000000cbe00000| Untracked 
|  33|0x00000000cbf00000, 0x00000000cbf00000, 0x00000000cc000000|  0%| F|  |TAMS 0x00000000cbf00000, 0x00000000cbf00000| Untracked 
|  34|0x00000000cc000000, 0x00000000cc000000, 0x00000000cc100000|  0%| F|  |TAMS 0x00000000cc000000, 0x00000000cc000000| Untracked 
|  35|0x00000000cc100000, 0x00000000cc100000, 0x00000000cc200000|  0%| F|  |TAMS 0x00000000cc100000, 0x00000000cc100000| Untracked 
|  36|0x00000000cc200000, 0x00000000cc200000, 0x00000000cc300000|  0%| F|  |TAMS 0x00000000cc200000, 0x00000000cc200000| Untracked 
|  37|0x00000000cc300000, 0x00000000cc300000, 0x00000000cc400000|  0%| F|  |TAMS 0x00000000cc300000, 0x00000000cc300000| Untracked 
|  38|0x00000000cc400000, 0x00000000cc400000, 0x00000000cc500000|  0%| F|  |TAMS 0x00000000cc400000, 0x00000000cc400000| Untracked 
|  39|0x00000000cc500000, 0x00000000cc500000, 0x00000000cc600000|  0%| F|  |TAMS 0x00000000cc500000, 0x00000000cc500000| Untracked 
|  40|0x00000000cc600000, 0x00000000cc600000, 0x00000000cc700000|  0%| F|  |TAMS 0x00000000cc600000, 0x00000000cc600000| Untracked 
|  41|0x00000000cc700000, 0x00000000cc700000, 0x00000000cc800000|  0%| F|  |TAMS 0x00000000cc700000, 0x00000000cc700000| Untracked 
|  42|0x00000000cc800000, 0x00000000cc800000, 0x00000000cc900000|  0%| F|  |TAMS 0x00000000cc800000, 0x00000000cc800000| Untracked 
|  43|0x00000000cc900000, 0x00000000cc900000, 0x00000000cca00000|  0%| F|  |TAMS 0x00000000cc900000, 0x00000000cc900000| Untracked 
|  44|0x00000000cca00000, 0x00000000cca00000, 0x00000000ccb00000|  0%| F|  |TAMS 0x00000000cca00000, 0x00000000cca00000| Untracked 
|  45|0x00000000ccb00000, 0x00000000ccb00000, 0x00000000ccc00000|  0%| F|  |TAMS 0x00000000ccb00000, 0x00000000ccb00000| Untracked 
|  46|0x00000000ccc00000, 0x00000000ccc00000, 0x00000000ccd00000|  0%| F|  |TAMS 0x00000000ccc00000, 0x00000000ccc00000| Untracked 
|  47|0x00000000ccd00000, 0x00000000ccd00000, 0x00000000cce00000|  0%| F|  |TAMS 0x00000000ccd00000, 0x00000000ccd00000| Untracked 
|  48|0x00000000cce00000, 0x00000000cce00000, 0x00000000ccf00000|  0%| F|  |TAMS 0x00000000cce00000, 0x00000000cce00000| Untracked 
|  49|0x00000000ccf00000, 0x00000000ccf00000, 0x00000000cd000000|  0%| F|  |TAMS 0x00000000ccf00000, 0x00000000ccf00000| Untracked 
|  50|0x00000000cd000000, 0x00000000cd000000, 0x00000000cd100000|  0%| F|  |TAMS 0x00000000cd000000, 0x00000000cd000000| Untracked 
|  51|0x00000000cd100000, 0x00000000cd1d7f90, 0x00000000cd200000| 84%| E|  |TAMS 0x00000000cd100000, 0x00000000cd100000| Complete 
|  52|0x00000000cd200000, 0x00000000cd300000, 0x00000000cd300000|100%| E|CS|TAMS 0x00000000cd200000, 0x00000000cd200000| Complete 
|  53|0x00000000cd300000, 0x00000000cd400000, 0x00000000cd400000|100%| E|CS|TAMS 0x00000000cd300000, 0x00000000cd300000| Complete 
|  54|0x00000000cd400000, 0x00000000cd500000, 0x00000000cd500000|100%| E|CS|TAMS 0x00000000cd400000, 0x00000000cd400000| Complete 
|  55|0x00000000cd500000, 0x00000000cd600000, 0x00000000cd600000|100%| E|CS|TAMS 0x00000000cd500000, 0x00000000cd500000| Complete 

Card table byte_map: [0x0000028d55e50000,0x0000028d56010000] _byte_map_base: 0x0000028d55801000

Marking Bits (Prev, Next): (CMBitMap*) 0x0000028d56105a70, (CMBitMap*) 0x0000028d56105ab0
 Prev Bits: [0x0000028d68940000, 0x0000028d696c8000)
 Next Bits: [0x0000028d696d0000, 0x0000028d6a458000)

Polling page: 0x0000028d53f80000

Metaspace:

Usage:
  Non-class:     11.66 MB used.
      Class:      1.32 MB used.
       Both:     12.98 MB used.

Virtual space:
  Non-class space:       16.00 MB reserved,      11.75 MB ( 73%) committed,  2 nodes.
      Class space:        1.00 GB reserved,       1.44 MB ( <1%) committed,  1 nodes.
             Both:        1.02 GB reserved,      13.19 MB (  1%) committed. 

Chunk freelists:
   Non-Class:  4.00 MB
       Class:  2.62 MB
        Both:  6.62 MB

MaxMetaspaceSize: unlimited
CompressedClassSpaceSize: 1.00 GB
Initial GC threshold: 21.00 MB
Current GC threshold: 21.00 MB
CDS: off
MetaspaceReclaimPolicy: balanced
 - commit_granule_bytes: 65536.
 - commit_granule_words: 8192.
 - virtual_space_node_default_size: 1048576.
 - enlarge_chunks_in_place: 1.
 - new_chunks_are_fully_committed: 0.
 - uncommit_free_chunks: 1.
 - use_allocation_guard: 0.
 - handle_deallocations: 1.


Internal statistics:

num_allocs_failed_limit: 0.
num_arena_births: 104.
num_arena_deaths: 0.
num_vsnodes_births: 3.
num_vsnodes_deaths: 0.
num_space_committed: 211.
num_space_uncommitted: 0.
num_chunks_returned_to_freelist: 0.
num_chunks_taken_from_freelist: 158.
num_chunk_merges: 0.
num_chunk_splits: 85.
num_chunks_enlarged: 39.
num_purges: 0.
num_inconsistent_stats: 0.

CodeHeap 'non-profiled nmethods': size=120064Kb used=169Kb max_used=169Kb free=119894Kb
 bounds [0x0000028d61240000, 0x0000028d614b0000, 0x0000028d68780000]
CodeHeap 'profiled nmethods': size=120000Kb used=968Kb max_used=968Kb free=119032Kb
 bounds [0x0000028d59d10000, 0x0000028d59f80000, 0x0000028d61240000]
CodeHeap 'non-nmethods': size=5696Kb used=1232Kb max_used=1235Kb free=4464Kb
 bounds [0x0000028d59780000, 0x0000028d599f0000, 0x0000028d59d10000]
 total_blobs=1187 nmethods=640 adapters=460
 compilation: enabled
              stopped_count=0, restarted_count=0
 full_count=0

Compilation events (20 events):
Event: 1.421 Thread 0x0000028d6c857cd0 nmethod 631 0x0000028d61269f10 code [0x0000028d6126a0a0, 0x0000028d6126a178]
Event: 1.422 Thread 0x0000028d6c857cd0  632       3       java.util.StringTokenizer::scanToken (179 bytes)
Event: 1.423 Thread 0x0000028d6c857cd0 nmethod 632 0x0000028d59dfdc10 code [0x0000028d59dfdf80, 0x0000028d59dff598]
Event: 1.423 Thread 0x0000028d6c857cd0  633       1       java.lang.reflect.Field::getModifiers (5 bytes)
Event: 1.423 Thread 0x0000028d6c857cd0 nmethod 633 0x0000028d6126a210 code [0x0000028d6126a3a0, 0x0000028d6126a478]
Event: 1.423 Thread 0x0000028d6c857cd0  634       3       jdk.internal.reflect.MagicAccessorImpl::<init> (5 bytes)
Event: 1.423 Thread 0x0000028d6c857cd0 nmethod 634 0x0000028d59dffd90 code [0x0000028d59dfff20, 0x0000028d59e00078]
Event: 1.425 Thread 0x0000028d6c857cd0  635   !   3       java.awt.Component::firePropertyChange (59 bytes)
Event: 1.425 Thread 0x0000028d6c857cd0 nmethod 635 0x0000028d59e00110 code [0x0000028d59e002e0, 0x0000028d59e00818]
Event: 1.425 Thread 0x0000028d6c857cd0  636       3       javax.swing.UIManager::getDefaults (10 bytes)
Event: 1.425 Thread 0x0000028d6c857cd0 nmethod 636 0x0000028d59e00990 code [0x0000028d59e00b40, 0x0000028d59e00c78]
Event: 1.425 Thread 0x0000028d6c857cd0  637       3       java.lang.ref.Reference::refersTo (6 bytes)
Event: 1.425 Thread 0x0000028d6c857cd0 nmethod 637 0x0000028d59e00d90 code [0x0000028d59e00f40, 0x0000028d59e01108]
Event: 1.425 Thread 0x0000028d6c857cd0  638       3       java.util.ArrayList::iterator (9 bytes)
Event: 1.425 Thread 0x0000028d6c857cd0 nmethod 638 0x0000028d59e01190 code [0x0000028d59e01340, 0x0000028d59e015d8]
Event: 1.427 Thread 0x0000028d6c857cd0  639       3       jdk.internal.reflect.ClassFileAssembler::emitByte (11 bytes)
Event: 1.427 Thread 0x0000028d6c857cd0 nmethod 639 0x0000028d59e01710 code [0x0000028d59e018c0, 0x0000028d59e01a48]
Event: 1.427 Thread 0x0000028d6c857cd0  640       3       jdk.internal.reflect.ByteVectorImpl::add (38 bytes)
Event: 1.427 Thread 0x0000028d6c857cd0 nmethod 640 0x0000028d59e01b90 code [0x0000028d59e01d40, 0x0000028d59e01f08]
Event: 1.428 Thread 0x0000028d6c857cd0  641       3       sun.awt.SunToolkit::isInstanceOf (71 bytes)

GC Heap History (0 events):
No events

Deoptimization events (14 events):
Event: 0.224 Thread 0x0000028d560cd060 Uncommon trap: trap_request=0xffffff45 fr.pc=0x0000028d61246e5c relative=0x000000000000005c
Event: 0.224 Thread 0x0000028d560cd060 Uncommon trap: reason=unstable_if action=reinterpret pc=0x0000028d61246e5c method=java.lang.String.isLatin1()Z @ 10 c2
Event: 0.224 Thread 0x0000028d560cd060 DEOPT PACKING pc=0x0000028d61246e5c sp=0x000000bd832fe200
Event: 0.224 Thread 0x0000028d560cd060 DEOPT UNPACKING pc=0x0000028d597d23a3 sp=0x000000bd832fe190 mode 2
Event: 0.224 Thread 0x0000028d560cd060 Uncommon trap: trap_request=0xffffff45 fr.pc=0x0000028d61248074 relative=0x0000000000000074
Event: 0.224 Thread 0x0000028d560cd060 Uncommon trap: reason=unstable_if action=reinterpret pc=0x0000028d61248074 method=java.lang.String.isLatin1()Z @ 10 c2
Event: 0.224 Thread 0x0000028d560cd060 DEOPT PACKING pc=0x0000028d61248074 sp=0x000000bd832fec00
Event: 0.224 Thread 0x0000028d560cd060 DEOPT UNPACKING pc=0x0000028d597d23a3 sp=0x000000bd832feb40 mode 2
Event: 0.781 Thread 0x0000028d560cd060 DEOPT PACKING pc=0x0000028d59d21a67 sp=0x000000bd832fd490
Event: 0.781 Thread 0x0000028d560cd060 DEOPT UNPACKING pc=0x0000028d597d2b43 sp=0x000000bd832fc8b0 mode 0
Event: 1.363 Thread 0x0000028d560cd060 Uncommon trap: trap_request=0xffffff45 fr.pc=0x0000028d6124bf68 relative=0x0000000000000888
Event: 1.363 Thread 0x0000028d560cd060 Uncommon trap: reason=unstable_if action=reinterpret pc=0x0000028d6124bf68 method=java.util.HashMap.putVal(ILjava/lang/Object;Ljava/lang/Object;ZZ)Ljava/lang/Object; @ 181 c2
Event: 1.363 Thread 0x0000028d560cd060 DEOPT PACKING pc=0x0000028d6124bf68 sp=0x000000bd832fdd30
Event: 1.363 Thread 0x0000028d560cd060 DEOPT UNPACKING pc=0x0000028d597d23a3 sp=0x000000bd832fdce0 mode 2

Classes unloaded (0 events):
No events

Classes redefined (0 events):
No events

Internal exceptions (13 events):
Event: 0.188 Thread 0x0000028d560cd060 Exception <a 'java/lang/NoSuchMethodError'{0x00000000cd5e9d98}: 'void java.lang.invoke.DirectMethodHandle$Holder.invokeVirtual(java.lang.Object, java.lang.Object)'> (0x00000000cd5e9d98) 
thrown [s\src\hotspot\share\interpreter\linkResolver.cpp, line 759]
Event: 0.249 Thread 0x0000028d560cd060 Exception <a 'sun/nio/fs/WindowsException'{0x00000000cd4a0e38}> (0x00000000cd4a0e38) 
thrown [s\src\hotspot\share\prims\jni.cpp, line 516]
Event: 0.254 Thread 0x0000028d560cd060 Exception <a 'java/lang/ClassNotFoundException'{0x00000000cd4a70a0}: sun/awt/resources/spi/awtProvider> (0x00000000cd4a70a0) 
thrown [s\src\hotspot\share\classfile\systemDictionary.cpp, line 256]
Event: 0.376 Thread 0x0000028d560cd060 Exception <a 'java/io/FileNotFoundException'{0x00000000cd4fb910}> (0x00000000cd4fb910) 
thrown [s\src\hotspot\share\prims\jni.cpp, line 516]
Event: 0.386 Thread 0x0000028d560cd060 Exception <a 'java/io/FileNotFoundException'{0x00000000cd329030}> (0x00000000cd329030) 
thrown [s\src\hotspot\share\prims\jni.cpp, line 516]
Event: 0.432 Thread 0x0000028d560cd060 Exception <a 'java/lang/NoSuchMethodError'{0x00000000cd372c88}: 'java.lang.Object java.lang.invoke.DirectMethodHandle$Holder.invokeStaticInit(java.lang.Object)'> (0x00000000cd372c88) 
thrown [s\src\hotspot\share\interpreter\linkResolver.cpp, line 759]
Event: 0.578 Thread 0x0000028d560cd060 Exception <a 'java/lang/NoSuchMethodError'{0x00000000cd3be938}: 'void java.lang.invoke.DirectMethodHandle$Holder.invokeSpecial(java.lang.Object, java.lang.Object, java.lang.Object)'> (0x00000000cd3be938) 
thrown [s\src\hotspot\share\interpreter\linkResolver.cpp, line 759]
Event: 0.586 Thread 0x0000028d560cd060 Exception <a 'java/lang/NoSuchMethodError'{0x00000000cd3e8b00}: 'java.lang.Object java.lang.invoke.DirectMethodHandle$Holder.newInvokeSpecial(java.lang.Object, java.lang.Object, java.lang.Object, java.lang.Object, java.lang.Object)'> (0x00000000cd3e8b00) 
thrown [s\src\hotspot\share\interpreter\linkResolver.cpp, line 759]
Event: 0.588 Thread 0x0000028d560cd060 Exception <a 'java/lang/NoSuchMethodError'{0x00000000cd3f44c8}: 'java.lang.Object java.lang.invoke.DirectMethodHandle$Holder.invokeStatic(java.lang.Object, int, java.lang.Object, java.lang.Object, java.lang.Object, java.lang.Object)'> (0x00000000cd3f44c8) 
thrown [s\src\hotspot\share\interpreter\linkResolver.cpp, line 759]
Event: 0.594 Thread 0x0000028d560cd060 Exception <a 'java/lang/NoSuchMethodError'{0x00000000cd21a3d0}: 'java.lang.Object java.lang.invoke.DirectMethodHandle$Holder.invokeStatic(java.lang.Object, int, java.lang.Object)'> (0x00000000cd21a3d0) 
thrown [s\src\hotspot\share\interpreter\linkResolver.cpp, line 759]
Event: 0.632 Thread 0x0000028d560cd060 Exception <a 'java/lang/ClassNotFoundException'{0x00000000cd2d57d0}: com/sun/swing/internal/plaf/metal/resources/spi/metalProvider> (0x00000000cd2d57d0) 
thrown [s\src\hotspot\share\classfile\systemDictionary.cpp, line 256]
Event: 0.633 Thread 0x0000028d560cd060 Exception <a 'java/lang/ClassNotFoundException'{0x00000000cd2da1f0}: com/sun/swing/internal/plaf/basic/resources/spi/basicProvider> (0x00000000cd2da1f0) 
thrown [s\src\hotspot\share\classfile\systemDictionary.cpp, line 256]
Event: 0.669 Thread 0x0000028d6d8d3fe0 Exception <a 'java/lang/NoSuchMethodError'{0x00000000cd10ccf8}: 'java.lang.Object java.lang.invoke.DirectMethodHandle$Holder.newInvokeSpecial(java.lang.Object, java.lang.Object, java.lang.Object, int, int, int, int, int)'> (0x00000000cd10ccf8) 
thrown [s\src\hotspot\share\interpreter\linkResolver.cpp, line 759]

VM Operations (6 events):
Event: 0.207 Executing VM operation: HandshakeAllThreads
Event: 0.207 Executing VM operation: HandshakeAllThreads done
Event: 0.688 Executing VM operation: HandshakeAllThreads
Event: 0.688 Executing VM operation: HandshakeAllThreads done
Event: 0.786 Executing VM operation: HandshakeAllThreads
Event: 0.786 Executing VM operation: HandshakeAllThreads done

Events (20 events):
Event: 1.426 loading class jdk/internal/reflect/ByteVectorFactory
Event: 1.426 loading class jdk/internal/reflect/ByteVectorFactory done
Event: 1.426 loading class jdk/internal/reflect/ByteVectorImpl
Event: 1.426 loading class jdk/internal/reflect/ByteVector
Event: 1.426 loading class jdk/internal/reflect/ByteVector done
Event: 1.426 loading class jdk/internal/reflect/ByteVectorImpl done
Event: 1.426 loading class jdk/internal/reflect/ClassFileAssembler
Event: 1.426 loading class jdk/internal/reflect/ClassFileAssembler done
Event: 1.427 loading class jdk/internal/reflect/UTF8
Event: 1.427 loading class jdk/internal/reflect/UTF8 done
Event: 1.427 loading class jdk/internal/reflect/Label
Event: 1.427 loading class jdk/internal/reflect/Label done
Event: 1.427 loading class jdk/internal/reflect/Label$PatchInfo
Event: 1.427 loading class jdk/internal/reflect/Label$PatchInfo done
Event: 1.427 loading class jdk/internal/reflect/MethodAccessorGenerator$1
Event: 1.427 loading class jdk/internal/reflect/MethodAccessorGenerator$1 done
Event: 1.427 loading class jdk/internal/reflect/ClassDefiner
Event: 1.427 loading class jdk/internal/reflect/ClassDefiner done
Event: 1.427 loading class jdk/internal/reflect/ClassDefiner$1
Event: 1.427 loading class jdk/internal/reflect/ClassDefiner$1 done


Dynamic libraries:
0x00007ff7973a0000 - 0x00007ff7973ae000 	C:\Eclipse\eclipse escritorio\plugins\org.eclipse.justj.openjdk.hotspot.jre.full.win32.x86_64_17.0.4.v20220903-1038\jre\bin\javaw.exe
0x00007ffbab210000 - 0x00007ffbab408000 	C:\WINDOWS\SYSTEM32\ntdll.dll
0x00007ffba9b40000 - 0x00007ffba9bff000 	C:\WINDOWS\System32\KERNEL32.DLL
0x00007ffba8d50000 - 0x00007ffba902a000 	C:\WINDOWS\System32\KERNELBASE.dll
0x00007ffba8920000 - 0x00007ffba8a20000 	C:\WINDOWS\System32\ucrtbase.dll
0x00007ffb9fa00000 - 0x00007ffb9fa18000 	C:\Eclipse\eclipse escritorio\plugins\org.eclipse.justj.openjdk.hotspot.jre.full.win32.x86_64_17.0.4.v20220903-1038\jre\bin\jli.dll
0x00007ffb9f770000 - 0x00007ffb9f789000 	C:\Eclipse\eclipse escritorio\plugins\org.eclipse.justj.openjdk.hotspot.jre.full.win32.x86_64_17.0.4.v20220903-1038\jre\bin\VCRUNTIME140.dll
0x00007ffbaa0c0000 - 0x00007ffbaa25d000 	C:\WINDOWS\System32\USER32.dll
0x00007ffba8cb0000 - 0x00007ffba8cd2000 	C:\WINDOWS\System32\win32u.dll
0x00007ffba99e0000 - 0x00007ffba9a0b000 	C:\WINDOWS\System32\GDI32.dll
0x00007ffba8b00000 - 0x00007ffba8c10000 	C:\WINDOWS\System32\gdi32full.dll
0x00007ffba8c10000 - 0x00007ffba8cad000 	C:\WINDOWS\System32\msvcp_win.dll
0x00007ffb98c60000 - 0x00007ffb98efa000 	C:\WINDOWS\WinSxS\amd64_microsoft.windows.common-controls_6595b64144ccf1df_6.0.19041.1110_none_60b5254171f9507e\COMCTL32.dll
0x00007ffbaa8a0000 - 0x00007ffbaa93e000 	C:\WINDOWS\System32\msvcrt.dll
0x00007ffbaa350000 - 0x00007ffbaa380000 	C:\WINDOWS\System32\IMM32.DLL
0x0000000071db0000 - 0x0000000071dbc000 	C:\Program Files (x86)\360\Total Security\safemon\SafeWrapper.dll
0x00007ffba9ee0000 - 0x00007ffba9f8e000 	C:\WINDOWS\System32\ADVAPI32.dll
0x00007ffbaa800000 - 0x00007ffbaa89c000 	C:\WINDOWS\System32\sechost.dll
0x00007ffba9a10000 - 0x00007ffba9b36000 	C:\WINDOWS\System32\RPCRT4.dll
0x00007ffb91c00000 - 0x00007ffb91c92000 	C:\Program Files (x86)\360\Total Security\safemon\libzdtp64.dll
0x00007ffba9270000 - 0x00007ffba99b4000 	C:\WINDOWS\System32\SHELL32.dll
0x00007ffbab170000 - 0x00007ffbab1c5000 	C:\WINDOWS\System32\SHLWAPI.dll
0x00007ffba83f0000 - 0x00007ffba83fa000 	C:\WINDOWS\SYSTEM32\VERSION.dll
0x00007ffba5900000 - 0x00007ffba590c000 	C:\Eclipse\eclipse escritorio\plugins\org.eclipse.justj.openjdk.hotspot.jre.full.win32.x86_64_17.0.4.v20220903-1038\jre\bin\vcruntime140_1.dll
0x00007ffb91b60000 - 0x00007ffb91bf1000 	C:\Eclipse\eclipse escritorio\plugins\org.eclipse.justj.openjdk.hotspot.jre.full.win32.x86_64_17.0.4.v20220903-1038\jre\bin\msvcp140.dll
0x00007ffb70fd0000 - 0x00007ffb71c16000 	C:\Eclipse\eclipse escritorio\plugins\org.eclipse.justj.openjdk.hotspot.jre.full.win32.x86_64_17.0.4.v20220903-1038\jre\bin\server\jvm.dll
0x00007ffba9e70000 - 0x00007ffba9e78000 	C:\WINDOWS\System32\PSAPI.DLL
0x00007ffba59b0000 - 0x00007ffba59b9000 	C:\WINDOWS\SYSTEM32\WSOCK32.dll
0x00007ffbaa390000 - 0x00007ffbaa3fb000 	C:\WINDOWS\System32\WS2_32.dll
0x00007ffb9c5a0000 - 0x00007ffb9c5c7000 	C:\WINDOWS\SYSTEM32\WINMM.dll
0x00007ffba7370000 - 0x00007ffba7382000 	C:\WINDOWS\SYSTEM32\kernel.appcore.dll
0x00007ffba5970000 - 0x00007ffba597a000 	C:\Eclipse\eclipse escritorio\plugins\org.eclipse.justj.openjdk.hotspot.jre.full.win32.x86_64_17.0.4.v20220903-1038\jre\bin\jimage.dll
0x00007ffba6f20000 - 0x00007ffba7104000 	C:\WINDOWS\SYSTEM32\DBGHELP.DLL
0x00007ffba0d40000 - 0x00007ffba0d74000 	C:\WINDOWS\SYSTEM32\dbgcore.DLL
0x00007ffba8a70000 - 0x00007ffba8af2000 	C:\WINDOWS\System32\bcryptPrimitives.dll
0x00007ffba4220000 - 0x00007ffba4245000 	C:\Eclipse\eclipse escritorio\plugins\org.eclipse.justj.openjdk.hotspot.jre.full.win32.x86_64_17.0.4.v20220903-1038\jre\bin\java.dll
0x00007ffba5610000 - 0x00007ffba5628000 	C:\Eclipse\eclipse escritorio\plugins\org.eclipse.justj.openjdk.hotspot.jre.full.win32.x86_64_17.0.4.v20220903-1038\jre\bin\zip.dll
0x00007ffba6610000 - 0x00007ffba6da3000 	C:\WINDOWS\SYSTEM32\windows.storage.dll
0x00007ffbaae10000 - 0x00007ffbab164000 	C:\WINDOWS\System32\combase.dll
0x00007ffba8230000 - 0x00007ffba825e000 	C:\WINDOWS\SYSTEM32\Wldp.dll
0x00007ffba9dc0000 - 0x00007ffba9e6d000 	C:\WINDOWS\System32\SHCORE.dll
0x00007ffba8860000 - 0x00007ffba887f000 	C:\WINDOWS\SYSTEM32\profapi.dll
0x00007ffba5120000 - 0x00007ffba5139000 	C:\Eclipse\eclipse escritorio\plugins\org.eclipse.justj.openjdk.hotspot.jre.full.win32.x86_64_17.0.4.v20220903-1038\jre\bin\net.dll
0x00007ffb9fd70000 - 0x00007ffb9fe7a000 	C:\WINDOWS\SYSTEM32\WINHTTP.dll
0x00007ffba7f90000 - 0x00007ffba7ffa000 	C:\WINDOWS\system32\mswsock.dll
0x00007ffba00d0000 - 0x00007ffba00e5000 	C:\Eclipse\eclipse escritorio\plugins\org.eclipse.justj.openjdk.hotspot.jre.full.win32.x86_64_17.0.4.v20220903-1038\jre\bin\nio.dll
0x00007ffb7ef50000 - 0x00007ffb7f0de000 	C:\Eclipse\eclipse escritorio\plugins\org.eclipse.justj.openjdk.hotspot.jre.full.win32.x86_64_17.0.4.v20220903-1038\jre\bin\awt.dll
0x00007ffba9f90000 - 0x00007ffbaa05d000 	C:\WINDOWS\System32\OLEAUT32.dll
0x00007ffba5e10000 - 0x00007ffba5ea0000 	C:\WINDOWS\SYSTEM32\apphelp.dll
0x00007ffba5f80000 - 0x00007ffba601e000 	C:\WINDOWS\system32\uxtheme.dll
0x00007ffbaa630000 - 0x00007ffbaa744000 	C:\WINDOWS\System32\MSCTF.dll
0x00007ffba9c90000 - 0x00007ffba9dba000 	C:\WINDOWS\System32\ole32.dll
0x00007ffba6370000 - 0x00007ffba639f000 	C:\WINDOWS\system32\DWMAPI.DLL
0x00007ffb91ad0000 - 0x00007ffb91b56000 	C:\Eclipse\eclipse escritorio\plugins\org.eclipse.justj.openjdk.hotspot.jre.full.win32.x86_64_17.0.4.v20220903-1038\jre\bin\freetype.dll
0x00007ffb91a20000 - 0x00007ffb91ac8000 	C:\Eclipse\eclipse escritorio\plugins\org.eclipse.justj.openjdk.hotspot.jre.full.win32.x86_64_17.0.4.v20220903-1038\jre\bin\fontmanager.dll
0x00007ffb7de80000 - 0x00007ffb7dfa5000 	C:\WINDOWS\system32\opengl32.dll
0x00007ffb88170000 - 0x00007ffb8819c000 	C:\WINDOWS\SYSTEM32\GLU32.dll
0x00007ffb756f0000 - 0x00007ffb758bd000 	C:\WINDOWS\system32\d3d9.dll
0x00007ffb934b0000 - 0x00007ffb9366b000 	C:\WINDOWS\System32\DriverStore\FileRepository\u0385914.inf_amd64_728327554da2f068\B382773\aticfx64.dll
0x00007ffb9a1c0000 - 0x00007ffb9a1f4000 	C:\WINDOWS\System32\DriverStore\FileRepository\u0385914.inf_amd64_728327554da2f068\B382773\atiu9p64.dll
0x00007ffb6e3b0000 - 0x00007ffb6f105000 	C:\WINDOWS\System32\DriverStore\FileRepository\u0385914.inf_amd64_728327554da2f068\B382773\atiumd64.dll
0x00007ffba0160000 - 0x00007ffba0195000 	C:\WINDOWS\SYSTEM32\amdihk64.dll

dbghelp: loaded successfully - version: 4.0.5 - missing functions: none
symbol engine: initialized successfully - sym options: 0x614 - pdb path: .;C:\Eclipse\eclipse escritorio\plugins\org.eclipse.justj.openjdk.hotspot.jre.full.win32.x86_64_17.0.4.v20220903-1038\jre\bin;C:\WINDOWS\SYSTEM32;C:\WINDOWS\WinSxS\amd64_microsoft.windows.common-controls_6595b64144ccf1df_6.0.19041.1110_none_60b5254171f9507e;C:\Program Files (x86)\360\Total Security\safemon;C:\Eclipse\eclipse escritorio\plugins\org.eclipse.justj.openjdk.hotspot.jre.full.win32.x86_64_17.0.4.v20220903-1038\jre\bin\server;C:\WINDOWS\System32\DriverStore\FileRepository\u0385914.inf_amd64_728327554da2f068\B382773

VM Arguments:
jvm_args: -Dfile.encoding=UTF-8 --module-path=C:\Eclipse\workspace\TaxCalculatorCollection\bin -XX:+ShowCodeDetailsInExceptionMessages -Djdk.module.main=TaxCalculatorV_ArrayList 
java_command: TaxCalculatorV_ArrayList/co.edu.uptc.presenter.Presenter
java_class_path (initial): <not set>
Launcher Type: SUN_STANDARD

[Global flags]
     intx CICompilerCount                          = 2                                         {product} {ergonomic}
     uint ConcGCThreads                            = 1                                         {product} {ergonomic}
     uint G1ConcRefinementThreads                  = 2                                         {product} {ergonomic}
   size_t G1HeapRegionSize                         = 1048576                                   {product} {ergonomic}
    uintx GCDrainStackTargetSize                   = 64                                        {product} {ergonomic}
   size_t InitialHeapSize                          = 58720256                                  {product} {ergonomic}
   size_t MarkStackSize                            = 4194304                                   {product} {ergonomic}
   size_t MaxHeapSize                              = 908066816                                 {product} {ergonomic}
   size_t MaxNewSize                               = 544210944                                 {product} {ergonomic}
   size_t MinHeapDeltaBytes                        = 1048576                                   {product} {ergonomic}
   size_t MinHeapSize                              = 8388608                                   {product} {ergonomic}
    uintx NonNMethodCodeHeapSize                   = 5826188                                {pd product} {ergonomic}
    uintx NonProfiledCodeHeapSize                  = 122916026                              {pd product} {ergonomic}
    uintx ProfiledCodeHeapSize                     = 122916026                              {pd product} {ergonomic}
    uintx ReservedCodeCacheSize                    = 251658240                              {pd product} {ergonomic}
     bool SegmentedCodeCache                       = true                                      {product} {ergonomic}
     bool ShowCodeDetailsInExceptionMessages       = true                                   {manageable} {command line}
   size_t SoftMaxHeapSize                          = 908066816                              {manageable} {ergonomic}
     bool UseCompressedClassPointers               = true                           {product lp64_product} {ergonomic}
     bool UseCompressedOops                        = true                           {product lp64_product} {ergonomic}
     bool UseG1GC                                  = true                                      {product} {ergonomic}
     bool UseLargePagesIndividualAllocation        = false                                  {pd product} {ergonomic}

Logging:
Log output configuration:
 #0: stdout all=warning uptime,level,tags
 #1: stderr all=off uptime,level,tags

Environment Variables:
JAVA_HOME=C:\Program Files\Java\jdk-19
PATH=C:/Eclipse/eclipse escritorio//plugins/org.eclipse.justj.openjdk.hotspot.jre.full.win32.x86_64_17.0.4.v20220903-1038/jre/bin/server;C:/Eclipse/eclipse escritorio//plugins/org.eclipse.justj.openjdk.hotspot.jre.full.win32.x86_64_17.0.4.v20220903-1038/jre/bin;C:\Program Files\Common Files\Oracle\Java\javapath;C:\Program Files (x86)\Common Files\Oracle\Java\javapath;C:\WINDOWS\system32;C:\WINDOWS;C:\WINDOWS\System32\Wbem;C:\WINDOWS\System32\WindowsPowerShell\v1.0\;C:\WINDOWS\System32\OpenSSH\;C:\Users\Lenovo\OneDrive\Documentos\Programacion\java19s1\jdk-19\bin;C:\Users\Lenovo\AppData\Local\Programs\Python\Python311\Scripts\;C:\Users\Lenovo\AppData\Local\Programs\Python\Python311\;C:\Users\Lenovo\AppData\Local\Microsoft\WindowsApps;C:\Program Files\Java\jdk-19\bin;C:\Users\Lenovo\AppData\Local\Programs\Microsoft VS Code\bin;;C:\Eclipse\eclipse escritorio;
USERNAME=Lenovo
OS=Windows_NT
PROCESSOR_IDENTIFIER=AMD64 Family 23 Model 24 Stepping 1, AuthenticAMD
TMP=C:\Users\Lenovo\AppData\Local\Temp
TEMP=C:\Users\Lenovo\AppData\Local\Temp



---------------  S Y S T E M  ---------------

OS:
 Windows 10 , 64 bit Build 19041 (10.0.19041.2788)
OS uptime: 14 days 6:06 hours

CPU: total 2 (initial active 2) (2 cores per cpu, 1 threads per core) family 23 model 24 stepping 1 microcode 0x0, cx8, cmov, fxsr, mmx, 3dnowpref, sse, sse2, sse3, ssse3, sse4a, sse4.1, sse4.2, popcnt, lzcnt, tsc, tscinvbit, avx, avx2, aes, clmul, bmi1, bmi2, adx, sha, fma, vzeroupper, clflush, clflushopt

Memory: 4k page, system-wide physical 3460M (334M free)
TotalPageFile size 6148M (AvailPageFile size 3M)
current process WorkingSet (physical memory assigned to process): 57M, peak: 57M
current process commit charge ("private bytes"): 130M, peak: 136M

vm_info: OpenJDK 64-Bit Server VM (17.0.4.1+1) for windows-amd64 JRE (17.0.4.1+1), built on Aug 17 2022 07:42:43 by "temurin" with MS VC++ 16.7 (VS2019)

END.
