#
# There is insufficient memory for the Java Runtime Environment to continue.
# Native memory allocation (malloc) failed to allocate 32744 bytes for ChunkPool::allocate
# Possible reasons:
#   The system is out of physical RAM or swap space
#   The process is running with CompressedOops enabled, and the Java Heap may be blocking the growth of the native heap
# Possible solutions:
#   Reduce memory load on the system
#   Increase physical memory or swap space
#   Check if swap backing store is full
#   Decrease Java heap size (-Xmx/-Xms)
#   Decrease number of Java threads
#   Decrease Java thread stack sizes (-Xss)
#   Set larger code cache with -XX:ReservedCodeCacheSize=
#   JVM is running with Unscaled Compressed Oops mode in which the Java heap is
#     placed in the first 4GB address space. The Java Heap base address is the
#     maximum limit for the native heap growth. Please use -XX:HeapBaseMinAddress
#     to set the Java Heap base and to place the Java Heap above 4GB virtual address.
# This output file may be truncated or incomplete.
#
#  Out of Memory Error (arena.cpp:78), pid=21252, tid=20812
#
# JRE version: OpenJDK Runtime Environment Temurin-17.0.4.1+1 (17.0.4.1+1) (build 17.0.4.1+1)
# Java VM: OpenJDK 64-Bit Server VM Temurin-17.0.4.1+1 (17.0.4.1+1, mixed mode, tiered, compressed oops, compressed class ptrs, g1 gc, windows-amd64)
# No core dump will be written. Minidumps are not enabled by default on client versions of Windows
#

---------------  S U M M A R Y ------------

Command Line: -Dfile.encoding=UTF-8 --module-path=C:\Eclipse\workspace\TaxCalculatorCollection\bin -XX:+ShowCodeDetailsInExceptionMessages -Djdk.module.main=TaxCalculatorV_ArrayList TaxCalculatorV_ArrayList/co.edu.uptc.presenter.Presenter

Host: AMD Athlon Silver 3050U with Radeon Graphics   , 2 cores, 3G,  Windows 10 , 64 bit Build 19041 (10.0.19041.2788)
Time: Mon May  8 08:48:56 2023 Hora est. Pacífico, Sudamérica elapsed time: 0.723746 seconds (0d 0h 0m 0s)

---------------  T H R E A D  ---------------

Current thread (0x000001c2f754c020):  JavaThread "C1 CompilerThread0" daemon [_thread_in_native, id=20812, stack(0x000000b666f00000,0x000000b667000000)]


Current CompileTask:
C1:    723  647       3       javax.swing.UIDefaults$TextAndMnemonicHashMap::get (358 bytes)

Stack: [0x000000b666f00000,0x000000b667000000]
Native frames: (J=compiled Java code, j=interpreted, Vv=VM code, C=native code)
V  [jvm.dll+0x67731a]
V  [jvm.dll+0x832284]
V  [jvm.dll+0x833a2e]
V  [jvm.dll+0x834093]
V  [jvm.dll+0x245775]
V  [jvm.dll+0xabfc0]
V  [jvm.dll+0xac30c]
V  [jvm.dll+0x175db3]
V  [jvm.dll+0x175e7e]
V  [jvm.dll+0x178799]
V  [jvm.dll+0x17a7d1]
V  [jvm.dll+0x134943]
V  [jvm.dll+0x13423f]
V  [jvm.dll+0x134476]
V  [jvm.dll+0x13390a]
V  [jvm.dll+0x1355d1]
V  [jvm.dll+0x227498]
V  [jvm.dll+0x2255e5]
V  [jvm.dll+0x7e7e9b]
V  [jvm.dll+0x7e240a]
V  [jvm.dll+0x6761a5]
C  [ucrtbase.dll+0x21bb2]
C  [KERNEL32.DLL+0x17604]
C  [ntdll.dll+0x526a1]


---------------  P R O C E S S  ---------------

Threads class SMR info:
_java_thread_list=0x000001c2f853c240, length=17, elements={
0x000001c2ede1d360, 0x000001c2f75277e0, 0x000001c2f74d70d0, 0x000001c2f74f46d0,
0x000001c2f74f4f90, 0x000001c2f74f83d0, 0x000001c2f74fa070, 0x000001c2f7548f70,
0x000001c2f754c020, 0x000001c2f75574e0, 0x000001c2f74ac8e0, 0x000001c2f8246160,
0x000001c2f846d040, 0x000001c2f846f520, 0x000001c2f8470a00, 0x000001c2f84dd820,
0x000001c2f85ab960
}

Java Threads: ( => current thread )
  0x000001c2ede1d360 JavaThread "main" [_thread_blocked, id=18116, stack(0x000000b666100000,0x000000b666200000)]
  0x000001c2f75277e0 JavaThread "Reference Handler" daemon [_thread_blocked, id=21228, stack(0x000000b666800000,0x000000b666900000)]
  0x000001c2f74d70d0 JavaThread "Finalizer" daemon [_thread_blocked, id=24916, stack(0x000000b666900000,0x000000b666a00000)]
  0x000001c2f74f46d0 JavaThread "Signal Dispatcher" daemon [_thread_blocked, id=25628, stack(0x000000b666a00000,0x000000b666b00000)]
  0x000001c2f74f4f90 JavaThread "Attach Listener" daemon [_thread_blocked, id=26156, stack(0x000000b666b00000,0x000000b666c00000)]
  0x000001c2f74f83d0 JavaThread "Service Thread" daemon [_thread_blocked, id=12492, stack(0x000000b666c00000,0x000000b666d00000)]
  0x000001c2f74fa070 JavaThread "Monitor Deflation Thread" daemon [_thread_blocked, id=16328, stack(0x000000b666d00000,0x000000b666e00000)]
  0x000001c2f7548f70 JavaThread "C2 CompilerThread0" daemon [_thread_blocked, id=8456, stack(0x000000b666e00000,0x000000b666f00000)]
=>0x000001c2f754c020 JavaThread "C1 CompilerThread0" daemon [_thread_in_native, id=20812, stack(0x000000b666f00000,0x000000b667000000)]
  0x000001c2f75574e0 JavaThread "Sweeper thread" daemon [_thread_blocked, id=26264, stack(0x000000b667000000,0x000000b667100000)]
  0x000001c2f74ac8e0 JavaThread "Common-Cleaner" daemon [_thread_blocked, id=26448, stack(0x000000b667100000,0x000000b667200000)]
  0x000001c2f8246160 JavaThread "Notification Thread" daemon [_thread_blocked, id=24612, stack(0x000000b667200000,0x000000b667300000)]
  0x000001c2f846d040 JavaThread "Java2D Disposer" daemon [_thread_blocked, id=17440, stack(0x000000b667400000,0x000000b667500000)]
  0x000001c2f846f520 JavaThread "AWT-Shutdown" [_thread_blocked, id=26236, stack(0x000000b667500000,0x000000b667600000)]
  0x000001c2f8470a00 JavaThread "AWT-Windows" daemon [_thread_in_native, id=22960, stack(0x000000b667600000,0x000000b667700000)]
  0x000001c2f84dd820 JavaThread "Image Fetcher 0" daemon [_thread_blocked, id=23860, stack(0x000000b667700000,0x000000b667800000)]
  0x000001c2f85ab960 JavaThread "AWT-EventQueue-0" [_thread_in_Java, id=22352, stack(0x000000b667800000,0x000000b667900000)]

Other Threads:
  0x000001c2edec14e0 VMThread "VM Thread" [stack: 0x000000b666700000,0x000000b666800000] [id=10668]
  0x000001c2f8246630 WatcherThread [stack: 0x000000b667300000,0x000000b667400000] [id=25104]
  0x000001c2ede56240 GCTaskThread "GC Thread#0" [stack: 0x000000b666200000,0x000000b666300000] [id=25792]
  0x000001c2ede5ece0 ConcurrentGCThread "G1 Main Marker" [stack: 0x000000b666300000,0x000000b666400000] [id=26220]
  0x000001c2ede60350 ConcurrentGCThread "G1 Conc#0" [stack: 0x000000b666400000,0x000000b666500000] [id=26096]
  0x000001c2ede91a80 ConcurrentGCThread "G1 Refine#0" [stack: 0x000000b666500000,0x000000b666600000] [id=26148]
  0x000001c2ede93110 ConcurrentGCThread "G1 Service" [stack: 0x000000b666600000,0x000000b666700000] [id=26496]

Threads with active compile tasks:
C1 CompilerThread0     1204  647       3       javax.swing.UIDefaults$TextAndMnemonicHashMap::get (358 bytes)

VM state: not at safepoint (normal execution)

VM Mutex/Monitor currently owned by a thread: None

Heap address: 0x00000000c9e00000, size: 866 MB, Compressed Oops mode: 32-bit

CDS archive(s) not mapped
Compressed class space mapped at: 0x0000000100000000-0x0000000140000000, reserved size: 1073741824
Narrow klass base: 0x0000000000000000, Narrow klass shift: 3, Narrow klass range: 0x140000000

GC Precious Log:
 CPUs: 2 total, 2 available
 Memory: 3460M
 Large Page Support: Disabled
 NUMA Support: Disabled
 Compressed Oops: Enabled (32-bit)
 Heap Region Size: 1M
 Heap Min Capacity: 8M
 Heap Initial Capacity: 56M
 Heap Max Capacity: 866M
 Pre-touch: Disabled
 Parallel Workers: 2
 Concurrent Workers: 1
 Concurrent Refinement Workers: 2
 Periodic GC: Disabled

Heap:
 garbage-first heap   total 57344K, used 5120K [0x00000000c9e00000, 0x0000000100000000)
  region size 1024K, 6 young (6144K), 0 survivors (0K)
 Metaspace       used 14629K, committed 14848K, reserved 1064960K
  class space    used 1541K, committed 1664K, reserved 1048576K

Heap Regions: E=young(eden), S=young(survivor), O=old, HS=humongous(starts), HC=humongous(continues), CS=collection set, F=free, OA=open archive, CA=closed archive, TAMS=top-at-mark-start (previous, next)
|   0|0x00000000c9e00000, 0x00000000c9e00000, 0x00000000c9f00000|  0%| F|  |TAMS 0x00000000c9e00000, 0x00000000c9e00000| Untracked 
|   1|0x00000000c9f00000, 0x00000000c9f00000, 0x00000000ca000000|  0%| F|  |TAMS 0x00000000c9f00000, 0x00000000c9f00000| Untracked 
|   2|0x00000000ca000000, 0x00000000ca000000, 0x00000000ca100000|  0%| F|  |TAMS 0x00000000ca000000, 0x00000000ca000000| Untracked 
|   3|0x00000000ca100000, 0x00000000ca100000, 0x00000000ca200000|  0%| F|  |TAMS 0x00000000ca100000, 0x00000000ca100000| Untracked 
|   4|0x00000000ca200000, 0x00000000ca200000, 0x00000000ca300000|  0%| F|  |TAMS 0x00000000ca200000, 0x00000000ca200000| Untracked 
|   5|0x00000000ca300000, 0x00000000ca300000, 0x00000000ca400000|  0%| F|  |TAMS 0x00000000ca300000, 0x00000000ca300000| Untracked 
|   6|0x00000000ca400000, 0x00000000ca400000, 0x00000000ca500000|  0%| F|  |TAMS 0x00000000ca400000, 0x00000000ca400000| Untracked 
|   7|0x00000000ca500000, 0x00000000ca500000, 0x00000000ca600000|  0%| F|  |TAMS 0x00000000ca500000, 0x00000000ca500000| Untracked 
|   8|0x00000000ca600000, 0x00000000ca600000, 0x00000000ca700000|  0%| F|  |TAMS 0x00000000ca600000, 0x00000000ca600000| Untracked 
|   9|0x00000000ca700000, 0x00000000ca700000, 0x00000000ca800000|  0%| F|  |TAMS 0x00000000ca700000, 0x00000000ca700000| Untracked 
|  10|0x00000000ca800000, 0x00000000ca800000, 0x00000000ca900000|  0%| F|  |TAMS 0x00000000ca800000, 0x00000000ca800000| Untracked 
|  11|0x00000000ca900000, 0x00000000ca900000, 0x00000000caa00000|  0%| F|  |TAMS 0x00000000ca900000, 0x00000000ca900000| Untracked 
|  12|0x00000000caa00000, 0x00000000caa00000, 0x00000000cab00000|  0%| F|  |TAMS 0x00000000caa00000, 0x00000000caa00000| Untracked 
|  13|0x00000000cab00000, 0x00000000cab00000, 0x00000000cac00000|  0%| F|  |TAMS 0x00000000cab00000, 0x00000000cab00000| Untracked 
|  14|0x00000000cac00000, 0x00000000cac00000, 0x00000000cad00000|  0%| F|  |TAMS 0x00000000cac00000, 0x00000000cac00000| Untracked 
|  15|0x00000000cad00000, 0x00000000cad00000, 0x00000000cae00000|  0%| F|  |TAMS 0x00000000cad00000, 0x00000000cad00000| Untracked 
|  16|0x00000000cae00000, 0x00000000cae00000, 0x00000000caf00000|  0%| F|  |TAMS 0x00000000cae00000, 0x00000000cae00000| Untracked 
|  17|0x00000000caf00000, 0x00000000caf00000, 0x00000000cb000000|  0%| F|  |TAMS 0x00000000caf00000, 0x00000000caf00000| Untracked 
|  18|0x00000000cb000000, 0x00000000cb000000, 0x00000000cb100000|  0%| F|  |TAMS 0x00000000cb000000, 0x00000000cb000000| Untracked 
|  19|0x00000000cb100000, 0x00000000cb100000, 0x00000000cb200000|  0%| F|  |TAMS 0x00000000cb100000, 0x00000000cb100000| Untracked 
|  20|0x00000000cb200000, 0x00000000cb200000, 0x00000000cb300000|  0%| F|  |TAMS 0x00000000cb200000, 0x00000000cb200000| Untracked 
|  21|0x00000000cb300000, 0x00000000cb300000, 0x00000000cb400000|  0%| F|  |TAMS 0x00000000cb300000, 0x00000000cb300000| Untracked 
|  22|0x00000000cb400000, 0x00000000cb400000, 0x00000000cb500000|  0%| F|  |TAMS 0x00000000cb400000, 0x00000000cb400000| Untracked 
|  23|0x00000000cb500000, 0x00000000cb500000, 0x00000000cb600000|  0%| F|  |TAMS 0x00000000cb500000, 0x00000000cb500000| Untracked 
|  24|0x00000000cb600000, 0x00000000cb600000, 0x00000000cb700000|  0%| F|  |TAMS 0x00000000cb600000, 0x00000000cb600000| Untracked 
|  25|0x00000000cb700000, 0x00000000cb700000, 0x00000000cb800000|  0%| F|  |TAMS 0x00000000cb700000, 0x00000000cb700000| Untracked 
|  26|0x00000000cb800000, 0x00000000cb800000, 0x00000000cb900000|  0%| F|  |TAMS 0x00000000cb800000, 0x00000000cb800000| Untracked 
|  27|0x00000000cb900000, 0x00000000cb900000, 0x00000000cba00000|  0%| F|  |TAMS 0x00000000cb900000, 0x00000000cb900000| Untracked 
|  28|0x00000000cba00000, 0x00000000cba00000, 0x00000000cbb00000|  0%| F|  |TAMS 0x00000000cba00000, 0x00000000cba00000| Untracked 
|  29|0x00000000cbb00000, 0x00000000cbb00000, 0x00000000cbc00000|  0%| F|  |TAMS 0x00000000cbb00000, 0x00000000cbb00000| Untracked 
|  30|0x00000000cbc00000, 0x00000000cbc00000, 0x00000000cbd00000|  0%| F|  |TAMS 0x00000000cbc00000, 0x00000000cbc00000| Untracked 
|  31|0x00000000cbd00000, 0x00000000cbd00000, 0x00000000cbe00000|  0%| F|  |TAMS 0x00000000cbd00000, 0x00000000cbd00000| Untracked 
|  32|0x00000000cbe00000, 0x00000000cbe00000, 0x00000000cbf00000|  0%| F|  |TAMS 0x00000000cbe00000, 0x00000000cbe00000| Untracked 
|  33|0x00000000cbf00000, 0x00000000cbf00000, 0x00000000cc000000|  0%| F|  |TAMS 0x00000000cbf00000, 0x00000000cbf00000| Untracked 
|  34|0x00000000cc000000, 0x00000000cc000000, 0x00000000cc100000|  0%| F|  |TAMS 0x00000000cc000000, 0x00000000cc000000| Untracked 
|  35|0x00000000cc100000, 0x00000000cc100000, 0x00000000cc200000|  0%| F|  |TAMS 0x00000000cc100000, 0x00000000cc100000| Untracked 
|  36|0x00000000cc200000, 0x00000000cc200000, 0x00000000cc300000|  0%| F|  |TAMS 0x00000000cc200000, 0x00000000cc200000| Untracked 
|  37|0x00000000cc300000, 0x00000000cc300000, 0x00000000cc400000|  0%| F|  |TAMS 0x00000000cc300000, 0x00000000cc300000| Untracked 
|  38|0x00000000cc400000, 0x00000000cc400000, 0x00000000cc500000|  0%| F|  |TAMS 0x00000000cc400000, 0x00000000cc400000| Untracked 
|  39|0x00000000cc500000, 0x00000000cc500000, 0x00000000cc600000|  0%| F|  |TAMS 0x00000000cc500000, 0x00000000cc500000| Untracked 
|  40|0x00000000cc600000, 0x00000000cc600000, 0x00000000cc700000|  0%| F|  |TAMS 0x00000000cc600000, 0x00000000cc600000| Untracked 
|  41|0x00000000cc700000, 0x00000000cc700000, 0x00000000cc800000|  0%| F|  |TAMS 0x00000000cc700000, 0x00000000cc700000| Untracked 
|  42|0x00000000cc800000, 0x00000000cc800000, 0x00000000cc900000|  0%| F|  |TAMS 0x00000000cc800000, 0x00000000cc800000| Untracked 
|  43|0x00000000cc900000, 0x00000000cc900000, 0x00000000cca00000|  0%| F|  |TAMS 0x00000000cc900000, 0x00000000cc900000| Untracked 
|  44|0x00000000cca00000, 0x00000000cca00000, 0x00000000ccb00000|  0%| F|  |TAMS 0x00000000cca00000, 0x00000000cca00000| Untracked 
|  45|0x00000000ccb00000, 0x00000000ccb00000, 0x00000000ccc00000|  0%| F|  |TAMS 0x00000000ccb00000, 0x00000000ccb00000| Untracked 
|  46|0x00000000ccc00000, 0x00000000ccc00000, 0x00000000ccd00000|  0%| F|  |TAMS 0x00000000ccc00000, 0x00000000ccc00000| Untracked 
|  47|0x00000000ccd00000, 0x00000000ccd00000, 0x00000000cce00000|  0%| F|  |TAMS 0x00000000ccd00000, 0x00000000ccd00000| Untracked 
|  48|0x00000000cce00000, 0x00000000cce00000, 0x00000000ccf00000|  0%| F|  |TAMS 0x00000000cce00000, 0x00000000cce00000| Untracked 
|  49|0x00000000ccf00000, 0x00000000ccf00000, 0x00000000cd000000|  0%| F|  |TAMS 0x00000000ccf00000, 0x00000000ccf00000| Untracked 
|  50|0x00000000cd000000, 0x00000000cd0bd958, 0x00000000cd100000| 74%| E|  |TAMS 0x00000000cd000000, 0x00000000cd000000| Complete 
|  51|0x00000000cd100000, 0x00000000cd200000, 0x00000000cd200000|100%| E|CS|TAMS 0x00000000cd100000, 0x00000000cd100000| Complete 
|  52|0x00000000cd200000, 0x00000000cd300000, 0x00000000cd300000|100%| E|CS|TAMS 0x00000000cd200000, 0x00000000cd200000| Complete 
|  53|0x00000000cd300000, 0x00000000cd400000, 0x00000000cd400000|100%| E|CS|TAMS 0x00000000cd300000, 0x00000000cd300000| Complete 
|  54|0x00000000cd400000, 0x00000000cd500000, 0x00000000cd500000|100%| E|CS|TAMS 0x00000000cd400000, 0x00000000cd400000| Complete 
|  55|0x00000000cd500000, 0x00000000cd600000, 0x00000000cd600000|100%| E|CS|TAMS 0x00000000cd500000, 0x00000000cd500000| Complete 

Card table byte_map: [0x000001c2f32d0000,0x000001c2f3490000] _byte_map_base: 0x000001c2f2c81000

Marking Bits (Prev, Next): (CMBitMap*) 0x000001c2ede57770, (CMBitMap*) 0x000001c2ede577b0
 Prev Bits: [0x000001c2f3650000, 0x000001c2f43d8000)
 Next Bits: [0x000001c2f43e0000, 0x000001c2f5168000)

Polling page: 0x000001c2edc70000

Metaspace:

Usage:
  Non-class:     12.79 MB used.
      Class:      1.51 MB used.
       Both:     14.29 MB used.

Virtual space:
  Non-class space:       16.00 MB reserved,      12.88 MB ( 80%) committed,  2 nodes.
      Class space:        1.00 GB reserved,       1.62 MB ( <1%) committed,  1 nodes.
             Both:        1.02 GB reserved,      14.50 MB (  1%) committed. 

Chunk freelists:
   Non-Class:  2.98 MB
       Class:  2.25 MB
        Both:  5.23 MB

MaxMetaspaceSize: unlimited
CompressedClassSpaceSize: 1.00 GB
Initial GC threshold: 21.00 MB
Current GC threshold: 21.00 MB
CDS: off
MetaspaceReclaimPolicy: balanced
 - commit_granule_bytes: 65536.
 - commit_granule_words: 8192.
 - virtual_space_node_default_size: 1048576.
 - enlarge_chunks_in_place: 1.
 - new_chunks_are_fully_committed: 0.
 - uncommit_free_chunks: 1.
 - use_allocation_guard: 0.
 - handle_deallocations: 1.


Internal statistics:

num_allocs_failed_limit: 0.
num_arena_births: 122.
num_arena_deaths: 0.
num_vsnodes_births: 3.
num_vsnodes_deaths: 0.
num_space_committed: 232.
num_space_uncommitted: 0.
num_chunks_returned_to_freelist: 0.
num_chunks_taken_from_freelist: 198.
num_chunk_merges: 0.
num_chunk_splits: 102.
num_chunks_enlarged: 36.
num_purges: 0.
num_inconsistent_stats: 0.

CodeHeap 'non-profiled nmethods': size=120064Kb used=186Kb max_used=186Kb free=119877Kb
 bounds [0x000001c287ac0000, 0x000001c287d30000, 0x000001c28f000000]
CodeHeap 'profiled nmethods': size=120000Kb used=966Kb max_used=966Kb free=119033Kb
 bounds [0x000001c280590000, 0x000001c280800000, 0x000001c287ac0000]
CodeHeap 'non-nmethods': size=5696Kb used=1277Kb max_used=1277Kb free=4418Kb
 bounds [0x000001c280000000, 0x000001c280270000, 0x000001c280590000]
 total_blobs=1262 nmethods=657 adapters=518
 compilation: enabled
              stopped_count=0, restarted_count=0
 full_count=0

Compilation events (20 events):
Event: 0.657 Thread 0x000001c2f754c020 nmethod 638 0x000001c28067d910 code [0x000001c28067db60, 0x000001c28067e1c8]
Event: 0.657 Thread 0x000001c2f754c020  637       3       sun.awt.SunToolkit::getAppContext (42 bytes)
Event: 0.657 Thread 0x000001c2f7548f70  640       4       java.lang.String::toString (2 bytes)
Event: 0.657 Thread 0x000001c2f754c020 nmethod 637 0x000001c28067e490 code [0x000001c28067e740, 0x000001c28067f4e8]
Event: 0.657 Thread 0x000001c2f754c020  639       1       java.awt.Component::getParent_NoClientCode (5 bytes)
Event: 0.657 Thread 0x000001c2f7548f70 nmethod 640 0x000001c287aead10 code [0x000001c287aeae80, 0x000001c287aeaef8]
Event: 0.657 Thread 0x000001c2f754c020 nmethod 639 0x000001c287aeb010 code [0x000001c287aeb1a0, 0x000001c287aeb278]
Event: 0.658 Thread 0x000001c2f754c020  641   !   3       jdk.internal.logger.LazyLoggers$LazyLoggerAccessor::platform (103 bytes)
Event: 0.658 Thread 0x000001c2f754c020 nmethod 641 0x000001c28067f990 code [0x000001c28067fbe0, 0x000001c280680888]
Event: 0.658 Thread 0x000001c2f754c020  644       3       java.util.ArrayList$Itr::next (66 bytes)
Event: 0.659 Thread 0x000001c2f754c020 nmethod 644 0x000001c280680b90 code [0x000001c280680d80, 0x000001c280681148]
Event: 0.659 Thread 0x000001c2f754c020  645       3       java.awt.Component::checkTreeLock (21 bytes)
Event: 0.659 Thread 0x000001c2f754c020 nmethod 645 0x000001c280681310 code [0x000001c2806814e0, 0x000001c280681778]
Event: 0.659 Thread 0x000001c2f754c020  647       3       javax.swing.UIDefaults$TextAndMnemonicHashMap::get (358 bytes)
Event: 0.659 Thread 0x000001c2f7548f70  650       4       java.lang.StringLatin1::indexOfChar (33 bytes)
Event: 0.662 Thread 0x000001c2f7548f70 nmethod 650 0x000001c287aebf10 code [0x000001c287aec080, 0x000001c287aec1f8]
Event: 0.665 Thread 0x000001c2f7548f70  655       4       java.util.HashMap::getNode (150 bytes)
Event: 0.671 Thread 0x000001c2f7548f70 nmethod 655 0x000001c287aec310 code [0x000001c287aec4c0, 0x000001c287aec9e8]
Event: 0.677 Thread 0x000001c2f7548f70  658       4       java.awt.Component::getTreeLock (4 bytes)
Event: 0.677 Thread 0x000001c2f7548f70 nmethod 658 0x000001c287aecd10 code [0x000001c287aece80, 0x000001c287aecef8]

GC Heap History (0 events):
No events

Deoptimization events (16 events):
Event: 0.217 Thread 0x000001c2ede1d360 Uncommon trap: trap_request=0xffffff45 fr.pc=0x000001c287ac57dc relative=0x000000000000005c
Event: 0.217 Thread 0x000001c2ede1d360 Uncommon trap: reason=unstable_if action=reinterpret pc=0x000001c287ac57dc method=java.lang.String.isLatin1()Z @ 10 c2
Event: 0.217 Thread 0x000001c2ede1d360 DEOPT PACKING pc=0x000001c287ac57dc sp=0x000000b6661fe570
Event: 0.217 Thread 0x000001c2ede1d360 DEOPT UNPACKING pc=0x000001c2800523a3 sp=0x000000b6661fe500 mode 2
Event: 0.218 Thread 0x000001c2ede1d360 Uncommon trap: trap_request=0xffffff45 fr.pc=0x000001c287ac88f4 relative=0x0000000000000074
Event: 0.218 Thread 0x000001c2ede1d360 Uncommon trap: reason=unstable_if action=reinterpret pc=0x000001c287ac88f4 method=java.lang.String.isLatin1()Z @ 10 c2
Event: 0.218 Thread 0x000001c2ede1d360 DEOPT PACKING pc=0x000001c287ac88f4 sp=0x000000b6661fef70
Event: 0.218 Thread 0x000001c2ede1d360 DEOPT UNPACKING pc=0x000001c2800523a3 sp=0x000000b6661feeb0 mode 2
Event: 0.471 Thread 0x000001c2ede1d360 DEOPT PACKING pc=0x000001c2805a1267 sp=0x000000b6661fd800
Event: 0.471 Thread 0x000001c2ede1d360 DEOPT UNPACKING pc=0x000001c280052b43 sp=0x000000b6661fcc20 mode 0
Event: 0.591 Thread 0x000001c2ede1d360 Uncommon trap: trap_request=0xffffff45 fr.pc=0x000001c287acc778 relative=0x0000000000000818
Event: 0.591 Thread 0x000001c2ede1d360 Uncommon trap: reason=unstable_if action=reinterpret pc=0x000001c287acc778 method=java.util.HashMap.putVal(ILjava/lang/Object;Ljava/lang/Object;ZZ)Ljava/lang/Object; @ 181 c2
Event: 0.591 Thread 0x000001c2ede1d360 DEOPT PACKING pc=0x000001c287acc778 sp=0x000000b6661fe0b0
Event: 0.591 Thread 0x000001c2ede1d360 DEOPT UNPACKING pc=0x000001c2800523a3 sp=0x000000b6661fe050 mode 2
Event: 0.662 Thread 0x000001c2ede1d360 DEOPT PACKING pc=0x000001c28059e8d1 sp=0x000000b6661fe8d0
Event: 0.662 Thread 0x000001c2ede1d360 DEOPT UNPACKING pc=0x000001c280052b43 sp=0x000000b6661fdd48 mode 0

Classes unloaded (0 events):
No events

Classes redefined (0 events):
No events

Internal exceptions (13 events):
Event: 0.180 Thread 0x000001c2ede1d360 Exception <a 'java/lang/NoSuchMethodError'{0x00000000cd5ea7a8}: 'void java.lang.invoke.DirectMethodHandle$Holder.invokeVirtual(java.lang.Object, java.lang.Object)'> (0x00000000cd5ea7a8) 
thrown [s\src\hotspot\share\interpreter\linkResolver.cpp, line 759]
Event: 0.247 Thread 0x000001c2ede1d360 Exception <a 'sun/nio/fs/WindowsException'{0x00000000cd4a1e80}> (0x00000000cd4a1e80) 
thrown [s\src\hotspot\share\prims\jni.cpp, line 516]
Event: 0.253 Thread 0x000001c2ede1d360 Exception <a 'java/lang/ClassNotFoundException'{0x00000000cd4a80e8}: sun/awt/resources/spi/awtProvider> (0x00000000cd4a80e8) 
thrown [s\src\hotspot\share\classfile\systemDictionary.cpp, line 256]
Event: 0.280 Thread 0x000001c2ede1d360 Exception <a 'java/io/FileNotFoundException'{0x00000000cd4fc968}> (0x00000000cd4fc968) 
thrown [s\src\hotspot\share\prims\jni.cpp, line 516]
Event: 0.292 Thread 0x000001c2ede1d360 Exception <a 'java/io/FileNotFoundException'{0x00000000cd32a138}> (0x00000000cd32a138) 
thrown [s\src\hotspot\share\prims\jni.cpp, line 516]
Event: 0.330 Thread 0x000001c2ede1d360 Exception <a 'java/lang/NoSuchMethodError'{0x00000000cd373d60}: 'java.lang.Object java.lang.invoke.DirectMethodHandle$Holder.invokeStaticInit(java.lang.Object)'> (0x00000000cd373d60) 
thrown [s\src\hotspot\share\interpreter\linkResolver.cpp, line 759]
Event: 0.356 Thread 0x000001c2ede1d360 Exception <a 'java/lang/NoSuchMethodError'{0x00000000cd3bfb30}: 'void java.lang.invoke.DirectMethodHandle$Holder.invokeSpecial(java.lang.Object, java.lang.Object, java.lang.Object)'> (0x00000000cd3bfb30) 
thrown [s\src\hotspot\share\interpreter\linkResolver.cpp, line 759]
Event: 0.365 Thread 0x000001c2ede1d360 Exception <a 'java/lang/NoSuchMethodError'{0x00000000cd3e9c60}: 'java.lang.Object java.lang.invoke.DirectMethodHandle$Holder.newInvokeSpecial(java.lang.Object, java.lang.Object, java.lang.Object, java.lang.Object, java.lang.Object)'> (0x00000000cd3e9c60) 
thrown [s\src\hotspot\share\interpreter\linkResolver.cpp, line 759]
Event: 0.366 Thread 0x000001c2ede1d360 Exception <a 'java/lang/NoSuchMethodError'{0x00000000cd3f5628}: 'java.lang.Object java.lang.invoke.DirectMethodHandle$Holder.invokeStatic(java.lang.Object, int, java.lang.Object, java.lang.Object, java.lang.Object, java.lang.Object)'> (0x00000000cd3f5628) 
thrown [s\src\hotspot\share\interpreter\linkResolver.cpp, line 759]
Event: 0.371 Thread 0x000001c2ede1d360 Exception <a 'java/lang/NoSuchMethodError'{0x00000000cd21b610}: 'java.lang.Object java.lang.invoke.DirectMethodHandle$Holder.invokeStatic(java.lang.Object, int, java.lang.Object)'> (0x00000000cd21b610) 
thrown [s\src\hotspot\share\interpreter\linkResolver.cpp, line 759]
Event: 0.407 Thread 0x000001c2ede1d360 Exception <a 'java/lang/ClassNotFoundException'{0x00000000cd2d6f50}: com/sun/swing/internal/plaf/metal/resources/spi/metalProvider> (0x00000000cd2d6f50) 
thrown [s\src\hotspot\share\classfile\systemDictionary.cpp, line 256]
Event: 0.408 Thread 0x000001c2ede1d360 Exception <a 'java/lang/ClassNotFoundException'{0x00000000cd2db980}: com/sun/swing/internal/plaf/basic/resources/spi/basicProvider> (0x00000000cd2db980) 
thrown [s\src\hotspot\share\classfile\systemDictionary.cpp, line 256]
Event: 0.425 Thread 0x000001c2f84dd820 Exception <a 'java/lang/NoSuchMethodError'{0x00000000cd10ccf8}: 'java.lang.Object java.lang.invoke.DirectMethodHandle$Holder.newInvokeSpecial(java.lang.Object, java.lang.Object, java.lang.Object, int, int, int, int, int)'> (0x00000000cd10ccf8) 
thrown [s\src\hotspot\share\interpreter\linkResolver.cpp, line 759]

VM Operations (6 events):
Event: 0.200 Executing VM operation: HandshakeAllThreads
Event: 0.200 Executing VM operation: HandshakeAllThreads done
Event: 0.444 Executing VM operation: HandshakeAllThreads
Event: 0.444 Executing VM operation: HandshakeAllThreads done
Event: 0.476 Executing VM operation: HandshakeAllThreads
Event: 0.476 Executing VM operation: HandshakeAllThreads done

Events (20 events):
Event: 0.692 loading class sun/java2d/loops/DrawGlyphList
Event: 0.692 loading class sun/java2d/loops/DrawGlyphList done
Event: 0.692 loading class sun/java2d/loops/DrawGlyphListAA
Event: 0.692 loading class sun/java2d/loops/DrawGlyphListAA done
Event: 0.692 loading class sun/java2d/loops/DrawGlyphListLCD
Event: 0.693 loading class sun/java2d/loops/DrawGlyphListLCD done
Event: 0.693 loading class sun/java2d/loops/TransformHelper
Event: 0.693 loading class sun/java2d/loops/TransformHelper done
Event: 0.693 loading class java/awt/BasicStroke
Event: 0.693 loading class java/awt/Stroke
Event: 0.693 loading class java/awt/Stroke done
Event: 0.693 loading class java/awt/BasicStroke done
Event: 0.693 loading class sun/java2d/pipe/ValidatePipe
Event: 0.693 loading class sun/java2d/pipe/ValidatePipe done
Event: 0.693 loading class sun/java2d/loops/CustomComponent
Event: 0.694 loading class sun/java2d/loops/CustomComponent done
Event: 0.694 loading class sun/java2d/loops/GraphicsPrimitiveProxy
Event: 0.694 loading class sun/java2d/loops/GraphicsPrimitiveProxy done
Event: 0.694 loading class sun/java2d/loops/GeneralRenderer
Event: 0.694 loading class sun/java2d/loops/GeneralRenderer done


Dynamic libraries:
0x00007ff62ca00000 - 0x00007ff62ca0e000 	C:\Eclipse\eclipse escritorio\plugins\org.eclipse.justj.openjdk.hotspot.jre.full.win32.x86_64_17.0.4.v20220903-1038\jre\bin\javaw.exe
0x00007ffbab210000 - 0x00007ffbab408000 	C:\WINDOWS\SYSTEM32\ntdll.dll
0x00007ffba9b40000 - 0x00007ffba9bff000 	C:\WINDOWS\System32\KERNEL32.DLL
0x00007ffba8d50000 - 0x00007ffba902a000 	C:\WINDOWS\System32\KERNELBASE.dll
0x00007ffba8920000 - 0x00007ffba8a20000 	C:\WINDOWS\System32\ucrtbase.dll
0x00007ffb89c50000 - 0x00007ffb89c69000 	C:\Eclipse\eclipse escritorio\plugins\org.eclipse.justj.openjdk.hotspot.jre.full.win32.x86_64_17.0.4.v20220903-1038\jre\bin\VCRUNTIME140.dll
0x00007ffb7ede0000 - 0x00007ffb7edf8000 	C:\Eclipse\eclipse escritorio\plugins\org.eclipse.justj.openjdk.hotspot.jre.full.win32.x86_64_17.0.4.v20220903-1038\jre\bin\jli.dll
0x00007ffbaa0c0000 - 0x00007ffbaa25d000 	C:\WINDOWS\System32\USER32.dll
0x00007ffba8cb0000 - 0x00007ffba8cd2000 	C:\WINDOWS\System32\win32u.dll
0x00007ffba99e0000 - 0x00007ffba9a0b000 	C:\WINDOWS\System32\GDI32.dll
0x00007ffb98c60000 - 0x00007ffb98efa000 	C:\WINDOWS\WinSxS\amd64_microsoft.windows.common-controls_6595b64144ccf1df_6.0.19041.1110_none_60b5254171f9507e\COMCTL32.dll
0x00007ffba8b00000 - 0x00007ffba8c10000 	C:\WINDOWS\System32\gdi32full.dll
0x00007ffbaa8a0000 - 0x00007ffbaa93e000 	C:\WINDOWS\System32\msvcrt.dll
0x00007ffba8c10000 - 0x00007ffba8cad000 	C:\WINDOWS\System32\msvcp_win.dll
0x00007ffbaa350000 - 0x00007ffbaa380000 	C:\WINDOWS\System32\IMM32.DLL
0x0000000071db0000 - 0x0000000071dbc000 	C:\Program Files (x86)\360\Total Security\safemon\SafeWrapper.dll
0x00007ffba9ee0000 - 0x00007ffba9f8e000 	C:\WINDOWS\System32\ADVAPI32.dll
0x00007ffbaa800000 - 0x00007ffbaa89c000 	C:\WINDOWS\System32\sechost.dll
0x00007ffba9a10000 - 0x00007ffba9b36000 	C:\WINDOWS\System32\RPCRT4.dll
0x00007ffb62940000 - 0x00007ffb629d2000 	C:\Program Files (x86)\360\Total Security\safemon\libzdtp64.dll
0x00007ffba9270000 - 0x00007ffba99b4000 	C:\WINDOWS\System32\SHELL32.dll
0x00007ffbab170000 - 0x00007ffbab1c5000 	C:\WINDOWS\System32\SHLWAPI.dll
0x00007ffba83f0000 - 0x00007ffba83fa000 	C:\WINDOWS\SYSTEM32\VERSION.dll
0x00007ffba3d10000 - 0x00007ffba3d1c000 	C:\Eclipse\eclipse escritorio\plugins\org.eclipse.justj.openjdk.hotspot.jre.full.win32.x86_64_17.0.4.v20220903-1038\jre\bin\vcruntime140_1.dll
0x00007ffb628a0000 - 0x00007ffb62931000 	C:\Eclipse\eclipse escritorio\plugins\org.eclipse.justj.openjdk.hotspot.jre.full.win32.x86_64_17.0.4.v20220903-1038\jre\bin\msvcp140.dll
0x00007ffb6cb90000 - 0x00007ffb6d7d6000 	C:\Eclipse\eclipse escritorio\plugins\org.eclipse.justj.openjdk.hotspot.jre.full.win32.x86_64_17.0.4.v20220903-1038\jre\bin\server\jvm.dll
0x00007ffba9e70000 - 0x00007ffba9e78000 	C:\WINDOWS\System32\PSAPI.DLL
0x00007ffb9fa00000 - 0x00007ffb9fa09000 	C:\WINDOWS\SYSTEM32\WSOCK32.dll
0x00007ffbaa390000 - 0x00007ffbaa3fb000 	C:\WINDOWS\System32\WS2_32.dll
0x00007ffb9c5a0000 - 0x00007ffb9c5c7000 	C:\WINDOWS\SYSTEM32\WINMM.dll
0x00007ffba7370000 - 0x00007ffba7382000 	C:\WINDOWS\SYSTEM32\kernel.appcore.dll
0x00007ffb9f470000 - 0x00007ffb9f47a000 	C:\Eclipse\eclipse escritorio\plugins\org.eclipse.justj.openjdk.hotspot.jre.full.win32.x86_64_17.0.4.v20220903-1038\jre\bin\jimage.dll
0x00007ffba6f20000 - 0x00007ffba7104000 	C:\WINDOWS\SYSTEM32\DBGHELP.DLL
0x00007ffba0d40000 - 0x00007ffba0d74000 	C:\WINDOWS\SYSTEM32\dbgcore.DLL
0x00007ffba8a70000 - 0x00007ffba8af2000 	C:\WINDOWS\System32\bcryptPrimitives.dll
0x00007ffb9f440000 - 0x00007ffb9f465000 	C:\Eclipse\eclipse escritorio\plugins\org.eclipse.justj.openjdk.hotspot.jre.full.win32.x86_64_17.0.4.v20220903-1038\jre\bin\java.dll
0x00007ffb9f420000 - 0x00007ffb9f438000 	C:\Eclipse\eclipse escritorio\plugins\org.eclipse.justj.openjdk.hotspot.jre.full.win32.x86_64_17.0.4.v20220903-1038\jre\bin\zip.dll
0x00007ffba6610000 - 0x00007ffba6da3000 	C:\WINDOWS\SYSTEM32\windows.storage.dll
0x00007ffbaae10000 - 0x00007ffbab164000 	C:\WINDOWS\System32\combase.dll
0x00007ffba8230000 - 0x00007ffba825e000 	C:\WINDOWS\SYSTEM32\Wldp.dll
0x00007ffba9dc0000 - 0x00007ffba9e6d000 	C:\WINDOWS\System32\SHCORE.dll
0x00007ffba8860000 - 0x00007ffba887f000 	C:\WINDOWS\SYSTEM32\profapi.dll
0x00007ffb9d4f0000 - 0x00007ffb9d509000 	C:\Eclipse\eclipse escritorio\plugins\org.eclipse.justj.openjdk.hotspot.jre.full.win32.x86_64_17.0.4.v20220903-1038\jre\bin\net.dll
0x00007ffb9fd70000 - 0x00007ffb9fe7a000 	C:\WINDOWS\SYSTEM32\WINHTTP.dll
0x00007ffba7f90000 - 0x00007ffba7ffa000 	C:\WINDOWS\system32\mswsock.dll
0x00007ffb9d210000 - 0x00007ffb9d225000 	C:\Eclipse\eclipse escritorio\plugins\org.eclipse.justj.openjdk.hotspot.jre.full.win32.x86_64_17.0.4.v20220903-1038\jre\bin\nio.dll
0x00007ffb619f0000 - 0x00007ffb61b7e000 	C:\Eclipse\eclipse escritorio\plugins\org.eclipse.justj.openjdk.hotspot.jre.full.win32.x86_64_17.0.4.v20220903-1038\jre\bin\awt.dll
0x00007ffba9f90000 - 0x00007ffbaa05d000 	C:\WINDOWS\System32\OLEAUT32.dll
0x00007ffba5e10000 - 0x00007ffba5ea0000 	C:\WINDOWS\SYSTEM32\apphelp.dll
0x00007ffba5f80000 - 0x00007ffba601e000 	C:\WINDOWS\system32\uxtheme.dll
0x00007ffbaa630000 - 0x00007ffbaa744000 	C:\WINDOWS\System32\MSCTF.dll
0x00007ffba9c90000 - 0x00007ffba9dba000 	C:\WINDOWS\System32\ole32.dll
0x00007ffba6370000 - 0x00007ffba639f000 	C:\WINDOWS\system32\DWMAPI.DLL
0x00007ffb62810000 - 0x00007ffb62896000 	C:\Eclipse\eclipse escritorio\plugins\org.eclipse.justj.openjdk.hotspot.jre.full.win32.x86_64_17.0.4.v20220903-1038\jre\bin\freetype.dll
0x00007ffb61940000 - 0x00007ffb619e8000 	C:\Eclipse\eclipse escritorio\plugins\org.eclipse.justj.openjdk.hotspot.jre.full.win32.x86_64_17.0.4.v20220903-1038\jre\bin\fontmanager.dll
0x00007ffb7d570000 - 0x00007ffb7d695000 	C:\WINDOWS\system32\opengl32.dll
0x00007ffb92200000 - 0x00007ffb9222c000 	C:\WINDOWS\SYSTEM32\GLU32.dll
0x00007ffb73a20000 - 0x00007ffb73bed000 	C:\WINDOWS\system32\d3d9.dll
0x00007ffb93fd0000 - 0x00007ffb9418b000 	C:\WINDOWS\System32\DriverStore\FileRepository\u0385914.inf_amd64_728327554da2f068\B382773\aticfx64.dll
0x00007ffb6fd90000 - 0x00007ffb6fdc4000 	C:\WINDOWS\System32\DriverStore\FileRepository\u0385914.inf_amd64_728327554da2f068\B382773\atiu9p64.dll
0x00007ffb529e0000 - 0x00007ffb53735000 	C:\WINDOWS\System32\DriverStore\FileRepository\u0385914.inf_amd64_728327554da2f068\B382773\atiumd64.dll
0x00007ffba0160000 - 0x00007ffba0195000 	C:\WINDOWS\SYSTEM32\amdihk64.dll
0x00007ffb94190000 - 0x00007ffb94344000 	C:\WINDOWS\SYSTEM32\WindowsCodecs.dll
0x00007ffba9190000 - 0x00007ffba91b7000 	C:\WINDOWS\System32\bcrypt.dll
0x00007ffb93670000 - 0x00007ffb93769000 	C:\WINDOWS\SYSTEM32\textinputframework.dll
0x00007ffba5a20000 - 0x00007ffba5d7e000 	C:\WINDOWS\System32\CoreUIComponents.dll
0x00007ffba5470000 - 0x00007ffba5562000 	C:\WINDOWS\System32\CoreMessaging.dll
0x00007ffba79f0000 - 0x00007ffba7a23000 	C:\WINDOWS\SYSTEM32\ntmarta.dll
0x00007ffba4aa0000 - 0x00007ffba4bf4000 	C:\WINDOWS\SYSTEM32\wintypes.dll

dbghelp: loaded successfully - version: 4.0.5 - missing functions: none
symbol engine: initialized successfully - sym options: 0x614 - pdb path: .;C:\Eclipse\eclipse escritorio\plugins\org.eclipse.justj.openjdk.hotspot.jre.full.win32.x86_64_17.0.4.v20220903-1038\jre\bin;C:\WINDOWS\SYSTEM32;C:\WINDOWS\WinSxS\amd64_microsoft.windows.common-controls_6595b64144ccf1df_6.0.19041.1110_none_60b5254171f9507e;C:\Program Files (x86)\360\Total Security\safemon;C:\Eclipse\eclipse escritorio\plugins\org.eclipse.justj.openjdk.hotspot.jre.full.win32.x86_64_17.0.4.v20220903-1038\jre\bin\server;C:\WINDOWS\System32\DriverStore\FileRepository\u0385914.inf_amd64_728327554da2f068\B382773

VM Arguments:
jvm_args: -Dfile.encoding=UTF-8 --module-path=C:\Eclipse\workspace\TaxCalculatorCollection\bin -XX:+ShowCodeDetailsInExceptionMessages -Djdk.module.main=TaxCalculatorV_ArrayList 
java_command: TaxCalculatorV_ArrayList/co.edu.uptc.presenter.Presenter
java_class_path (initial): <not set>
Launcher Type: SUN_STANDARD

[Global flags]
     intx CICompilerCount                          = 2                                         {product} {ergonomic}
     uint ConcGCThreads                            = 1                                         {product} {ergonomic}
     uint G1ConcRefinementThreads                  = 2                                         {product} {ergonomic}
   size_t G1HeapRegionSize                         = 1048576                                   {product} {ergonomic}
    uintx GCDrainStackTargetSize                   = 64                                        {product} {ergonomic}
   size_t InitialHeapSize                          = 58720256                                  {product} {ergonomic}
   size_t MarkStackSize                            = 4194304                                   {product} {ergonomic}
   size_t MaxHeapSize                              = 908066816                                 {product} {ergonomic}
   size_t MaxNewSize                               = 544210944                                 {product} {ergonomic}
   size_t MinHeapDeltaBytes                        = 1048576                                   {product} {ergonomic}
   size_t MinHeapSize                              = 8388608                                   {product} {ergonomic}
    uintx NonNMethodCodeHeapSize                   = 5826188                                {pd product} {ergonomic}
    uintx NonProfiledCodeHeapSize                  = 122916026                              {pd product} {ergonomic}
    uintx ProfiledCodeHeapSize                     = 122916026                              {pd product} {ergonomic}
    uintx ReservedCodeCacheSize                    = 251658240                              {pd product} {ergonomic}
     bool SegmentedCodeCache                       = true                                      {product} {ergonomic}
     bool ShowCodeDetailsInExceptionMessages       = true                                   {manageable} {command line}
   size_t SoftMaxHeapSize                          = 908066816                              {manageable} {ergonomic}
     bool UseCompressedClassPointers               = true                           {product lp64_product} {ergonomic}
     bool UseCompressedOops                        = true                           {product lp64_product} {ergonomic}
     bool UseG1GC                                  = true                                      {product} {ergonomic}
     bool UseLargePagesIndividualAllocation        = false                                  {pd product} {ergonomic}

Logging:
Log output configuration:
 #0: stdout all=warning uptime,level,tags
 #1: stderr all=off uptime,level,tags

Environment Variables:
JAVA_HOME=C:\Program Files\Java\jdk-19
PATH=C:/Eclipse/eclipse escritorio//plugins/org.eclipse.justj.openjdk.hotspot.jre.full.win32.x86_64_17.0.4.v20220903-1038/jre/bin/server;C:/Eclipse/eclipse escritorio//plugins/org.eclipse.justj.openjdk.hotspot.jre.full.win32.x86_64_17.0.4.v20220903-1038/jre/bin;C:\Program Files\Common Files\Oracle\Java\javapath;C:\Program Files (x86)\Common Files\Oracle\Java\javapath;C:\WINDOWS\system32;C:\WINDOWS;C:\WINDOWS\System32\Wbem;C:\WINDOWS\System32\WindowsPowerShell\v1.0\;C:\WINDOWS\System32\OpenSSH\;C:\Users\Lenovo\OneDrive\Documentos\Programacion\java19s1\jdk-19\bin;C:\Users\Lenovo\AppData\Local\Programs\Python\Python311\Scripts\;C:\Users\Lenovo\AppData\Local\Programs\Python\Python311\;C:\Users\Lenovo\AppData\Local\Microsoft\WindowsApps;C:\Program Files\Java\jdk-19\bin;C:\Users\Lenovo\AppData\Local\Programs\Microsoft VS Code\bin;;C:\Eclipse\eclipse escritorio;
USERNAME=Lenovo
OS=Windows_NT
PROCESSOR_IDENTIFIER=AMD64 Family 23 Model 24 Stepping 1, AuthenticAMD
TMP=C:\Users\Lenovo\AppData\Local\Temp
TEMP=C:\Users\Lenovo\AppData\Local\Temp



---------------  S Y S T E M  ---------------

OS:
 Windows 10 , 64 bit Build 19041 (10.0.19041.2788)
OS uptime: 17 days 0:02 hours

CPU: total 2 (initial active 2) (2 cores per cpu, 1 threads per core) family 23 model 24 stepping 1 microcode 0x0, cx8, cmov, fxsr, mmx, 3dnowpref, sse, sse2, sse3, ssse3, sse4a, sse4.1, sse4.2, popcnt, lzcnt, tsc, tscinvbit, avx, avx2, aes, clmul, bmi1, bmi2, adx, sha, fma, vzeroupper, clflush, clflushopt

Memory: 4k page, system-wide physical 3460M (399M free)
TotalPageFile size 6148M (AvailPageFile size 0M)
current process WorkingSet (physical memory assigned to process): 66M, peak: 66M
current process commit charge ("private bytes"): 135M, peak: 136M

vm_info: OpenJDK 64-Bit Server VM (17.0.4.1+1) for windows-amd64 JRE (17.0.4.1+1), built on Aug 17 2022 07:42:43 by "temurin" with MS VC++ 16.7 (VS2019)

END.
